

<!DOCTYPE html>
<html>
<head>
<meta charset="UTF-8">
<meta name="viewport" content="width=device-width, initial-scale=1, shrink-to-fit=no">
<title></title>
<link rel="apple-touch-icon" href="https://cdn.jsdelivr.net/gh/extent-framework/extent-github-cdn@b00a2d0486596e73dd7326beacf352c639623a0e/commons/img/logo.png">
<link rel="shortcut icon" href="https://cdn.jsdelivr.net/gh/extent-framework/extent-github-cdn@b00a2d0486596e73dd7326beacf352c639623a0e/commons/img/logo.png">
<link href="https://cdn.jsdelivr.net/gh/extent-framework/extent-github-cdn@d6562a79075e061305ccfdb82f01e5e195e2d307/spark/css/spark-style.css" rel="stylesheet" />
<link href="https://stackpath.bootstrapcdn.com/font-awesome/4.7.0/css/font-awesome.min.css" rel="stylesheet">
<script src="https://cdn.jsdelivr.net/gh/extent-framework/extent-github-cdn@7cc78ce/spark/js/jsontree.js"></script>
<style type="text/css"></style></head><body class="spa bdd-report standard">
  <div class="app">
    <div class="layout">
<div class="header navbar">
<div class="vheader">
<div class="nav-logo">
<a href="#">
<div class="logo" style="background-image: url('https://cdn.jsdelivr.net/gh/extent-framework/extent-github-cdn@b00a2d0486596e73dd7326beacf352c639623a0e/commons/img/logo.png')"></div>
</a>
</div>
<ul class="nav-left">
<li class="search-box">
<a class="search-toggle" href="#">
<i class="search-icon fa fa-search"></i>
<i class="search-icon-close fa fa-close"></i>
</a>
</li>
<li class="search-input"><input id="search-tests" class="form-control" type="text" placeholder="Search..."></li>
</ul>
<ul class="nav-right">
<li class="m-r-10">
<a href="#"><span class="badge badge-primary"></span></a>
</li>
<li class="m-r-10">
<a href="#"><span class="badge badge-primary">Sep 27, 2022 04:28:51 PM</span></a>
</li>
</ul>
</div>
</div><div class="side-nav">
<div class="side-nav-inner">
<ul class="side-nav-menu">
<li class="nav-item dropdown" onclick="toggleView('test-view')">
<a id="nav-test" class="dropdown-toggle" href="#">
<span class="ico"><i class="fa fa-list"></i></span>
</a>
</li>
<li class="nav-item dropdown" onclick="toggleView('exception-view')">
<a id="nav-exception" class="dropdown-toggle" href="#">
<span class="ico"><i class="fa fa-bug"></i></span>
</a>
</li>
<li class="nav-item dropdown" onclick="toggleView('category-view')">
<a id="nav-category" class="dropdown-toggle" href="#">
<span class="ico"><i class="fa fa-tag"></i></span>
</a>
</li>
<li class="nav-item dropdown" onclick="toggleView('dashboard-view')">
<a id="nav-dashboard" class="dropdown-toggle" href="#">
<span class="ico"><i class="fa fa-bar-chart"></i></span>
</a>
</li>
</ul>
</div>
</div>      <div class="vcontainer">
        <div class="main-content">
<div class="test-wrapper row view test-view">
  <div class="test-list">
    <div class="test-list-tools">
<ul class="tools pull-left">
<li><a href="#"><span class="font-size-14">Tests</span></a></li>
</ul>
<ul class="tools text-right">
<li class="dropdown">
<a href="#" class="dropdown-toggle" data-toggle="dropdown"><i class="fa fa-exclamation-circle"></i></a>
<ul id="status-toggle" class="dropdown-menu dropdown-md p-v-0">
<a class="dropdown-item" status="pass" href="#"><span>Pass</span><span class="status success"></span></a>
<a class="dropdown-item" status="fail" href="#"><span>Fail</span><span class="status danger"></span></a>
<div class="dropdown-divider"></div>
<a status="clear" class="dropdown-item" href="#"><span>Clear</span><span class="pull-right"><i class="fa fa-close"></i></span></a>
</ul>
</li>
<li class="dropdown">
<a href="#" class="dropdown-toggle" data-toggle="dropdown"><i class="fa fa-tag"></i></a>
<ul id="tag-toggle" class="dropdown-menu dropdown-md p-v-0">
<a class="dropdown-item" href="#">@driversetup</a>
</ul>
</li>
</ul>
</div>    <div class="test-list-wrapper scrollable">
      <ul class="test-list-item">
        <li class="test-item"  status="fail" test-id="1"
          author=""
          tag=""
          device="">
          <div class="test-detail">
            <p class="name">LMS Website Registration page</p>
            <p class="text-sm">
              <span>4:28:54 PM</span> / <span>00:02:07:888</span>
              <span class="badge fail-bg log float-right">Fail</span>
            </p>
          </div>
          <div class="test-contents d-none">
<div class="detail-head">
<div class="p-v-10">
<div class="info">
<h5 class="test-status text-fail">LMS Website Registration page</h5>
<span class='badge badge-success'>09.27.2022 4:28:54 PM</span>
<span class='badge badge-danger'>09.27.2022 4:31:02 PM</span>
<span class='badge badge-default'>00:02:07:888</span>
&middot; <span class='uri-anchor badge badge-default'>#test-id=1</span>
<span class='badge badge-default pointer float-right ml-1 et'><i class="fa fa-chevron-down"></i></span>
<span class='badge badge-default pointer float-right ct'><i class="fa fa-chevron-up"></i></span>
</div>
<div class="m-t-10 m-l-5"></div>
</div>
</div>
<div class="accordion mt-4">
  <div class="card">
    <div class="card-header" role="tab">
      <div class="card-title">
        <div class="node" id="2"><span class="badge log fail-bg mr-2">Fail</span>Validating the heading of Registration form</div>
      </div>
    </div>
        <div class="">
          <div class="card-body">
              <div class="step pass-bg" title="StepDefinition.SD_Registration_1.user_is_on_lms_website()">
                <span>Given User is on LMS website</span>
      <div>
      </div>
              </div>
              <div class="step pass-bg" title="StepDefinition.SD_Registration_1.user_lands_on_registration_page()">
                <span>When User lands on Registration page</span>
      <div>
      </div>
              </div>
              <div class="step fail-bg" title="StepDefinition.SD_Registration_1.user_sees_the_heading_on_the_form_as(java.lang.String)">
                <span>Then User sees the heading on the form as "Registration Form"</span>
      <div>
        <textarea disabled class="code-block">java.lang.AssertionError
	at org.junit.Assert.fail(Assert.java:87)
	at org.junit.Assert.fail(Assert.java:96)
	at StepDefinition.SD_Registration_1.user_sees_the_heading_on_the_form_as(SD_Registration_1.java:34)
	at ✽.User sees the heading on the form as "Registration Form"(file:///C:/Users/Sruja/git/LMS_Hackathon_Consolidated/src/test/resources/Features/1Registration_1.feature:7)
</textarea>
      
      </div>
              </div>
          </div>
        </div>
  </div>
  <div class="card">
    <div class="card-header" role="tab">
      <div class="card-title">
        <div class="node" id="7"><span class="badge log fail-bg mr-2">Fail</span>Validating Login Button visibility</div>
      </div>
    </div>
        <div class="">
          <div class="card-body">
              <div class="step pass-bg" title="StepDefinition.SD_Registration_1.user_is_on_the_Register_page()">
                <span>Given User is on the Register Page</span>
      <div>
      </div>
              </div>
              <div class="step pass-bg" title="StepDefinition.SD_Registration_1.user_selects_the_log_in_button()">
                <span>When User selects the Log in button</span>
      <div>
      </div>
              </div>
              <div class="step fail-bg" title="StepDefinition.SD_Registration_1.user_sees_a_button_with_text_on_the_form(java.lang.String)">
                <span>Then User sees a button with text "Log in" on the form</span>
      <div>
        <textarea disabled class="code-block">java.lang.AssertionError: expected:<false> but was:<true>
	at org.junit.Assert.fail(Assert.java:89)
	at org.junit.Assert.failNotEquals(Assert.java:835)
	at org.junit.Assert.assertEquals(Assert.java:120)
	at org.junit.Assert.assertEquals(Assert.java:146)
	at StepDefinition.SD_Registration_1.user_sees_a_button_with_text_on_the_form(SD_Registration_1.java:56)
	at ✽.User sees a button with text "Log in" on the form(file:///C:/Users/Sruja/git/LMS_Hackathon_Consolidated/src/test/resources/Features/1Registration_1.feature:12)
</textarea>
      
      </div>
              </div>
          </div>
        </div>
  </div>
  <div class="card">
    <div class="card-header" role="tab">
      <div class="card-title">
        <div class="node" id="11"><span class="badge log pass-bg mr-2">Pass</span>Validating the Login button functionality</div>
      </div>
    </div>
        <div class="collapse">
          <div class="card-body">
              <div class="step pass-bg" title="StepDefinition.SD_Registration_1.user_is_on_the_Register_page()">
                <span>Given User is on the Register Page</span>
      <div>
      </div>
              </div>
              <div class="step pass-bg" title="StepDefinition.SD_Registration_1.user_selects_the_log_in_button()">
                <span>When User selects the Log in button</span>
      <div>
      </div>
              </div>
              <div class="step pass-bg" title="StepDefinition.SD_Registration_1.user_lands_on_log_in_page()">
                <span>Then User lands on Log in page</span>
      <div>
      </div>
              </div>
          </div>
        </div>
  </div>
  <div class="card">
    <div class="card-header" role="tab">
      <div class="card-title">
        <div class="node" id="15"><span class="badge log fail-bg mr-2">Fail</span>Validating the Sign Up button visibility</div>
      </div>
    </div>
        <div class="">
          <div class="card-body">
              <div class="step pass-bg" title="StepDefinition.SD_Registration_1.user_is_on_lms_website()">
                <span>Given User is on LMS website</span>
      <div>
      </div>
              </div>
              <div class="step pass-bg" title="StepDefinition.SD_Registration_1.user_lands_on_registration_page()">
                <span>When User lands on Registration page</span>
      <div>
      </div>
              </div>
              <div class="step fail-bg" title="StepDefinition.SD_Registration_1.user_sees_a_button_with_text_on_the_form(java.lang.String)">
                <span>Then User sees a button with text "Sign Up" on the form</span>
      <div>
        <textarea disabled class="code-block">java.lang.AssertionError: expected:<false> but was:<true>
	at org.junit.Assert.fail(Assert.java:89)
	at org.junit.Assert.failNotEquals(Assert.java:835)
	at org.junit.Assert.assertEquals(Assert.java:120)
	at org.junit.Assert.assertEquals(Assert.java:146)
	at StepDefinition.SD_Registration_1.user_sees_a_button_with_text_on_the_form(SD_Registration_1.java:56)
	at ✽.User sees a button with text "Sign Up" on the form(file:///C:/Users/Sruja/git/LMS_Hackathon_Consolidated/src/test/resources/Features/1Registration_1.feature:22)
</textarea>
      
      </div>
              </div>
          </div>
        </div>
  </div>
</div>
          </div>
        </li>
        <li class="test-item"  status="fail" test-id="19"
          author=""
          tag=""
          device="">
          <div class="test-detail">
            <p class="name">Validating the text fields on the Registration page</p>
            <p class="text-sm">
              <span>4:31:02 PM</span> / <span>00:23:23:136</span>
              <span class="badge fail-bg log float-right">Fail</span>
            </p>
          </div>
          <div class="test-contents d-none">
<div class="detail-head">
<div class="p-v-10">
<div class="info">
<h5 class="test-status text-fail">Validating the text fields on the Registration page</h5>
<span class='badge badge-success'>09.27.2022 4:31:02 PM</span>
<span class='badge badge-danger'>09.27.2022 4:54:25 PM</span>
<span class='badge badge-default'>00:23:23:136</span>
&middot; <span class='uri-anchor badge badge-default'>#test-id=19</span>
<span class='badge badge-default pointer float-right ml-1 et'><i class="fa fa-chevron-down"></i></span>
<span class='badge badge-default pointer float-right ct'><i class="fa fa-chevron-up"></i></span>
</div>
<div class="m-t-10 m-l-5"></div>
</div>
</div>
<div class="accordion mt-4">
  <div class="card">
    <div class="card-header" role="tab">
      <div class="card-title">
        <div class="node" id="20"><span class="badge log fail-bg mr-2">Fail</span>Validating FirstName text field</div>
      </div>
    </div>
        <div class="">
          <div class="card-body">
              <div class="step pass-bg" title="StepDefinition.SD_Registration_2.user_is_on_the_registration_page()">
                <span>Given User is on the Registration Page</span>
      <div>
      </div>
              </div>
              <div class="step pass-bg" title="StepDefinition.SD_Registration_2.user_fills_the_first_name_in_alphabets_only()">
                <span>When User fills the First Name in Alphabets only</span>
      <div>
      </div>
              </div>
              <div class="step fail-bg" title="StepDefinition.SD_Registration_2.the_first_name_will_be_displayed()">
                <span>Then The First Name will be displayed</span>
      <div>
        <textarea disabled class="code-block">java.lang.AssertionError: expected [true] but found [false]
	at org.testng.Assert.fail(Assert.java:96)
	at org.testng.Assert.failNotEquals(Assert.java:776)
	at org.testng.Assert.assertEqualsImpl(Assert.java:137)
	at org.testng.Assert.assertEquals(Assert.java:118)
	at org.testng.Assert.assertEquals(Assert.java:568)
	at org.testng.Assert.assertEquals(Assert.java:578)
	at StepDefinition.SD_Registration_2.the_first_name_will_be_displayed(SD_Registration_2.java:29)
	at ✽.The First Name will be displayed(file:///C:/Users/Sruja/git/LMS_Hackathon_Consolidated/src/test/resources/Features/2Registration_2.feature:6)
</textarea>
      
      </div>
              </div>
          </div>
        </div>
  </div>
  <div class="card">
    <div class="card-header" role="tab">
      <div class="card-title">
        <div class="node" id="25"><span class="badge log fail-bg mr-2">Fail</span>Validating LastName text field</div>
      </div>
    </div>
        <div class="">
          <div class="card-body">
              <div class="step pass-bg" title="StepDefinition.SD_Registration_2.user_is_on_the_registration_page()">
                <span>Given User is on the Registration Page</span>
      <div>
      </div>
              </div>
              <div class="step pass-bg" title="StepDefinition.SD_Registration_2.user_fills_the_last_name_in_alphabets_only()">
                <span>When User fills the Last Name in Alphabets only</span>
      <div>
      </div>
              </div>
              <div class="step fail-bg" title="StepDefinition.SD_Registration_2.the_last_name_will_be_displayed()">
                <span>Then The last Name will be displayed</span>
      <div>
        <textarea disabled class="code-block">java.lang.AssertionError: expected [true] but found [false]
	at org.testng.Assert.fail(Assert.java:96)
	at org.testng.Assert.failNotEquals(Assert.java:776)
	at org.testng.Assert.assertEqualsImpl(Assert.java:137)
	at org.testng.Assert.assertEquals(Assert.java:118)
	at org.testng.Assert.assertEquals(Assert.java:568)
	at org.testng.Assert.assertEquals(Assert.java:578)
	at StepDefinition.SD_Registration_2.the_last_name_will_be_displayed(SD_Registration_2.java:45)
	at ✽.The last Name will be displayed(file:///C:/Users/Sruja/git/LMS_Hackathon_Consolidated/src/test/resources/Features/2Registration_2.feature:11)
</textarea>
      
      </div>
              </div>
          </div>
        </div>
  </div>
  <div class="card">
    <div class="card-header" role="tab">
      <div class="card-title">
        <div class="node" id="29"><span class="badge log fail-bg mr-2">Fail</span>Validating Address text field</div>
      </div>
    </div>
        <div class="">
          <div class="card-body">
              <div class="step pass-bg" title="StepDefinition.SD_Registration_2.user_is_on_the_registration_page()">
                <span>Given User is on the Registration Page</span>
      <div>
      </div>
              </div>
              <div class="step pass-bg" title="StepDefinition.SD_Registration_2.user_fills_the_address_field_using_alpha_numerics_and_or_symbols()">
                <span>When User fills the Address Field using Alpha Numerics and or Symbols</span>
      <div>
      </div>
              </div>
              <div class="step fail-bg" title="StepDefinition.SD_Registration_2.the_address_will_be_displayed()">
                <span>Then The Address will be displayed</span>
      <div>
        <textarea disabled class="code-block">java.lang.AssertionError: expected [true] but found [false]
	at org.testng.Assert.fail(Assert.java:96)
	at org.testng.Assert.failNotEquals(Assert.java:776)
	at org.testng.Assert.assertEqualsImpl(Assert.java:137)
	at org.testng.Assert.assertEquals(Assert.java:118)
	at org.testng.Assert.assertEquals(Assert.java:568)
	at org.testng.Assert.assertEquals(Assert.java:578)
	at StepDefinition.SD_Registration_2.the_address_will_be_displayed(SD_Registration_2.java:64)
	at ✽.The Address will be displayed(file:///C:/Users/Sruja/git/LMS_Hackathon_Consolidated/src/test/resources/Features/2Registration_2.feature:16)
</textarea>
      
      </div>
              </div>
          </div>
        </div>
  </div>
  <div class="card">
    <div class="card-header" role="tab">
      <div class="card-title">
        <div class="node" id="33"><span class="badge log fail-bg mr-2">Fail</span>Validating Street Name text field</div>
      </div>
    </div>
        <div class="">
          <div class="card-body">
              <div class="step pass-bg" title="StepDefinition.SD_Registration_2.user_is_on_the_registration_page()">
                <span>Given User is on the Registration Page</span>
      <div>
      </div>
              </div>
              <div class="step pass-bg" title="StepDefinition.SD_Registration_2.user_fills_the_street_name_field_using_alpha_numerics_and_or_symbols()">
                <span>When User fills the StreetName Field using Alpha Numerics and or Symbols</span>
      <div>
      </div>
              </div>
              <div class="step fail-bg" title="StepDefinition.SD_Registration_2.the_street_will_be_displayed()">
                <span>Then The Street will be displayed</span>
      <div>
        <textarea disabled class="code-block">java.lang.AssertionError: expected [true] but found [false]
	at org.testng.Assert.fail(Assert.java:96)
	at org.testng.Assert.failNotEquals(Assert.java:776)
	at org.testng.Assert.assertEqualsImpl(Assert.java:137)
	at org.testng.Assert.assertEquals(Assert.java:118)
	at org.testng.Assert.assertEquals(Assert.java:568)
	at org.testng.Assert.assertEquals(Assert.java:578)
	at StepDefinition.SD_Registration_2.the_street_will_be_displayed(SD_Registration_2.java:81)
	at ✽.The Street will be displayed(file:///C:/Users/Sruja/git/LMS_Hackathon_Consolidated/src/test/resources/Features/2Registration_2.feature:21)
</textarea>
      
      </div>
              </div>
          </div>
        </div>
  </div>
  <div class="card">
    <div class="card-header" role="tab">
      <div class="card-title">
        <div class="node" id="37"><span class="badge log fail-bg mr-2">Fail</span>Validating House Number text field</div>
      </div>
    </div>
        <div class="">
          <div class="card-body">
              <div class="step pass-bg" title="StepDefinition.SD_Registration_2.user_is_on_the_registration_page()">
                <span>Given User is on the Registration Page</span>
      <div>
      </div>
              </div>
              <div class="step pass-bg" title="StepDefinition.SD_Registration_2.user_fills_the_house_number_field_using_alpha_numerics_and_or_symbols()">
                <span>When User fills the HouseNumber Field using Alpha Numerics and or Symbols</span>
      <div>
      </div>
              </div>
              <div class="step fail-bg" title="StepDefinition.SD_Registration_2.the_house_number_will_be_displayed()">
                <span>Then The HouseNumber will be displayed</span>
      <div>
        <textarea disabled class="code-block">java.lang.AssertionError: expected [true] but found [false]
	at org.testng.Assert.fail(Assert.java:96)
	at org.testng.Assert.failNotEquals(Assert.java:776)
	at org.testng.Assert.assertEqualsImpl(Assert.java:137)
	at org.testng.Assert.assertEquals(Assert.java:118)
	at org.testng.Assert.assertEquals(Assert.java:568)
	at org.testng.Assert.assertEquals(Assert.java:578)
	at StepDefinition.SD_Registration_2.the_house_number_will_be_displayed(SD_Registration_2.java:97)
	at ✽.The HouseNumber will be displayed(file:///C:/Users/Sruja/git/LMS_Hackathon_Consolidated/src/test/resources/Features/2Registration_2.feature:26)
</textarea>
      
      </div>
              </div>
          </div>
        </div>
  </div>
  <div class="card">
    <div class="card-header" role="tab">
      <div class="card-title">
        <div class="node" id="41"><span class="badge log fail-bg mr-2">Fail</span>Validating City Name text field</div>
      </div>
    </div>
        <div class="">
          <div class="card-body">
              <div class="step pass-bg" title="StepDefinition.SD_Registration_2.user_is_on_the_registration_page()">
                <span>Given User is on the Registration Page</span>
      <div>
      </div>
              </div>
              <div class="step pass-bg" title="StepDefinition.SD_Registration_2.user_fills_the_city_name_in_alphabets_only()">
                <span>When User fills the City Name in Alphabets only</span>
      <div>
      </div>
              </div>
              <div class="step fail-bg" title="StepDefinition.SD_Registration_2.the_city_will_be_displayed()">
                <span>Then The city will be displayed</span>
      <div>
        <textarea disabled class="code-block">java.lang.AssertionError: expected [true] but found [false]
	at org.testng.Assert.fail(Assert.java:96)
	at org.testng.Assert.failNotEquals(Assert.java:776)
	at org.testng.Assert.assertEqualsImpl(Assert.java:137)
	at org.testng.Assert.assertEquals(Assert.java:118)
	at org.testng.Assert.assertEquals(Assert.java:568)
	at org.testng.Assert.assertEquals(Assert.java:578)
	at StepDefinition.SD_Registration_2.the_city_will_be_displayed(SD_Registration_2.java:113)
	at ✽.The city will be displayed(file:///C:/Users/Sruja/git/LMS_Hackathon_Consolidated/src/test/resources/Features/2Registration_2.feature:31)
</textarea>
      
      </div>
              </div>
          </div>
        </div>
  </div>
  <div class="card">
    <div class="card-header" role="tab">
      <div class="card-title">
        <div class="node" id="45"><span class="badge log fail-bg mr-2">Fail</span>Validating State dropdown field</div>
      </div>
    </div>
        <div class="">
          <div class="card-body">
              <div class="step pass-bg" title="StepDefinition.SD_Registration_2.user_is_on_the_registration_page()">
                <span>Given User is on the Registration Page</span>
      <div>
      </div>
              </div>
              <div class="step pass-bg" title="StepDefinition.SD_Registration_2.user_selects_the_respective_state_name_from_the_drop_box()">
                <span>When User selects the respective State Name from the DropBox</span>
      <div>
      </div>
              </div>
              <div class="step fail-bg" title="StepDefinition.SD_Registration_2.the_state_will_be_displayed()">
                <span>Then The State will be displayed</span>
      <div>
        <textarea disabled class="code-block">java.lang.AssertionError: expected [true] but found [false]
	at org.testng.Assert.fail(Assert.java:96)
	at org.testng.Assert.failNotEquals(Assert.java:776)
	at org.testng.Assert.assertEqualsImpl(Assert.java:137)
	at org.testng.Assert.assertEquals(Assert.java:118)
	at org.testng.Assert.assertEquals(Assert.java:568)
	at org.testng.Assert.assertEquals(Assert.java:578)
	at StepDefinition.SD_Registration_2.the_state_will_be_displayed(SD_Registration_2.java:129)
	at ✽.The State will be displayed(file:///C:/Users/Sruja/git/LMS_Hackathon_Consolidated/src/test/resources/Features/2Registration_2.feature:36)
</textarea>
      
      </div>
              </div>
          </div>
        </div>
  </div>
  <div class="card">
    <div class="card-header" role="tab">
      <div class="card-title">
        <div class="node" id="49"><span class="badge log fail-bg mr-2">Fail</span>Validating Zip text field</div>
      </div>
    </div>
        <div class="">
          <div class="card-body">
              <div class="step pass-bg" title="StepDefinition.SD_Registration_2.user_is_on_the_registration_page()">
                <span>Given User is on the Registration Page</span>
      <div>
      </div>
              </div>
              <div class="step fail-bg" title="StepDefinition.SD_Registration_2.user_fills_the_digit_zip_code_using_numbers_only(java.lang.String)">
                <span>When User fills the 5 digit Zip code using Numbers only</span>
      <div>
        <textarea disabled class="code-block">io.cucumber.core.exception.CucumberException: Could not invoke step [User fills the {int} digit Zip code using Numbers only] defined at 'StepDefinition.SD_Registration_2.user_fills_the_digit_zip_code_using_numbers_only(java.lang.String)'.
It appears there was a problem with the step definition.
The converted arguments types were (java.lang.Integer)
	at io.cucumber.core.runner.PickleStepDefinitionMatch.couldNotInvokeStep(PickleStepDefinitionMatch.java:130)
	at io.cucumber.core.runner.PickleStepDefinitionMatch.runStep(PickleStepDefinitionMatch.java:65)
	at io.cucumber.core.runner.ExecutionMode$1.execute(ExecutionMode.java:10)
	at io.cucumber.core.runner.TestStep.executeStep(TestStep.java:85)
	at io.cucumber.core.runner.TestStep.run(TestStep.java:57)
	at io.cucumber.core.runner.PickleStepTestStep.run(PickleStepTestStep.java:51)
	at io.cucumber.core.runner.TestCase.run(TestCase.java:84)
	at io.cucumber.core.runner.Runner.runPickle(Runner.java:75)
	at io.cucumber.junit.PickleRunners$NoStepDescriptions.lambda$run$0(PickleRunners.java:151)
	at io.cucumber.core.runtime.CucumberExecutionContext.lambda$runTestCase$5(CucumberExecutionContext.java:129)
	at io.cucumber.core.runtime.RethrowingThrowableCollector.executeAndThrow(RethrowingThrowableCollector.java:23)
	at io.cucumber.core.runtime.CucumberExecutionContext.runTestCase(CucumberExecutionContext.java:129)
	at io.cucumber.junit.PickleRunners$NoStepDescriptions.run(PickleRunners.java:148)
	at io.cucumber.junit.FeatureRunner.runChild(FeatureRunner.java:144)
	at io.cucumber.junit.FeatureRunner.runChild(FeatureRunner.java:28)
	at org.junit.runners.ParentRunner$4.run(ParentRunner.java:331)
	at org.junit.runners.ParentRunner$1.schedule(ParentRunner.java:79)
	at org.junit.runners.ParentRunner.runChildren(ParentRunner.java:329)
	at org.junit.runners.ParentRunner.access$100(ParentRunner.java:66)
	at org.junit.runners.ParentRunner$2.evaluate(ParentRunner.java:293)
	at org.junit.runners.ParentRunner$3.evaluate(ParentRunner.java:306)
	at org.junit.runners.ParentRunner.run(ParentRunner.java:413)
	at io.cucumber.junit.FeatureRunner.run(FeatureRunner.java:137)
	at io.cucumber.junit.Cucumber.runChild(Cucumber.java:196)
	at io.cucumber.junit.Cucumber.runChild(Cucumber.java:89)
	at org.junit.runners.ParentRunner$4.run(ParentRunner.java:331)
	at org.junit.runners.ParentRunner$1.schedule(ParentRunner.java:79)
	at org.junit.runners.ParentRunner.runChildren(ParentRunner.java:329)
	at org.junit.runners.ParentRunner.access$100(ParentRunner.java:66)
	at org.junit.runners.ParentRunner$2.evaluate(ParentRunner.java:293)
	at io.cucumber.junit.Cucumber$RunBeforeAllHooks.evaluate(Cucumber.java:266)
	at io.cucumber.junit.Cucumber$RunAfterAllHooks.evaluate(Cucumber.java:281)
	at io.cucumber.junit.Cucumber$StartTestRun.evaluate(Cucumber.java:233)
	at io.cucumber.junit.Cucumber$FinishTestRun.evaluate(Cucumber.java:248)
	at org.junit.runners.ParentRunner$3.evaluate(ParentRunner.java:306)
	at org.junit.runners.ParentRunner.run(ParentRunner.java:413)
	at org.eclipse.jdt.internal.junit4.runner.JUnit4TestReference.run(JUnit4TestReference.java:93)
	at org.eclipse.jdt.internal.junit.runner.TestExecution.run(TestExecution.java:40)
	at org.eclipse.jdt.internal.junit.runner.RemoteTestRunner.runTests(RemoteTestRunner.java:529)
	at org.eclipse.jdt.internal.junit.runner.RemoteTestRunner.runTests(RemoteTestRunner.java:756)
	at org.eclipse.jdt.internal.junit.runner.RemoteTestRunner.run(RemoteTestRunner.java:452)
	at org.eclipse.jdt.internal.junit.runner.RemoteTestRunner.main(RemoteTestRunner.java:210)
Caused by: io.cucumber.core.backend.CucumberBackendException: Failed to invoke public void StepDefinition.SD_Registration_2.user_fills_the_digit_zip_code_using_numbers_only(java.lang.String)
	at io.cucumber.java.Invoker.doInvoke(Invoker.java:68)
	at io.cucumber.java.Invoker.invoke(Invoker.java:24)
	at io.cucumber.java.AbstractGlueDefinition.invokeMethod(AbstractGlueDefinition.java:47)
	at io.cucumber.java.JavaStepDefinition.execute(JavaStepDefinition.java:29)
	at io.cucumber.core.runner.CoreStepDefinition.execute(CoreStepDefinition.java:66)
	at io.cucumber.core.runner.PickleStepDefinitionMatch.runStep(PickleStepDefinitionMatch.java:63)
	... 40 more
Caused by: java.lang.IllegalArgumentException: argument type mismatch
	at java.base/jdk.internal.reflect.NativeMethodAccessorImpl.invoke0(Native Method)
	at java.base/jdk.internal.reflect.NativeMethodAccessorImpl.invoke(NativeMethodAccessorImpl.java:77)
	at java.base/jdk.internal.reflect.DelegatingMethodAccessorImpl.invoke(DelegatingMethodAccessorImpl.java:43)
	at java.base/java.lang.reflect.Method.invoke(Method.java:568)
	at io.cucumber.java.Invoker.doInvoke(Invoker.java:66)
	... 45 more
</textarea>
      
      </div>
              </div>
              <div class="step skip-bg" title="StepDefinition.SD_Registration_2.the_zip_will_be_displayed()">
                <span>Then The Zip will be displayed</span>
      <div>Step skipped
      </div>
              </div>
          </div>
        </div>
  </div>
  <div class="card">
    <div class="card-header" role="tab">
      <div class="card-title">
        <div class="node" id="53"><span class="badge log fail-bg mr-2">Fail</span>Validating BirthDate dropdown field</div>
      </div>
    </div>
        <div class="">
          <div class="card-body">
              <div class="step pass-bg" title="StepDefinition.SD_Registration_2.user_is_on_the_registration_page()">
                <span>Given User is on the Registration Page</span>
      <div>
      </div>
              </div>
              <div class="step pass-bg" title="StepDefinition.SD_Registration_2.user_selects_date_od_birth_from_calender()">
                <span>When User selects date od birth from calender</span>
      <div>
      </div>
              </div>
              <div class="step fail-bg" title="StepDefinition.SD_Registration_2.the_dateof_birth_will_be_displayed()">
                <span>Then The DateofBirth will be displayed</span>
      <div>
        <textarea disabled class="code-block">java.lang.AssertionError: expected [true] but found [false]
	at org.testng.Assert.fail(Assert.java:96)
	at org.testng.Assert.failNotEquals(Assert.java:776)
	at org.testng.Assert.assertEqualsImpl(Assert.java:137)
	at org.testng.Assert.assertEquals(Assert.java:118)
	at org.testng.Assert.assertEquals(Assert.java:568)
	at org.testng.Assert.assertEquals(Assert.java:578)
	at StepDefinition.SD_Registration_2.the_dateof_birth_will_be_displayed(SD_Registration_2.java:161)
	at ✽.The DateofBirth will be displayed(file:///C:/Users/Sruja/git/LMS_Hackathon_Consolidated/src/test/resources/Features/2Registration_2.feature:46)
</textarea>
      
      </div>
              </div>
          </div>
        </div>
  </div>
  <div class="card">
    <div class="card-header" role="tab">
      <div class="card-title">
        <div class="node" id="57"><span class="badge log fail-bg mr-2">Fail</span>Validating Phone number text field</div>
      </div>
    </div>
        <div class="">
          <div class="card-body">
              <div class="step pass-bg" title="StepDefinition.SD_Registration_2.user_is_on_the_registration_page()">
                <span>Given User is on the Registration Page</span>
      <div>
      </div>
              </div>
              <div class="step fail-bg" title="StepDefinition.SD_Registration_2.user_fills_the_valid_digit_mobile_number_in_numerics(java.lang.CharSequence[])">
                <span>When User fills the valid 10 digit Mobile number in Numerics</span>
      <div>
        <textarea disabled class="code-block">io.cucumber.core.exception.CucumberException: Could not invoke step [User fills the valid {int} digit Mobile number in Numerics] defined at 'StepDefinition.SD_Registration_2.user_fills_the_valid_digit_mobile_number_in_numerics(java.lang.CharSequence[])'.
It appears there was a problem with the step definition.
The converted arguments types were (java.lang.Integer)
	at io.cucumber.core.runner.PickleStepDefinitionMatch.couldNotInvokeStep(PickleStepDefinitionMatch.java:130)
	at io.cucumber.core.runner.PickleStepDefinitionMatch.runStep(PickleStepDefinitionMatch.java:65)
	at io.cucumber.core.runner.ExecutionMode$1.execute(ExecutionMode.java:10)
	at io.cucumber.core.runner.TestStep.executeStep(TestStep.java:85)
	at io.cucumber.core.runner.TestStep.run(TestStep.java:57)
	at io.cucumber.core.runner.PickleStepTestStep.run(PickleStepTestStep.java:51)
	at io.cucumber.core.runner.TestCase.run(TestCase.java:84)
	at io.cucumber.core.runner.Runner.runPickle(Runner.java:75)
	at io.cucumber.junit.PickleRunners$NoStepDescriptions.lambda$run$0(PickleRunners.java:151)
	at io.cucumber.core.runtime.CucumberExecutionContext.lambda$runTestCase$5(CucumberExecutionContext.java:129)
	at io.cucumber.core.runtime.RethrowingThrowableCollector.executeAndThrow(RethrowingThrowableCollector.java:23)
	at io.cucumber.core.runtime.CucumberExecutionContext.runTestCase(CucumberExecutionContext.java:129)
	at io.cucumber.junit.PickleRunners$NoStepDescriptions.run(PickleRunners.java:148)
	at io.cucumber.junit.FeatureRunner.runChild(FeatureRunner.java:144)
	at io.cucumber.junit.FeatureRunner.runChild(FeatureRunner.java:28)
	at org.junit.runners.ParentRunner$4.run(ParentRunner.java:331)
	at org.junit.runners.ParentRunner$1.schedule(ParentRunner.java:79)
	at org.junit.runners.ParentRunner.runChildren(ParentRunner.java:329)
	at org.junit.runners.ParentRunner.access$100(ParentRunner.java:66)
	at org.junit.runners.ParentRunner$2.evaluate(ParentRunner.java:293)
	at org.junit.runners.ParentRunner$3.evaluate(ParentRunner.java:306)
	at org.junit.runners.ParentRunner.run(ParentRunner.java:413)
	at io.cucumber.junit.FeatureRunner.run(FeatureRunner.java:137)
	at io.cucumber.junit.Cucumber.runChild(Cucumber.java:196)
	at io.cucumber.junit.Cucumber.runChild(Cucumber.java:89)
	at org.junit.runners.ParentRunner$4.run(ParentRunner.java:331)
	at org.junit.runners.ParentRunner$1.schedule(ParentRunner.java:79)
	at org.junit.runners.ParentRunner.runChildren(ParentRunner.java:329)
	at org.junit.runners.ParentRunner.access$100(ParentRunner.java:66)
	at org.junit.runners.ParentRunner$2.evaluate(ParentRunner.java:293)
	at io.cucumber.junit.Cucumber$RunBeforeAllHooks.evaluate(Cucumber.java:266)
	at io.cucumber.junit.Cucumber$RunAfterAllHooks.evaluate(Cucumber.java:281)
	at io.cucumber.junit.Cucumber$StartTestRun.evaluate(Cucumber.java:233)
	at io.cucumber.junit.Cucumber$FinishTestRun.evaluate(Cucumber.java:248)
	at org.junit.runners.ParentRunner$3.evaluate(ParentRunner.java:306)
	at org.junit.runners.ParentRunner.run(ParentRunner.java:413)
	at org.eclipse.jdt.internal.junit4.runner.JUnit4TestReference.run(JUnit4TestReference.java:93)
	at org.eclipse.jdt.internal.junit.runner.TestExecution.run(TestExecution.java:40)
	at org.eclipse.jdt.internal.junit.runner.RemoteTestRunner.runTests(RemoteTestRunner.java:529)
	at org.eclipse.jdt.internal.junit.runner.RemoteTestRunner.runTests(RemoteTestRunner.java:756)
	at org.eclipse.jdt.internal.junit.runner.RemoteTestRunner.run(RemoteTestRunner.java:452)
	at org.eclipse.jdt.internal.junit.runner.RemoteTestRunner.main(RemoteTestRunner.java:210)
Caused by: io.cucumber.core.backend.CucumberBackendException: Failed to invoke public void StepDefinition.SD_Registration_2.user_fills_the_valid_digit_mobile_number_in_numerics(java.lang.CharSequence[])
	at io.cucumber.java.Invoker.doInvoke(Invoker.java:68)
	at io.cucumber.java.Invoker.invoke(Invoker.java:24)
	at io.cucumber.java.AbstractGlueDefinition.invokeMethod(AbstractGlueDefinition.java:47)
	at io.cucumber.java.JavaStepDefinition.execute(JavaStepDefinition.java:29)
	at io.cucumber.core.runner.CoreStepDefinition.execute(CoreStepDefinition.java:66)
	at io.cucumber.core.runner.PickleStepDefinitionMatch.runStep(PickleStepDefinitionMatch.java:63)
	... 40 more
Caused by: java.lang.IllegalArgumentException: argument type mismatch
	at java.base/jdk.internal.reflect.NativeMethodAccessorImpl.invoke0(Native Method)
	at java.base/jdk.internal.reflect.NativeMethodAccessorImpl.invoke(NativeMethodAccessorImpl.java:77)
	at java.base/jdk.internal.reflect.DelegatingMethodAccessorImpl.invoke(DelegatingMethodAccessorImpl.java:43)
	at java.base/java.lang.reflect.Method.invoke(Method.java:568)
	at io.cucumber.java.Invoker.doInvoke(Invoker.java:66)
	... 45 more
</textarea>
      
      </div>
              </div>
              <div class="step skip-bg" title="StepDefinition.SD_Registration_2.the_phone_number_will_be_displayed()">
                <span>Then The Phone number will be displayed</span>
      <div>Step skipped
      </div>
              </div>
          </div>
        </div>
  </div>
  <div class="card">
    <div class="card-header" role="tab">
      <div class="card-title">
        <div class="node" id="61"><span class="badge log fail-bg mr-2">Fail</span>Validating UserName text field</div>
      </div>
    </div>
        <div class="">
          <div class="card-body">
              <div class="step pass-bg" title="StepDefinition.SD_Registration_2.user_is_on_the_registration_page()">
                <span>Given User is on the Registration Page</span>
      <div>
      </div>
              </div>
              <div class="step pass-bg" title="StepDefinition.SD_Registration_2.user_fills_the_valid_unique_user_name()">
                <span>When User fills the valid unique UserName</span>
      <div>
      </div>
              </div>
              <div class="step fail-bg" title="StepDefinition.SD_Registration_2.the_user_name_will_be_displayed()">
                <span>Then The User name  will be displayed</span>
      <div>
        <textarea disabled class="code-block">java.lang.AssertionError: expected [true] but found [false]
	at org.testng.Assert.fail(Assert.java:96)
	at org.testng.Assert.failNotEquals(Assert.java:776)
	at org.testng.Assert.assertEqualsImpl(Assert.java:137)
	at org.testng.Assert.assertEquals(Assert.java:118)
	at org.testng.Assert.assertEquals(Assert.java:568)
	at org.testng.Assert.assertEquals(Assert.java:578)
	at StepDefinition.SD_Registration_2.the_user_name_will_be_displayed(SD_Registration_2.java:193)
	at ✽.The User name  will be displayed(file:///C:/Users/Sruja/git/LMS_Hackathon_Consolidated/src/test/resources/Features/2Registration_2.feature:56)
</textarea>
      
      </div>
              </div>
          </div>
        </div>
  </div>
  <div class="card">
    <div class="card-header" role="tab">
      <div class="card-title">
        <div class="node" id="65"><span class="badge log fail-bg mr-2">Fail</span>Validating password text field</div>
      </div>
    </div>
        <div class="">
          <div class="card-body">
              <div class="step pass-bg" title="StepDefinition.SD_Registration_2.user_is_on_the_registration_page()">
                <span>Given User is on the Registration Page</span>
      <div>
      </div>
              </div>
              <div class="step pass-bg" title="StepDefinition.SD_Registration_2.user_fills_the_valid_password_with_upper_case_numeric_and_special_charecter_and_charecters(java.lang.Integer,java.lang.Integer,java.lang.Integer,java.lang.Integer)">
                <span>When User fills the valid Password with 1 Upper case, 1 Numeric and 1 special charecter and 8 charecters</span>
      <div>
      </div>
              </div>
              <div class="step fail-bg" title="StepDefinition.SD_Registration_2.the_password_will_be_displayed()">
                <span>Then The password will be displayed</span>
      <div>
        <textarea disabled class="code-block">java.lang.AssertionError: expected [true] but found [false]
	at org.testng.Assert.fail(Assert.java:96)
	at org.testng.Assert.failNotEquals(Assert.java:776)
	at org.testng.Assert.assertEqualsImpl(Assert.java:137)
	at org.testng.Assert.assertEquals(Assert.java:118)
	at org.testng.Assert.assertEquals(Assert.java:568)
	at org.testng.Assert.assertEquals(Assert.java:578)
	at StepDefinition.SD_Registration_2.the_password_will_be_displayed(SD_Registration_2.java:210)
	at ✽.The password will be displayed(file:///C:/Users/Sruja/git/LMS_Hackathon_Consolidated/src/test/resources/Features/2Registration_2.feature:61)
</textarea>
      
      </div>
              </div>
          </div>
        </div>
  </div>
  <div class="card">
    <div class="card-header" role="tab">
      <div class="card-title">
        <div class="node" id="69"><span class="badge log fail-bg mr-2">Fail</span>Validating Registration Page text field with multiple values</div>
      </div>
    </div>
        <div class="scenario_outline ">
            <div class="card-body l1">
              <div class="card-header">
                <div class="card-title outline-child">
                  <div class="node" id="70"><span class="badge log pass-bg mr-2">Pass</span>Validating Registration Page text field with multiple values</div>
                </div>
              </div>
              <div class="card-body mt-3 collapse">
                  <div class="step pass-bg">
                    <span>Given User is on the Registration Page</span>
      <div>
      </div>
                  </div>
                  <div class="step pass-bg">
                    <span>When User enter FirstName "", LastName "" , Address "" , StreetName "" , City "" , State "" , Zip "" , BithDate "" , PhoneNumber "" , UserName "" , Password "" , Email ""</span>
      <div>
      </div>
                  </div>
                  <div class="step pass-bg">
                    <span>Then User Successfully SignUp</span>
      <div>
      </div>
                  </div>
              </div>
            </div>
            <div class="card-body l1">
              <div class="card-header">
                <div class="card-title outline-child">
                  <div class="node" id="74"><span class="badge log pass-bg mr-2">Pass</span>Validating Registration Page text field with multiple values</div>
                </div>
              </div>
              <div class="card-body mt-3 collapse">
                  <div class="step pass-bg">
                    <span>Given User is on the Registration Page</span>
      <div>
      </div>
                  </div>
                  <div class="step pass-bg">
                    <span>When User enter FirstName "123_Invalid", LastName "Valid" , Address "Valid" , StreetName "Valid" , City "Valid" , State "Valid" , Zip "Valid" , BithDate "Valid" , PhoneNumber "Valid" , UserName "Valid" , Password "Valid" , Email "Valid"</span>
      <div>
      </div>
                  </div>
                  <div class="step pass-bg">
                    <span>Then User Successfully SignUp</span>
      <div>
      </div>
                  </div>
              </div>
            </div>
            <div class="card-body l1">
              <div class="card-header">
                <div class="card-title outline-child">
                  <div class="node" id="78"><span class="badge log pass-bg mr-2">Pass</span>Validating Registration Page text field with multiple values</div>
                </div>
              </div>
              <div class="card-body mt-3 collapse">
                  <div class="step pass-bg">
                    <span>Given User is on the Registration Page</span>
      <div>
      </div>
                  </div>
                  <div class="step pass-bg">
                    <span>When User enter FirstName "Valid", LastName "123_Invalid" , Address "Valid" , StreetName "Valid" , City "Valid" , State "Valid" , Zip "Valid" , BithDate "Valid" , PhoneNumber "Valid" , UserName "Valid" , Password "Valid" , Email "Valid"</span>
      <div>
      </div>
                  </div>
                  <div class="step pass-bg">
                    <span>Then User Successfully SignUp</span>
      <div>
      </div>
                  </div>
              </div>
            </div>
            <div class="card-body l1">
              <div class="card-header">
                <div class="card-title outline-child">
                  <div class="node" id="82"><span class="badge log pass-bg mr-2">Pass</span>Validating Registration Page text field with multiple values</div>
                </div>
              </div>
              <div class="card-body mt-3 collapse">
                  <div class="step pass-bg">
                    <span>Given User is on the Registration Page</span>
      <div>
      </div>
                  </div>
                  <div class="step pass-bg">
                    <span>When User enter FirstName "Valid", LastName "Valid" , Address "123_Invalid" , StreetName "Valid" , City "Valid" , State "Valid" , Zip "Valid" , BithDate "Valid" , PhoneNumber "Valid" , UserName "Valid" , Password "Valid" , Email "Valid"</span>
      <div>
      </div>
                  </div>
                  <div class="step pass-bg">
                    <span>Then User Successfully SignUp</span>
      <div>
      </div>
                  </div>
              </div>
            </div>
            <div class="card-body l1">
              <div class="card-header">
                <div class="card-title outline-child">
                  <div class="node" id="86"><span class="badge log fail-bg mr-2">Fail</span>Validating Registration Page text field with multiple values</div>
                </div>
              </div>
              <div class="card-body mt-3 ">
                  <div class="step pass-bg">
                    <span>Given User is on the Registration Page</span>
      <div>
      </div>
                  </div>
                  <div class="step fail-bg">
                    <span>When User enter FirstName "Valid", LastName "Valid" , Address "Valid" , StreetName "123_Invalid" , City "Valid" , State "Valid" , Zip "Valid" , BithDate "Valid" , PhoneNumber "Valid" , UserName "Valid" , Password "Valid" , Email "Valid"</span>
      <div>
        <textarea disabled class="code-block">org.openqa.selenium.NoSuchWindowException: no such window: target window already closed
from unknown error: web view not found
  (Session info: chrome=105.0.5195.127)
Build info: version: '4.1.2', revision: '9a5a329c5a'
System info: host: 'LAPTOP-F797US9I', ip: '192.168.1.16', os.name: 'Windows 11', os.arch: 'amd64', os.version: '10.0', java.version: '17.0.4'
Driver info: org.openqa.selenium.chrome.ChromeDriver
Command: [3253c17ff191bf51799c1b63ea849005, findElement {using=xpath, value=LastName}]
Capabilities {acceptInsecureCerts: false, browserName: chrome, browserVersion: 105.0.5195.127, chrome: {chromedriverVersion: 105.0.5195.52 (412c95e51883..., userDataDir: C:\Users\Sruja\AppData\Loca...}, goog:chromeOptions: {debuggerAddress: localhost:61698}, javascriptEnabled: true, networkConnectionEnabled: false, pageLoadStrategy: normal, platform: WINDOWS, platformName: WINDOWS, proxy: Proxy(), se:cdp: ws://localhost:61698/devtoo..., se:cdpVersion: 105.0.5195.127, setWindowRect: true, strictFileInteractability: false, timeouts: {implicit: 0, pageLoad: 300000, script: 30000}, unhandledPromptBehavior: dismiss and notify, webauthn:extension:credBlob: true, webauthn:extension:largeBlob: true, webauthn:virtualAuthenticators: true}
Session ID: 3253c17ff191bf51799c1b63ea849005
	at java.base/jdk.internal.reflect.NativeConstructorAccessorImpl.newInstance0(Native Method)
	at java.base/jdk.internal.reflect.NativeConstructorAccessorImpl.newInstance(NativeConstructorAccessorImpl.java:77)
	at java.base/jdk.internal.reflect.DelegatingConstructorAccessorImpl.newInstance(DelegatingConstructorAccessorImpl.java:45)
	at java.base/java.lang.reflect.Constructor.newInstanceWithCaller(Constructor.java:499)
	at java.base/java.lang.reflect.Constructor.newInstance(Constructor.java:480)
	at org.openqa.selenium.remote.codec.w3c.W3CHttpResponseCodec.createException(W3CHttpResponseCodec.java:200)
	at org.openqa.selenium.remote.codec.w3c.W3CHttpResponseCodec.decode(W3CHttpResponseCodec.java:133)
	at org.openqa.selenium.remote.codec.w3c.W3CHttpResponseCodec.decode(W3CHttpResponseCodec.java:53)
	at org.openqa.selenium.remote.HttpCommandExecutor.execute(HttpCommandExecutor.java:184)
	at org.openqa.selenium.remote.service.DriverCommandExecutor.invokeExecute(DriverCommandExecutor.java:167)
	at org.openqa.selenium.remote.service.DriverCommandExecutor.execute(DriverCommandExecutor.java:142)
	at org.openqa.selenium.remote.RemoteWebDriver.execute(RemoteWebDriver.java:558)
	at org.openqa.selenium.remote.ElementLocation$ElementFinder$2.findElement(ElementLocation.java:162)
	at org.openqa.selenium.remote.ElementLocation.findElement(ElementLocation.java:60)
	at org.openqa.selenium.remote.RemoteWebDriver.findElement(RemoteWebDriver.java:382)
	at org.openqa.selenium.remote.RemoteWebDriver.findElement(RemoteWebDriver.java:374)
	at org.openqa.selenium.support.pagefactory.DefaultElementLocator.findElement(DefaultElementLocator.java:70)
	at org.openqa.selenium.support.pagefactory.internal.LocatingElementHandler.invoke(LocatingElementHandler.java:39)
	at jdk.proxy2/jdk.proxy2.$Proxy36.clear(Unknown Source)
	at PageObjects.Registration_PageObject.setLastName(Registration_PageObject.java:273)
	at StepDefinition.SD_Registration_2.user_enter_first_name_last_name_address_street_name_city_state_no_data_zip_bith_date_phone_number_user_name_password_email(SD_Registration_2.java:224)
	at ✽.User enter FirstName "Valid", LastName "Valid" , Address "Valid" , StreetName "123_Invalid" , City "Valid" , State "Valid" , Zip "Valid" , BithDate "Valid" , PhoneNumber "Valid" , UserName "Valid" , Password "Valid" , Email "Valid"(file:///C:/Users/Sruja/git/LMS_Hackathon_Consolidated/src/test/resources/Features/2Registration_2.feature:65)
</textarea>
      
      </div>
                  </div>
                  <div class="step skip-bg">
                    <span>Then User Successfully SignUp</span>
      <div>Step skipped
      </div>
                  </div>
              </div>
            </div>
            <div class="card-body l1">
              <div class="card-header">
                <div class="card-title outline-child">
                  <div class="node" id="90"><span class="badge log fail-bg mr-2">Fail</span>Validating Registration Page text field with multiple values</div>
                </div>
              </div>
              <div class="card-body mt-3 ">
                  <div class="step pass-bg">
                    <span>Given User is on the Registration Page</span>
      <div>
      </div>
                  </div>
                  <div class="step fail-bg">
                    <span>When User enter FirstName "Valid", LastName "Valid" , Address "Valid" , StreetName "Valid" , City "123_Invalid" , State "Valid" , Zip "Valid" , BithDate "Valid" , PhoneNumber "Valid" , UserName "Valid" , Password "Valid" , Email "Valid"</span>
      <div>
        <textarea disabled class="code-block">org.openqa.selenium.NoSuchWindowException: no such window: target window already closed
from unknown error: web view not found
  (Session info: chrome=105.0.5195.127)
Build info: version: '4.1.2', revision: '9a5a329c5a'
System info: host: 'LAPTOP-F797US9I', ip: '192.168.1.16', os.name: 'Windows 11', os.arch: 'amd64', os.version: '10.0', java.version: '17.0.4'
Driver info: org.openqa.selenium.chrome.ChromeDriver
Command: [3253c17ff191bf51799c1b63ea849005, findElement {using=xpath, value=FirstName}]
Capabilities {acceptInsecureCerts: false, browserName: chrome, browserVersion: 105.0.5195.127, chrome: {chromedriverVersion: 105.0.5195.52 (412c95e51883..., userDataDir: C:\Users\Sruja\AppData\Loca...}, goog:chromeOptions: {debuggerAddress: localhost:61698}, javascriptEnabled: true, networkConnectionEnabled: false, pageLoadStrategy: normal, platform: WINDOWS, platformName: WINDOWS, proxy: Proxy(), se:cdp: ws://localhost:61698/devtoo..., se:cdpVersion: 105.0.5195.127, setWindowRect: true, strictFileInteractability: false, timeouts: {implicit: 0, pageLoad: 300000, script: 30000}, unhandledPromptBehavior: dismiss and notify, webauthn:extension:credBlob: true, webauthn:extension:largeBlob: true, webauthn:virtualAuthenticators: true}
Session ID: 3253c17ff191bf51799c1b63ea849005
	at java.base/jdk.internal.reflect.NativeConstructorAccessorImpl.newInstance0(Native Method)
	at java.base/jdk.internal.reflect.NativeConstructorAccessorImpl.newInstance(NativeConstructorAccessorImpl.java:77)
	at java.base/jdk.internal.reflect.DelegatingConstructorAccessorImpl.newInstance(DelegatingConstructorAccessorImpl.java:45)
	at java.base/java.lang.reflect.Constructor.newInstanceWithCaller(Constructor.java:499)
	at java.base/java.lang.reflect.Constructor.newInstance(Constructor.java:480)
	at org.openqa.selenium.remote.codec.w3c.W3CHttpResponseCodec.createException(W3CHttpResponseCodec.java:200)
	at org.openqa.selenium.remote.codec.w3c.W3CHttpResponseCodec.decode(W3CHttpResponseCodec.java:133)
	at org.openqa.selenium.remote.codec.w3c.W3CHttpResponseCodec.decode(W3CHttpResponseCodec.java:53)
	at org.openqa.selenium.remote.HttpCommandExecutor.execute(HttpCommandExecutor.java:184)
	at org.openqa.selenium.remote.service.DriverCommandExecutor.invokeExecute(DriverCommandExecutor.java:167)
	at org.openqa.selenium.remote.service.DriverCommandExecutor.execute(DriverCommandExecutor.java:142)
	at org.openqa.selenium.remote.RemoteWebDriver.execute(RemoteWebDriver.java:558)
	at org.openqa.selenium.remote.ElementLocation$ElementFinder$2.findElement(ElementLocation.java:162)
	at org.openqa.selenium.remote.ElementLocation.findElement(ElementLocation.java:60)
	at org.openqa.selenium.remote.RemoteWebDriver.findElement(RemoteWebDriver.java:382)
	at org.openqa.selenium.remote.RemoteWebDriver.findElement(RemoteWebDriver.java:374)
	at org.openqa.selenium.support.pagefactory.DefaultElementLocator.findElement(DefaultElementLocator.java:70)
	at org.openqa.selenium.support.pagefactory.internal.LocatingElementHandler.invoke(LocatingElementHandler.java:39)
	at jdk.proxy2/jdk.proxy2.$Proxy36.clear(Unknown Source)
	at PageObjects.Registration_PageObject.setFirstName(Registration_PageObject.java:261)
	at StepDefinition.SD_Registration_2.user_enter_first_name_last_name_address_street_name_city_state_no_data_zip_bith_date_phone_number_user_name_password_email(SD_Registration_2.java:223)
	at ✽.User enter FirstName "Valid", LastName "Valid" , Address "Valid" , StreetName "Valid" , City "123_Invalid" , State "Valid" , Zip "Valid" , BithDate "Valid" , PhoneNumber "Valid" , UserName "Valid" , Password "Valid" , Email "Valid"(file:///C:/Users/Sruja/git/LMS_Hackathon_Consolidated/src/test/resources/Features/2Registration_2.feature:65)
</textarea>
      
      </div>
                  </div>
                  <div class="step skip-bg">
                    <span>Then User Successfully SignUp</span>
      <div>Step skipped
      </div>
                  </div>
              </div>
            </div>
            <div class="card-body l1">
              <div class="card-header">
                <div class="card-title outline-child">
                  <div class="node" id="94"><span class="badge log fail-bg mr-2">Fail</span>Validating Registration Page text field with multiple values</div>
                </div>
              </div>
              <div class="card-body mt-3 ">
                  <div class="step pass-bg">
                    <span>Given User is on the Registration Page</span>
      <div>
      </div>
                  </div>
                  <div class="step fail-bg">
                    <span>When User enter FirstName "Valid", LastName "Valid" , Address "Valid" , StreetName "Valid" , City "Valid" , State "123_Invalid" , Zip "Valid" , BithDate "Valid" , PhoneNumber "Valid" , UserName "Valid" , Password "Valid" , Email "Valid"</span>
      <div>
        <textarea disabled class="code-block">org.openqa.selenium.NoSuchWindowException: no such window: target window already closed
from unknown error: web view not found
  (Session info: chrome=105.0.5195.127)
Build info: version: '4.1.2', revision: '9a5a329c5a'
System info: host: 'LAPTOP-F797US9I', ip: '192.168.1.16', os.name: 'Windows 11', os.arch: 'amd64', os.version: '10.0', java.version: '17.0.4'
Driver info: org.openqa.selenium.chrome.ChromeDriver
Command: [3253c17ff191bf51799c1b63ea849005, findElement {using=xpath, value=FirstName}]
Capabilities {acceptInsecureCerts: false, browserName: chrome, browserVersion: 105.0.5195.127, chrome: {chromedriverVersion: 105.0.5195.52 (412c95e51883..., userDataDir: C:\Users\Sruja\AppData\Loca...}, goog:chromeOptions: {debuggerAddress: localhost:61698}, javascriptEnabled: true, networkConnectionEnabled: false, pageLoadStrategy: normal, platform: WINDOWS, platformName: WINDOWS, proxy: Proxy(), se:cdp: ws://localhost:61698/devtoo..., se:cdpVersion: 105.0.5195.127, setWindowRect: true, strictFileInteractability: false, timeouts: {implicit: 0, pageLoad: 300000, script: 30000}, unhandledPromptBehavior: dismiss and notify, webauthn:extension:credBlob: true, webauthn:extension:largeBlob: true, webauthn:virtualAuthenticators: true}
Session ID: 3253c17ff191bf51799c1b63ea849005
	at java.base/jdk.internal.reflect.NativeConstructorAccessorImpl.newInstance0(Native Method)
	at java.base/jdk.internal.reflect.NativeConstructorAccessorImpl.newInstance(NativeConstructorAccessorImpl.java:77)
	at java.base/jdk.internal.reflect.DelegatingConstructorAccessorImpl.newInstance(DelegatingConstructorAccessorImpl.java:45)
	at java.base/java.lang.reflect.Constructor.newInstanceWithCaller(Constructor.java:499)
	at java.base/java.lang.reflect.Constructor.newInstance(Constructor.java:480)
	at org.openqa.selenium.remote.codec.w3c.W3CHttpResponseCodec.createException(W3CHttpResponseCodec.java:200)
	at org.openqa.selenium.remote.codec.w3c.W3CHttpResponseCodec.decode(W3CHttpResponseCodec.java:133)
	at org.openqa.selenium.remote.codec.w3c.W3CHttpResponseCodec.decode(W3CHttpResponseCodec.java:53)
	at org.openqa.selenium.remote.HttpCommandExecutor.execute(HttpCommandExecutor.java:184)
	at org.openqa.selenium.remote.service.DriverCommandExecutor.invokeExecute(DriverCommandExecutor.java:167)
	at org.openqa.selenium.remote.service.DriverCommandExecutor.execute(DriverCommandExecutor.java:142)
	at org.openqa.selenium.remote.RemoteWebDriver.execute(RemoteWebDriver.java:558)
	at org.openqa.selenium.remote.ElementLocation$ElementFinder$2.findElement(ElementLocation.java:162)
	at org.openqa.selenium.remote.ElementLocation.findElement(ElementLocation.java:60)
	at org.openqa.selenium.remote.RemoteWebDriver.findElement(RemoteWebDriver.java:382)
	at org.openqa.selenium.remote.RemoteWebDriver.findElement(RemoteWebDriver.java:374)
	at org.openqa.selenium.support.pagefactory.DefaultElementLocator.findElement(DefaultElementLocator.java:70)
	at org.openqa.selenium.support.pagefactory.internal.LocatingElementHandler.invoke(LocatingElementHandler.java:39)
	at jdk.proxy2/jdk.proxy2.$Proxy36.clear(Unknown Source)
	at PageObjects.Registration_PageObject.setFirstName(Registration_PageObject.java:261)
	at StepDefinition.SD_Registration_2.user_enter_first_name_last_name_address_street_name_city_state_no_data_zip_bith_date_phone_number_user_name_password_email(SD_Registration_2.java:223)
	at ✽.User enter FirstName "Valid", LastName "Valid" , Address "Valid" , StreetName "Valid" , City "Valid" , State "123_Invalid" , Zip "Valid" , BithDate "Valid" , PhoneNumber "Valid" , UserName "Valid" , Password "Valid" , Email "Valid"(file:///C:/Users/Sruja/git/LMS_Hackathon_Consolidated/src/test/resources/Features/2Registration_2.feature:65)
</textarea>
      
      </div>
                  </div>
                  <div class="step skip-bg">
                    <span>Then User Successfully SignUp</span>
      <div>Step skipped
      </div>
                  </div>
              </div>
            </div>
            <div class="card-body l1">
              <div class="card-header">
                <div class="card-title outline-child">
                  <div class="node" id="98"><span class="badge log fail-bg mr-2">Fail</span>Validating Registration Page text field with multiple values</div>
                </div>
              </div>
              <div class="card-body mt-3 ">
                  <div class="step pass-bg">
                    <span>Given User is on the Registration Page</span>
      <div>
      </div>
                  </div>
                  <div class="step fail-bg">
                    <span>When User enter FirstName "Valid", LastName "Valid" , Address "Valid" , StreetName "Valid" , City "Valid" , State "Valid" , Zip "123_Invalid" , BithDate "Valid" , PhoneNumber "Valid" , UserName "Valid" , Password "Valid" , Email "Valid"</span>
      <div>
        <textarea disabled class="code-block">org.openqa.selenium.NoSuchWindowException: no such window: target window already closed
from unknown error: web view not found
  (Session info: chrome=105.0.5195.127)
Build info: version: '4.1.2', revision: '9a5a329c5a'
System info: host: 'LAPTOP-F797US9I', ip: '192.168.1.16', os.name: 'Windows 11', os.arch: 'amd64', os.version: '10.0', java.version: '17.0.4'
Driver info: org.openqa.selenium.chrome.ChromeDriver
Command: [3253c17ff191bf51799c1b63ea849005, findElement {using=xpath, value=FirstName}]
Capabilities {acceptInsecureCerts: false, browserName: chrome, browserVersion: 105.0.5195.127, chrome: {chromedriverVersion: 105.0.5195.52 (412c95e51883..., userDataDir: C:\Users\Sruja\AppData\Loca...}, goog:chromeOptions: {debuggerAddress: localhost:61698}, javascriptEnabled: true, networkConnectionEnabled: false, pageLoadStrategy: normal, platform: WINDOWS, platformName: WINDOWS, proxy: Proxy(), se:cdp: ws://localhost:61698/devtoo..., se:cdpVersion: 105.0.5195.127, setWindowRect: true, strictFileInteractability: false, timeouts: {implicit: 0, pageLoad: 300000, script: 30000}, unhandledPromptBehavior: dismiss and notify, webauthn:extension:credBlob: true, webauthn:extension:largeBlob: true, webauthn:virtualAuthenticators: true}
Session ID: 3253c17ff191bf51799c1b63ea849005
	at java.base/jdk.internal.reflect.NativeConstructorAccessorImpl.newInstance0(Native Method)
	at java.base/jdk.internal.reflect.NativeConstructorAccessorImpl.newInstance(NativeConstructorAccessorImpl.java:77)
	at java.base/jdk.internal.reflect.DelegatingConstructorAccessorImpl.newInstance(DelegatingConstructorAccessorImpl.java:45)
	at java.base/java.lang.reflect.Constructor.newInstanceWithCaller(Constructor.java:499)
	at java.base/java.lang.reflect.Constructor.newInstance(Constructor.java:480)
	at org.openqa.selenium.remote.codec.w3c.W3CHttpResponseCodec.createException(W3CHttpResponseCodec.java:200)
	at org.openqa.selenium.remote.codec.w3c.W3CHttpResponseCodec.decode(W3CHttpResponseCodec.java:133)
	at org.openqa.selenium.remote.codec.w3c.W3CHttpResponseCodec.decode(W3CHttpResponseCodec.java:53)
	at org.openqa.selenium.remote.HttpCommandExecutor.execute(HttpCommandExecutor.java:184)
	at org.openqa.selenium.remote.service.DriverCommandExecutor.invokeExecute(DriverCommandExecutor.java:167)
	at org.openqa.selenium.remote.service.DriverCommandExecutor.execute(DriverCommandExecutor.java:142)
	at org.openqa.selenium.remote.RemoteWebDriver.execute(RemoteWebDriver.java:558)
	at org.openqa.selenium.remote.ElementLocation$ElementFinder$2.findElement(ElementLocation.java:162)
	at org.openqa.selenium.remote.ElementLocation.findElement(ElementLocation.java:60)
	at org.openqa.selenium.remote.RemoteWebDriver.findElement(RemoteWebDriver.java:382)
	at org.openqa.selenium.remote.RemoteWebDriver.findElement(RemoteWebDriver.java:374)
	at org.openqa.selenium.support.pagefactory.DefaultElementLocator.findElement(DefaultElementLocator.java:70)
	at org.openqa.selenium.support.pagefactory.internal.LocatingElementHandler.invoke(LocatingElementHandler.java:39)
	at jdk.proxy2/jdk.proxy2.$Proxy36.clear(Unknown Source)
	at PageObjects.Registration_PageObject.setFirstName(Registration_PageObject.java:261)
	at StepDefinition.SD_Registration_2.user_enter_first_name_last_name_address_street_name_city_state_no_data_zip_bith_date_phone_number_user_name_password_email(SD_Registration_2.java:223)
	at ✽.User enter FirstName "Valid", LastName "Valid" , Address "Valid" , StreetName "Valid" , City "Valid" , State "Valid" , Zip "123_Invalid" , BithDate "Valid" , PhoneNumber "Valid" , UserName "Valid" , Password "Valid" , Email "Valid"(file:///C:/Users/Sruja/git/LMS_Hackathon_Consolidated/src/test/resources/Features/2Registration_2.feature:65)
</textarea>
      
      </div>
                  </div>
                  <div class="step skip-bg">
                    <span>Then User Successfully SignUp</span>
      <div>Step skipped
      </div>
                  </div>
              </div>
            </div>
            <div class="card-body l1">
              <div class="card-header">
                <div class="card-title outline-child">
                  <div class="node" id="102"><span class="badge log fail-bg mr-2">Fail</span>Validating Registration Page text field with multiple values</div>
                </div>
              </div>
              <div class="card-body mt-3 ">
                  <div class="step pass-bg">
                    <span>Given User is on the Registration Page</span>
      <div>
      </div>
                  </div>
                  <div class="step fail-bg">
                    <span>When User enter FirstName "Valid", LastName "Valid" , Address "Valid" , StreetName "Valid" , City "Valid" , State "Valid" , Zip "Valid" , BithDate "123_Invalid" , PhoneNumber "Valid" , UserName "Valid" , Password "Valid" , Email "Valid"</span>
      <div>
        <textarea disabled class="code-block">org.openqa.selenium.NoSuchWindowException: no such window: target window already closed
from unknown error: web view not found
  (Session info: chrome=105.0.5195.127)
Build info: version: '4.1.2', revision: '9a5a329c5a'
System info: host: 'LAPTOP-F797US9I', ip: '192.168.1.16', os.name: 'Windows 11', os.arch: 'amd64', os.version: '10.0', java.version: '17.0.4'
Driver info: org.openqa.selenium.chrome.ChromeDriver
Command: [3253c17ff191bf51799c1b63ea849005, findElement {using=xpath, value=FirstName}]
Capabilities {acceptInsecureCerts: false, browserName: chrome, browserVersion: 105.0.5195.127, chrome: {chromedriverVersion: 105.0.5195.52 (412c95e51883..., userDataDir: C:\Users\Sruja\AppData\Loca...}, goog:chromeOptions: {debuggerAddress: localhost:61698}, javascriptEnabled: true, networkConnectionEnabled: false, pageLoadStrategy: normal, platform: WINDOWS, platformName: WINDOWS, proxy: Proxy(), se:cdp: ws://localhost:61698/devtoo..., se:cdpVersion: 105.0.5195.127, setWindowRect: true, strictFileInteractability: false, timeouts: {implicit: 0, pageLoad: 300000, script: 30000}, unhandledPromptBehavior: dismiss and notify, webauthn:extension:credBlob: true, webauthn:extension:largeBlob: true, webauthn:virtualAuthenticators: true}
Session ID: 3253c17ff191bf51799c1b63ea849005
	at java.base/jdk.internal.reflect.NativeConstructorAccessorImpl.newInstance0(Native Method)
	at java.base/jdk.internal.reflect.NativeConstructorAccessorImpl.newInstance(NativeConstructorAccessorImpl.java:77)
	at java.base/jdk.internal.reflect.DelegatingConstructorAccessorImpl.newInstance(DelegatingConstructorAccessorImpl.java:45)
	at java.base/java.lang.reflect.Constructor.newInstanceWithCaller(Constructor.java:499)
	at java.base/java.lang.reflect.Constructor.newInstance(Constructor.java:480)
	at org.openqa.selenium.remote.codec.w3c.W3CHttpResponseCodec.createException(W3CHttpResponseCodec.java:200)
	at org.openqa.selenium.remote.codec.w3c.W3CHttpResponseCodec.decode(W3CHttpResponseCodec.java:133)
	at org.openqa.selenium.remote.codec.w3c.W3CHttpResponseCodec.decode(W3CHttpResponseCodec.java:53)
	at org.openqa.selenium.remote.HttpCommandExecutor.execute(HttpCommandExecutor.java:184)
	at org.openqa.selenium.remote.service.DriverCommandExecutor.invokeExecute(DriverCommandExecutor.java:167)
	at org.openqa.selenium.remote.service.DriverCommandExecutor.execute(DriverCommandExecutor.java:142)
	at org.openqa.selenium.remote.RemoteWebDriver.execute(RemoteWebDriver.java:558)
	at org.openqa.selenium.remote.ElementLocation$ElementFinder$2.findElement(ElementLocation.java:162)
	at org.openqa.selenium.remote.ElementLocation.findElement(ElementLocation.java:60)
	at org.openqa.selenium.remote.RemoteWebDriver.findElement(RemoteWebDriver.java:382)
	at org.openqa.selenium.remote.RemoteWebDriver.findElement(RemoteWebDriver.java:374)
	at org.openqa.selenium.support.pagefactory.DefaultElementLocator.findElement(DefaultElementLocator.java:70)
	at org.openqa.selenium.support.pagefactory.internal.LocatingElementHandler.invoke(LocatingElementHandler.java:39)
	at jdk.proxy2/jdk.proxy2.$Proxy36.clear(Unknown Source)
	at PageObjects.Registration_PageObject.setFirstName(Registration_PageObject.java:261)
	at StepDefinition.SD_Registration_2.user_enter_first_name_last_name_address_street_name_city_state_no_data_zip_bith_date_phone_number_user_name_password_email(SD_Registration_2.java:223)
	at ✽.User enter FirstName "Valid", LastName "Valid" , Address "Valid" , StreetName "Valid" , City "Valid" , State "Valid" , Zip "Valid" , BithDate "123_Invalid" , PhoneNumber "Valid" , UserName "Valid" , Password "Valid" , Email "Valid"(file:///C:/Users/Sruja/git/LMS_Hackathon_Consolidated/src/test/resources/Features/2Registration_2.feature:65)
</textarea>
      
      </div>
                  </div>
                  <div class="step skip-bg">
                    <span>Then User Successfully SignUp</span>
      <div>Step skipped
      </div>
                  </div>
              </div>
            </div>
            <div class="card-body l1">
              <div class="card-header">
                <div class="card-title outline-child">
                  <div class="node" id="106"><span class="badge log fail-bg mr-2">Fail</span>Validating Registration Page text field with multiple values</div>
                </div>
              </div>
              <div class="card-body mt-3 ">
                  <div class="step pass-bg">
                    <span>Given User is on the Registration Page</span>
      <div>
      </div>
                  </div>
                  <div class="step fail-bg">
                    <span>When User enter FirstName "Valid", LastName "Valid" , Address "Valid" , StreetName "Valid" , City "Valid" , State "Valid" , Zip "Valid" , BithDate "Valid" , PhoneNumber "123_Invalid" , UserName "Valid" , Password "Valid" , Email "Valid"</span>
      <div>
        <textarea disabled class="code-block">org.openqa.selenium.NoSuchWindowException: no such window: target window already closed
from unknown error: web view not found
  (Session info: chrome=105.0.5195.127)
Build info: version: '4.1.2', revision: '9a5a329c5a'
System info: host: 'LAPTOP-F797US9I', ip: '192.168.1.16', os.name: 'Windows 11', os.arch: 'amd64', os.version: '10.0', java.version: '17.0.4'
Driver info: org.openqa.selenium.chrome.ChromeDriver
Command: [3253c17ff191bf51799c1b63ea849005, findElement {using=xpath, value=FirstName}]
Capabilities {acceptInsecureCerts: false, browserName: chrome, browserVersion: 105.0.5195.127, chrome: {chromedriverVersion: 105.0.5195.52 (412c95e51883..., userDataDir: C:\Users\Sruja\AppData\Loca...}, goog:chromeOptions: {debuggerAddress: localhost:61698}, javascriptEnabled: true, networkConnectionEnabled: false, pageLoadStrategy: normal, platform: WINDOWS, platformName: WINDOWS, proxy: Proxy(), se:cdp: ws://localhost:61698/devtoo..., se:cdpVersion: 105.0.5195.127, setWindowRect: true, strictFileInteractability: false, timeouts: {implicit: 0, pageLoad: 300000, script: 30000}, unhandledPromptBehavior: dismiss and notify, webauthn:extension:credBlob: true, webauthn:extension:largeBlob: true, webauthn:virtualAuthenticators: true}
Session ID: 3253c17ff191bf51799c1b63ea849005
	at java.base/jdk.internal.reflect.NativeConstructorAccessorImpl.newInstance0(Native Method)
	at java.base/jdk.internal.reflect.NativeConstructorAccessorImpl.newInstance(NativeConstructorAccessorImpl.java:77)
	at java.base/jdk.internal.reflect.DelegatingConstructorAccessorImpl.newInstance(DelegatingConstructorAccessorImpl.java:45)
	at java.base/java.lang.reflect.Constructor.newInstanceWithCaller(Constructor.java:499)
	at java.base/java.lang.reflect.Constructor.newInstance(Constructor.java:480)
	at org.openqa.selenium.remote.codec.w3c.W3CHttpResponseCodec.createException(W3CHttpResponseCodec.java:200)
	at org.openqa.selenium.remote.codec.w3c.W3CHttpResponseCodec.decode(W3CHttpResponseCodec.java:133)
	at org.openqa.selenium.remote.codec.w3c.W3CHttpResponseCodec.decode(W3CHttpResponseCodec.java:53)
	at org.openqa.selenium.remote.HttpCommandExecutor.execute(HttpCommandExecutor.java:184)
	at org.openqa.selenium.remote.service.DriverCommandExecutor.invokeExecute(DriverCommandExecutor.java:167)
	at org.openqa.selenium.remote.service.DriverCommandExecutor.execute(DriverCommandExecutor.java:142)
	at org.openqa.selenium.remote.RemoteWebDriver.execute(RemoteWebDriver.java:558)
	at org.openqa.selenium.remote.ElementLocation$ElementFinder$2.findElement(ElementLocation.java:162)
	at org.openqa.selenium.remote.ElementLocation.findElement(ElementLocation.java:60)
	at org.openqa.selenium.remote.RemoteWebDriver.findElement(RemoteWebDriver.java:382)
	at org.openqa.selenium.remote.RemoteWebDriver.findElement(RemoteWebDriver.java:374)
	at org.openqa.selenium.support.pagefactory.DefaultElementLocator.findElement(DefaultElementLocator.java:70)
	at org.openqa.selenium.support.pagefactory.internal.LocatingElementHandler.invoke(LocatingElementHandler.java:39)
	at jdk.proxy2/jdk.proxy2.$Proxy36.clear(Unknown Source)
	at PageObjects.Registration_PageObject.setFirstName(Registration_PageObject.java:261)
	at StepDefinition.SD_Registration_2.user_enter_first_name_last_name_address_street_name_city_state_no_data_zip_bith_date_phone_number_user_name_password_email(SD_Registration_2.java:223)
	at ✽.User enter FirstName "Valid", LastName "Valid" , Address "Valid" , StreetName "Valid" , City "Valid" , State "Valid" , Zip "Valid" , BithDate "Valid" , PhoneNumber "123_Invalid" , UserName "Valid" , Password "Valid" , Email "Valid"(file:///C:/Users/Sruja/git/LMS_Hackathon_Consolidated/src/test/resources/Features/2Registration_2.feature:65)
</textarea>
      
      </div>
                  </div>
                  <div class="step skip-bg">
                    <span>Then User Successfully SignUp</span>
      <div>Step skipped
      </div>
                  </div>
              </div>
            </div>
            <div class="card-body l1">
              <div class="card-header">
                <div class="card-title outline-child">
                  <div class="node" id="110"><span class="badge log fail-bg mr-2">Fail</span>Validating Registration Page text field with multiple values</div>
                </div>
              </div>
              <div class="card-body mt-3 ">
                  <div class="step pass-bg">
                    <span>Given User is on the Registration Page</span>
      <div>
      </div>
                  </div>
                  <div class="step fail-bg">
                    <span>When User enter FirstName "Valid", LastName "Valid" , Address "valid" , StreetName "Valid" , City "Valid" , State "Valid" , Zip "Valid" , BithDate "Valid" , PhoneNumber "Valid" , UserName "" , Password "Valid" , Email "Valid"</span>
      <div>
        <textarea disabled class="code-block">org.openqa.selenium.NoSuchWindowException: no such window: target window already closed
from unknown error: web view not found
  (Session info: chrome=105.0.5195.127)
Build info: version: '4.1.2', revision: '9a5a329c5a'
System info: host: 'LAPTOP-F797US9I', ip: '192.168.1.16', os.name: 'Windows 11', os.arch: 'amd64', os.version: '10.0', java.version: '17.0.4'
Driver info: org.openqa.selenium.chrome.ChromeDriver
Command: [3253c17ff191bf51799c1b63ea849005, findElement {using=xpath, value=FirstName}]
Capabilities {acceptInsecureCerts: false, browserName: chrome, browserVersion: 105.0.5195.127, chrome: {chromedriverVersion: 105.0.5195.52 (412c95e51883..., userDataDir: C:\Users\Sruja\AppData\Loca...}, goog:chromeOptions: {debuggerAddress: localhost:61698}, javascriptEnabled: true, networkConnectionEnabled: false, pageLoadStrategy: normal, platform: WINDOWS, platformName: WINDOWS, proxy: Proxy(), se:cdp: ws://localhost:61698/devtoo..., se:cdpVersion: 105.0.5195.127, setWindowRect: true, strictFileInteractability: false, timeouts: {implicit: 0, pageLoad: 300000, script: 30000}, unhandledPromptBehavior: dismiss and notify, webauthn:extension:credBlob: true, webauthn:extension:largeBlob: true, webauthn:virtualAuthenticators: true}
Session ID: 3253c17ff191bf51799c1b63ea849005
	at java.base/jdk.internal.reflect.NativeConstructorAccessorImpl.newInstance0(Native Method)
	at java.base/jdk.internal.reflect.NativeConstructorAccessorImpl.newInstance(NativeConstructorAccessorImpl.java:77)
	at java.base/jdk.internal.reflect.DelegatingConstructorAccessorImpl.newInstance(DelegatingConstructorAccessorImpl.java:45)
	at java.base/java.lang.reflect.Constructor.newInstanceWithCaller(Constructor.java:499)
	at java.base/java.lang.reflect.Constructor.newInstance(Constructor.java:480)
	at org.openqa.selenium.remote.codec.w3c.W3CHttpResponseCodec.createException(W3CHttpResponseCodec.java:200)
	at org.openqa.selenium.remote.codec.w3c.W3CHttpResponseCodec.decode(W3CHttpResponseCodec.java:133)
	at org.openqa.selenium.remote.codec.w3c.W3CHttpResponseCodec.decode(W3CHttpResponseCodec.java:53)
	at org.openqa.selenium.remote.HttpCommandExecutor.execute(HttpCommandExecutor.java:184)
	at org.openqa.selenium.remote.service.DriverCommandExecutor.invokeExecute(DriverCommandExecutor.java:167)
	at org.openqa.selenium.remote.service.DriverCommandExecutor.execute(DriverCommandExecutor.java:142)
	at org.openqa.selenium.remote.RemoteWebDriver.execute(RemoteWebDriver.java:558)
	at org.openqa.selenium.remote.ElementLocation$ElementFinder$2.findElement(ElementLocation.java:162)
	at org.openqa.selenium.remote.ElementLocation.findElement(ElementLocation.java:60)
	at org.openqa.selenium.remote.RemoteWebDriver.findElement(RemoteWebDriver.java:382)
	at org.openqa.selenium.remote.RemoteWebDriver.findElement(RemoteWebDriver.java:374)
	at org.openqa.selenium.support.pagefactory.DefaultElementLocator.findElement(DefaultElementLocator.java:70)
	at org.openqa.selenium.support.pagefactory.internal.LocatingElementHandler.invoke(LocatingElementHandler.java:39)
	at jdk.proxy2/jdk.proxy2.$Proxy36.clear(Unknown Source)
	at PageObjects.Registration_PageObject.setFirstName(Registration_PageObject.java:261)
	at StepDefinition.SD_Registration_2.user_enter_first_name_last_name_address_street_name_city_state_no_data_zip_bith_date_phone_number_user_name_password_email(SD_Registration_2.java:223)
	at ✽.User enter FirstName "Valid", LastName "Valid" , Address "valid" , StreetName "Valid" , City "Valid" , State "Valid" , Zip "Valid" , BithDate "Valid" , PhoneNumber "Valid" , UserName "" , Password "Valid" , Email "Valid"(file:///C:/Users/Sruja/git/LMS_Hackathon_Consolidated/src/test/resources/Features/2Registration_2.feature:65)
</textarea>
      
      </div>
                  </div>
                  <div class="step skip-bg">
                    <span>Then User Successfully SignUp</span>
      <div>Step skipped
      </div>
                  </div>
              </div>
            </div>
            <div class="card-body l1">
              <div class="card-header">
                <div class="card-title outline-child">
                  <div class="node" id="114"><span class="badge log fail-bg mr-2">Fail</span>Validating Registration Page text field with multiple values</div>
                </div>
              </div>
              <div class="card-body mt-3 ">
                  <div class="step pass-bg">
                    <span>Given User is on the Registration Page</span>
      <div>
      </div>
                  </div>
                  <div class="step fail-bg">
                    <span>When User enter FirstName "Chaman", LastName "Sharma" , Address "1234" , StreetName "CLoud" , City "Wichita" , State "Kansas" , Zip "45634" , BithDate "12-09-2019" , PhoneNumber "1231232344" , UserName "shweta" , Password "123_Invalid" , Email "s@s.com"</span>
      <div>
        <textarea disabled class="code-block">org.openqa.selenium.NoSuchWindowException: no such window: target window already closed
from unknown error: web view not found
  (Session info: chrome=105.0.5195.127)
Build info: version: '4.1.2', revision: '9a5a329c5a'
System info: host: 'LAPTOP-F797US9I', ip: '192.168.1.16', os.name: 'Windows 11', os.arch: 'amd64', os.version: '10.0', java.version: '17.0.4'
Driver info: org.openqa.selenium.chrome.ChromeDriver
Command: [3253c17ff191bf51799c1b63ea849005, findElement {using=xpath, value=FirstName}]
Capabilities {acceptInsecureCerts: false, browserName: chrome, browserVersion: 105.0.5195.127, chrome: {chromedriverVersion: 105.0.5195.52 (412c95e51883..., userDataDir: C:\Users\Sruja\AppData\Loca...}, goog:chromeOptions: {debuggerAddress: localhost:61698}, javascriptEnabled: true, networkConnectionEnabled: false, pageLoadStrategy: normal, platform: WINDOWS, platformName: WINDOWS, proxy: Proxy(), se:cdp: ws://localhost:61698/devtoo..., se:cdpVersion: 105.0.5195.127, setWindowRect: true, strictFileInteractability: false, timeouts: {implicit: 0, pageLoad: 300000, script: 30000}, unhandledPromptBehavior: dismiss and notify, webauthn:extension:credBlob: true, webauthn:extension:largeBlob: true, webauthn:virtualAuthenticators: true}
Session ID: 3253c17ff191bf51799c1b63ea849005
	at java.base/jdk.internal.reflect.NativeConstructorAccessorImpl.newInstance0(Native Method)
	at java.base/jdk.internal.reflect.NativeConstructorAccessorImpl.newInstance(NativeConstructorAccessorImpl.java:77)
	at java.base/jdk.internal.reflect.DelegatingConstructorAccessorImpl.newInstance(DelegatingConstructorAccessorImpl.java:45)
	at java.base/java.lang.reflect.Constructor.newInstanceWithCaller(Constructor.java:499)
	at java.base/java.lang.reflect.Constructor.newInstance(Constructor.java:480)
	at org.openqa.selenium.remote.codec.w3c.W3CHttpResponseCodec.createException(W3CHttpResponseCodec.java:200)
	at org.openqa.selenium.remote.codec.w3c.W3CHttpResponseCodec.decode(W3CHttpResponseCodec.java:133)
	at org.openqa.selenium.remote.codec.w3c.W3CHttpResponseCodec.decode(W3CHttpResponseCodec.java:53)
	at org.openqa.selenium.remote.HttpCommandExecutor.execute(HttpCommandExecutor.java:184)
	at org.openqa.selenium.remote.service.DriverCommandExecutor.invokeExecute(DriverCommandExecutor.java:167)
	at org.openqa.selenium.remote.service.DriverCommandExecutor.execute(DriverCommandExecutor.java:142)
	at org.openqa.selenium.remote.RemoteWebDriver.execute(RemoteWebDriver.java:558)
	at org.openqa.selenium.remote.ElementLocation$ElementFinder$2.findElement(ElementLocation.java:162)
	at org.openqa.selenium.remote.ElementLocation.findElement(ElementLocation.java:60)
	at org.openqa.selenium.remote.RemoteWebDriver.findElement(RemoteWebDriver.java:382)
	at org.openqa.selenium.remote.RemoteWebDriver.findElement(RemoteWebDriver.java:374)
	at org.openqa.selenium.support.pagefactory.DefaultElementLocator.findElement(DefaultElementLocator.java:70)
	at org.openqa.selenium.support.pagefactory.internal.LocatingElementHandler.invoke(LocatingElementHandler.java:39)
	at jdk.proxy2/jdk.proxy2.$Proxy36.clear(Unknown Source)
	at PageObjects.Registration_PageObject.setFirstName(Registration_PageObject.java:261)
	at StepDefinition.SD_Registration_2.user_enter_first_name_last_name_address_street_name_city_state_no_data_zip_bith_date_phone_number_user_name_password_email(SD_Registration_2.java:223)
	at ✽.User enter FirstName "Chaman", LastName "Sharma" , Address "1234" , StreetName "CLoud" , City "Wichita" , State "Kansas" , Zip "45634" , BithDate "12-09-2019" , PhoneNumber "1231232344" , UserName "shweta" , Password "123_Invalid" , Email "s@s.com"(file:///C:/Users/Sruja/git/LMS_Hackathon_Consolidated/src/test/resources/Features/2Registration_2.feature:65)
</textarea>
      
      </div>
                  </div>
                  <div class="step skip-bg">
                    <span>Then User Successfully SignUp</span>
      <div>Step skipped
      </div>
                  </div>
              </div>
            </div>
        </div>
  </div>
</div>
          </div>
        </li>
        <li class="test-item"  status="fail" test-id="118"
          author=""
          tag=""
          device="">
          <div class="test-detail">
            <p class="name">Login Page</p>
            <p class="text-sm">
              <span>4:54:26 PM</span> / <span>00:01:21:715</span>
              <span class="badge fail-bg log float-right">Fail</span>
            </p>
          </div>
          <div class="test-contents d-none">
<div class="detail-head">
<div class="p-v-10">
<div class="info">
<h5 class="test-status text-fail">Login Page</h5>
<span class='badge badge-success'>09.27.2022 4:54:26 PM</span>
<span class='badge badge-danger'>09.27.2022 4:55:47 PM</span>
<span class='badge badge-default'>00:01:21:715</span>
&middot; <span class='uri-anchor badge badge-default'>#test-id=118</span>
<span class='badge badge-default pointer float-right ml-1 et'><i class="fa fa-chevron-down"></i></span>
<span class='badge badge-default pointer float-right ct'><i class="fa fa-chevron-up"></i></span>
</div>
<div class="m-t-10 m-l-5"></div>
</div>
</div>
<div class="accordion mt-4">
  <div class="card">
    <div class="card-header" role="tab">
      <div class="card-title">
        <div class="node" id="119"><span class="badge log pass-bg mr-2">Pass</span>Validating the url</div>
      </div>
    </div>
        <div class="collapse">
          <div class="card-body">
              <div class="step pass-bg" title="StepDefinition.SD_login.user_is_on_browser()">
                <span>Given user is  on browser</span>
      <div>
      </div>
              </div>
              <div class="step pass-bg" title="StepDefinition.SD_login.user_opens_lms_website()">
                <span>When user opens LMS Website</span>
      <div>
      </div>
              </div>
              <div class="step pass-bg" title="StepDefinition.SD_login.user_is_on_login_page()">
                <span>Then user is on Login Page</span>
      <div>
      </div>
              </div>
          </div>
        </div>
  </div>
  <div class="card">
    <div class="card-header" role="tab">
      <div class="card-title">
        <div class="node" id="124"><span class="badge log fail-bg mr-2">Fail</span>Validating with different login credentials</div>
      </div>
    </div>
        <div class="scenario_outline ">
            <div class="card-body l1">
              <div class="card-header">
                <div class="card-title outline-child">
                  <div class="node" id="125"><span class="badge log fail-bg mr-2">Fail</span>Validating with different login credentials</div>
                </div>
              </div>
              <div class="card-body mt-3 ">
                  <div class="step pass-bg">
                    <span>Given User lands on Login Page</span>
      <div>
      </div>
                  </div>
                  <div class="step pass-bg">
                    <span>When User enters email "", password "" and Error "Please enter fields"</span>
      <div>
      </div>
                  </div>
                  <div class="step fail-bg">
                    <span>Then User successfully  login</span>
      <div>
        <textarea disabled class="code-block">org.openqa.selenium.NoSuchElementException: no such element: Unable to locate element: {"method":"xpath","selector":"//div[normalize-space()='Manage Program']"}
  (Session info: chrome=105.0.5195.127)
For documentation on this error, please visit: https://selenium.dev/exceptions/#no_such_element
Build info: version: '4.1.2', revision: '9a5a329c5a'
System info: host: 'LAPTOP-F797US9I', ip: '192.168.1.16', os.name: 'Windows 11', os.arch: 'amd64', os.version: '10.0', java.version: '17.0.4'
Driver info: org.openqa.selenium.chrome.ChromeDriver
Command: [9cc46aea9c4e60614d506d4117120852, findElement {using=xpath, value=//div[normalize-space()='Manage Program']}]
Capabilities {acceptInsecureCerts: false, browserName: chrome, browserVersion: 105.0.5195.127, chrome: {chromedriverVersion: 105.0.5195.52 (412c95e51883..., userDataDir: C:\Users\Sruja\AppData\Loca...}, goog:chromeOptions: {debuggerAddress: localhost:62063}, javascriptEnabled: true, networkConnectionEnabled: false, pageLoadStrategy: normal, platform: WINDOWS, platformName: WINDOWS, proxy: Proxy(), se:cdp: ws://localhost:62063/devtoo..., se:cdpVersion: 105.0.5195.127, setWindowRect: true, strictFileInteractability: false, timeouts: {implicit: 0, pageLoad: 300000, script: 30000}, unhandledPromptBehavior: dismiss and notify, webauthn:extension:credBlob: true, webauthn:extension:largeBlob: true, webauthn:virtualAuthenticators: true}
Session ID: 9cc46aea9c4e60614d506d4117120852
	at jdk.internal.reflect.GeneratedConstructorAccessor33.newInstance(Unknown Source)
	at java.base/jdk.internal.reflect.DelegatingConstructorAccessorImpl.newInstance(DelegatingConstructorAccessorImpl.java:45)
	at java.base/java.lang.reflect.Constructor.newInstanceWithCaller(Constructor.java:499)
	at java.base/java.lang.reflect.Constructor.newInstance(Constructor.java:480)
	at org.openqa.selenium.remote.codec.w3c.W3CHttpResponseCodec.createException(W3CHttpResponseCodec.java:200)
	at org.openqa.selenium.remote.codec.w3c.W3CHttpResponseCodec.decode(W3CHttpResponseCodec.java:133)
	at org.openqa.selenium.remote.codec.w3c.W3CHttpResponseCodec.decode(W3CHttpResponseCodec.java:53)
	at org.openqa.selenium.remote.HttpCommandExecutor.execute(HttpCommandExecutor.java:184)
	at org.openqa.selenium.remote.service.DriverCommandExecutor.invokeExecute(DriverCommandExecutor.java:167)
	at org.openqa.selenium.remote.service.DriverCommandExecutor.execute(DriverCommandExecutor.java:142)
	at org.openqa.selenium.remote.RemoteWebDriver.execute(RemoteWebDriver.java:558)
	at org.openqa.selenium.remote.ElementLocation$ElementFinder$2.findElement(ElementLocation.java:162)
	at org.openqa.selenium.remote.ElementLocation.findElement(ElementLocation.java:60)
	at org.openqa.selenium.remote.RemoteWebDriver.findElement(RemoteWebDriver.java:382)
	at org.openqa.selenium.remote.RemoteWebDriver.findElement(RemoteWebDriver.java:374)
	at org.openqa.selenium.support.pagefactory.DefaultElementLocator.findElement(DefaultElementLocator.java:70)
	at org.openqa.selenium.support.pagefactory.internal.LocatingElementHandler.invoke(LocatingElementHandler.java:39)
	at jdk.proxy2/jdk.proxy2.$Proxy36.isDisplayed(Unknown Source)
	at PageObjects.LoginPageHome_PageObject.HomePageLabelVisibility(LoginPageHome_PageObject.java:28)
	at StepDefinition.SD_login.user_successfully_login(SD_login.java:78)
	at ✽.User successfully  login(file:///C:/Users/Sruja/git/LMS_Hackathon_Consolidated/src/test/resources/Features/3Login.feature:11)
</textarea>
      
      </div>
                  </div>
              </div>
            </div>
            <div class="card-body l1">
              <div class="card-header">
                <div class="card-title outline-child">
                  <div class="node" id="129"><span class="badge log fail-bg mr-2">Fail</span>Validating with different login credentials</div>
                </div>
              </div>
              <div class="card-body mt-3 ">
                  <div class="step pass-bg">
                    <span>Given User lands on Login Page</span>
      <div>
      </div>
                  </div>
                  <div class="step pass-bg">
                    <span>When User enters email "lms", password "" and Error "Please enter fields"</span>
      <div>
      </div>
                  </div>
                  <div class="step fail-bg">
                    <span>Then User successfully  login</span>
      <div>
        <textarea disabled class="code-block">org.openqa.selenium.NoSuchElementException: no such element: Unable to locate element: {"method":"xpath","selector":"//div[normalize-space()='Manage Program']"}
  (Session info: chrome=105.0.5195.127)
For documentation on this error, please visit: https://selenium.dev/exceptions/#no_such_element
Build info: version: '4.1.2', revision: '9a5a329c5a'
System info: host: 'LAPTOP-F797US9I', ip: '192.168.1.16', os.name: 'Windows 11', os.arch: 'amd64', os.version: '10.0', java.version: '17.0.4'
Driver info: org.openqa.selenium.chrome.ChromeDriver
Command: [9cc46aea9c4e60614d506d4117120852, findElement {using=xpath, value=//div[normalize-space()='Manage Program']}]
Capabilities {acceptInsecureCerts: false, browserName: chrome, browserVersion: 105.0.5195.127, chrome: {chromedriverVersion: 105.0.5195.52 (412c95e51883..., userDataDir: C:\Users\Sruja\AppData\Loca...}, goog:chromeOptions: {debuggerAddress: localhost:62063}, javascriptEnabled: true, networkConnectionEnabled: false, pageLoadStrategy: normal, platform: WINDOWS, platformName: WINDOWS, proxy: Proxy(), se:cdp: ws://localhost:62063/devtoo..., se:cdpVersion: 105.0.5195.127, setWindowRect: true, strictFileInteractability: false, timeouts: {implicit: 0, pageLoad: 300000, script: 30000}, unhandledPromptBehavior: dismiss and notify, webauthn:extension:credBlob: true, webauthn:extension:largeBlob: true, webauthn:virtualAuthenticators: true}
Session ID: 9cc46aea9c4e60614d506d4117120852
	at jdk.internal.reflect.GeneratedConstructorAccessor33.newInstance(Unknown Source)
	at java.base/jdk.internal.reflect.DelegatingConstructorAccessorImpl.newInstance(DelegatingConstructorAccessorImpl.java:45)
	at java.base/java.lang.reflect.Constructor.newInstanceWithCaller(Constructor.java:499)
	at java.base/java.lang.reflect.Constructor.newInstance(Constructor.java:480)
	at org.openqa.selenium.remote.codec.w3c.W3CHttpResponseCodec.createException(W3CHttpResponseCodec.java:200)
	at org.openqa.selenium.remote.codec.w3c.W3CHttpResponseCodec.decode(W3CHttpResponseCodec.java:133)
	at org.openqa.selenium.remote.codec.w3c.W3CHttpResponseCodec.decode(W3CHttpResponseCodec.java:53)
	at org.openqa.selenium.remote.HttpCommandExecutor.execute(HttpCommandExecutor.java:184)
	at org.openqa.selenium.remote.service.DriverCommandExecutor.invokeExecute(DriverCommandExecutor.java:167)
	at org.openqa.selenium.remote.service.DriverCommandExecutor.execute(DriverCommandExecutor.java:142)
	at org.openqa.selenium.remote.RemoteWebDriver.execute(RemoteWebDriver.java:558)
	at org.openqa.selenium.remote.ElementLocation$ElementFinder$2.findElement(ElementLocation.java:162)
	at org.openqa.selenium.remote.ElementLocation.findElement(ElementLocation.java:60)
	at org.openqa.selenium.remote.RemoteWebDriver.findElement(RemoteWebDriver.java:382)
	at org.openqa.selenium.remote.RemoteWebDriver.findElement(RemoteWebDriver.java:374)
	at org.openqa.selenium.support.pagefactory.DefaultElementLocator.findElement(DefaultElementLocator.java:70)
	at org.openqa.selenium.support.pagefactory.internal.LocatingElementHandler.invoke(LocatingElementHandler.java:39)
	at jdk.proxy2/jdk.proxy2.$Proxy36.isDisplayed(Unknown Source)
	at PageObjects.LoginPageHome_PageObject.HomePageLabelVisibility(LoginPageHome_PageObject.java:28)
	at StepDefinition.SD_login.user_successfully_login(SD_login.java:78)
	at ✽.User successfully  login(file:///C:/Users/Sruja/git/LMS_Hackathon_Consolidated/src/test/resources/Features/3Login.feature:11)
</textarea>
      
      </div>
                  </div>
              </div>
            </div>
            <div class="card-body l1">
              <div class="card-header">
                <div class="card-title outline-child">
                  <div class="node" id="133"><span class="badge log pass-bg mr-2">Pass</span>Validating with different login credentials</div>
                </div>
              </div>
              <div class="card-body mt-3 collapse">
                  <div class="step pass-bg">
                    <span>Given User lands on Login Page</span>
      <div>
      </div>
                  </div>
                  <div class="step pass-bg">
                    <span>When User enters email "", password "lms" and Error "Please enter fields"</span>
      <div>
      </div>
                  </div>
                  <div class="step pass-bg">
                    <span>Then User successfully  login</span>
      <div>
      </div>
                  </div>
              </div>
            </div>
            <div class="card-body l1">
              <div class="card-header">
                <div class="card-title outline-child">
                  <div class="node" id="137"><span class="badge log fail-bg mr-2">Fail</span>Validating with different login credentials</div>
                </div>
              </div>
              <div class="card-body mt-3 ">
                  <div class="step pass-bg">
                    <span>Given User lands on Login Page</span>
      <div>
      </div>
                  </div>
                  <div class="step fail-bg">
                    <span>When User enters email "lms", password "lms" and Error "Please enter fields"</span>
      <div>
        <textarea disabled class="code-block">org.openqa.selenium.NoSuchElementException: no such element: Unable to locate element: {"method":"xpath","selector":"//input[@id='username']"}
  (Session info: chrome=105.0.5195.127)
For documentation on this error, please visit: https://selenium.dev/exceptions/#no_such_element
Build info: version: '4.1.2', revision: '9a5a329c5a'
System info: host: 'LAPTOP-F797US9I', ip: '192.168.1.16', os.name: 'Windows 11', os.arch: 'amd64', os.version: '10.0', java.version: '17.0.4'
Driver info: org.openqa.selenium.chrome.ChromeDriver
Command: [9cc46aea9c4e60614d506d4117120852, findElement {using=xpath, value=//input[@id='username']}]
Capabilities {acceptInsecureCerts: false, browserName: chrome, browserVersion: 105.0.5195.127, chrome: {chromedriverVersion: 105.0.5195.52 (412c95e51883..., userDataDir: C:\Users\Sruja\AppData\Loca...}, goog:chromeOptions: {debuggerAddress: localhost:62063}, javascriptEnabled: true, networkConnectionEnabled: false, pageLoadStrategy: normal, platform: WINDOWS, platformName: WINDOWS, proxy: Proxy(), se:cdp: ws://localhost:62063/devtoo..., se:cdpVersion: 105.0.5195.127, setWindowRect: true, strictFileInteractability: false, timeouts: {implicit: 0, pageLoad: 300000, script: 30000}, unhandledPromptBehavior: dismiss and notify, webauthn:extension:credBlob: true, webauthn:extension:largeBlob: true, webauthn:virtualAuthenticators: true}
Session ID: 9cc46aea9c4e60614d506d4117120852
	at jdk.internal.reflect.GeneratedConstructorAccessor33.newInstance(Unknown Source)
	at java.base/jdk.internal.reflect.DelegatingConstructorAccessorImpl.newInstance(DelegatingConstructorAccessorImpl.java:45)
	at java.base/java.lang.reflect.Constructor.newInstanceWithCaller(Constructor.java:499)
	at java.base/java.lang.reflect.Constructor.newInstance(Constructor.java:480)
	at org.openqa.selenium.remote.codec.w3c.W3CHttpResponseCodec.createException(W3CHttpResponseCodec.java:200)
	at org.openqa.selenium.remote.codec.w3c.W3CHttpResponseCodec.decode(W3CHttpResponseCodec.java:133)
	at org.openqa.selenium.remote.codec.w3c.W3CHttpResponseCodec.decode(W3CHttpResponseCodec.java:53)
	at org.openqa.selenium.remote.HttpCommandExecutor.execute(HttpCommandExecutor.java:184)
	at org.openqa.selenium.remote.service.DriverCommandExecutor.invokeExecute(DriverCommandExecutor.java:167)
	at org.openqa.selenium.remote.service.DriverCommandExecutor.execute(DriverCommandExecutor.java:142)
	at org.openqa.selenium.remote.RemoteWebDriver.execute(RemoteWebDriver.java:558)
	at org.openqa.selenium.remote.ElementLocation$ElementFinder$2.findElement(ElementLocation.java:162)
	at org.openqa.selenium.remote.ElementLocation.findElement(ElementLocation.java:60)
	at org.openqa.selenium.remote.RemoteWebDriver.findElement(RemoteWebDriver.java:382)
	at org.openqa.selenium.remote.RemoteWebDriver.findElement(RemoteWebDriver.java:374)
	at org.openqa.selenium.support.pagefactory.DefaultElementLocator.findElement(DefaultElementLocator.java:70)
	at org.openqa.selenium.support.pagefactory.internal.LocatingElementHandler.invoke(LocatingElementHandler.java:39)
	at jdk.proxy2/jdk.proxy2.$Proxy36.clear(Unknown Source)
	at PageObjects.LoginPage_PageObject.setUserName(LoginPage_PageObject.java:38)
	at StepDefinition.SD_login.user_enters_email_password_and_error(SD_login.java:59)
	at ✽.User enters email "lms", password "lms" and Error "Please enter fields"(file:///C:/Users/Sruja/git/LMS_Hackathon_Consolidated/src/test/resources/Features/3Login.feature:10)
</textarea>
      
      </div>
                  </div>
                  <div class="step skip-bg">
                    <span>Then User successfully  login</span>
      <div>Step skipped
      </div>
                  </div>
              </div>
            </div>
        </div>
  </div>
</div>
          </div>
        </li>
        <li class="test-item"  status="pass" test-id="141"
          author=""
          tag=""
          device="">
          <div class="test-detail">
            <p class="name">Home Page</p>
            <p class="text-sm">
              <span>4:55:48 PM</span> / <span>00:00:05:342</span>
              <span class="badge pass-bg log float-right">Pass</span>
            </p>
          </div>
          <div class="test-contents d-none">
<div class="detail-head">
<div class="p-v-10">
<div class="info">
<h5 class="test-status text-pass">Home Page</h5>
<span class='badge badge-success'>09.27.2022 4:55:48 PM</span>
<span class='badge badge-danger'>09.27.2022 4:55:53 PM</span>
<span class='badge badge-default'>00:00:05:342</span>
&middot; <span class='uri-anchor badge badge-default'>#test-id=141</span>
<span class='badge badge-default pointer float-right ml-1 et'><i class="fa fa-chevron-down"></i></span>
<span class='badge badge-default pointer float-right ct'><i class="fa fa-chevron-up"></i></span>
</div>
<div class="m-t-10 m-l-5"></div>
</div>
</div>
<div class="accordion mt-4">
  <div class="card">
    <div class="card-header" role="tab">
      <div class="card-title">
        <div class="node" id="142"><span class="badge log pass-bg mr-2">Pass</span>Verifying the heading on the Home page</div>
      </div>
    </div>
        <div class="collapse">
          <div class="card-body">
              <div class="step pass-bg" title="StepDefinition.SD_Homepage.user_is_on_homepage()">
                <span>Given User is on Homepage</span>
      <div>
      </div>
              </div>
              <div class="step pass-bg" title="StepDefinition.SD_Homepage.user_clicks_on_the_text()">
                <span>When User clicks on the text</span>
      <div>
      </div>
              </div>
              <div class="step pass-bg" title="StepDefinition.SD_Homepage.user_should_see_a_heading_with_text_lms_learning_management_system_on_the_home_page()">
                <span>Then User should see a heading with text LMS Learning Management System on the Home page</span>
      <div>
      </div>
              </div>
          </div>
        </div>
  </div>
  <div class="card">
    <div class="card-header" role="tab">
      <div class="card-title">
        <div class="node" id="146"><span class="badge log pass-bg mr-2">Pass</span>Verifying the Program button visibility</div>
      </div>
    </div>
        <div class="collapse">
          <div class="card-body">
              <div class="step pass-bg" title="StepDefinition.SD_Homepage.user_is_on_homepage()">
                <span>Given User is on Homepage</span>
      <div>
      </div>
              </div>
              <div class="step pass-bg" title="StepDefinition.SD_Homepage.user_clicks_on_the_program()">
                <span>When User clicks on the program</span>
      <div>
      </div>
              </div>
              <div class="step pass-bg" title="StepDefinition.SD_Homepage.user_should_see_a_button_with_text_program_on_the_menu_bar()">
                <span>Then User should see a button with text Program on the menu bar</span>
      <div>
      </div>
              </div>
          </div>
        </div>
  </div>
  <div class="card">
    <div class="card-header" role="tab">
      <div class="card-title">
        <div class="node" id="150"><span class="badge log pass-bg mr-2">Pass</span>Verifying the batch button visibility</div>
      </div>
    </div>
        <div class="collapse">
          <div class="card-body">
              <div class="step pass-bg" title="StepDefinition.SD_Homepage.user_is_on_homepage()">
                <span>Given User is on Homepage</span>
      <div>
      </div>
              </div>
              <div class="step pass-bg" title="StepDefinition.SD_Homepage.user_clicks_on_the_batch()">
                <span>When User clicks on the batch</span>
      <div>
      </div>
              </div>
              <div class="step pass-bg" title="StepDefinition.SD_Homepage.user_should_see_a_button_with_text_batch_on_the_menu_bar()">
                <span>Then User should see a button with text batch on the menu bar</span>
      <div>
      </div>
              </div>
          </div>
        </div>
  </div>
  <div class="card">
    <div class="card-header" role="tab">
      <div class="card-title">
        <div class="node" id="154"><span class="badge log pass-bg mr-2">Pass</span>Verifying the User button visibility</div>
      </div>
    </div>
        <div class="collapse">
          <div class="card-body">
              <div class="step pass-bg" title="StepDefinition.SD_Homepage.user_is_on_homepage()">
                <span>Given User is on Homepage</span>
      <div>
      </div>
              </div>
              <div class="step pass-bg" title="StepDefinition.SD_Homepage.user_clicks_on_the_user_button()">
                <span>When User clicks on the user button</span>
      <div>
      </div>
              </div>
              <div class="step pass-bg" title="StepDefinition.SD_Homepage.user_should_see_a_button_with_text_user_on_the_menu_bar()">
                <span>Then User should see a button with text User on the menu bar</span>
      <div>
      </div>
              </div>
          </div>
        </div>
  </div>
  <div class="card">
    <div class="card-header" role="tab">
      <div class="card-title">
        <div class="node" id="158"><span class="badge log pass-bg mr-2">Pass</span>Verifying the Assignment button visibility</div>
      </div>
    </div>
        <div class="collapse">
          <div class="card-body">
              <div class="step pass-bg" title="StepDefinition.SD_Homepage.user_is_on_homepage()">
                <span>Given User is on Homepage</span>
      <div>
      </div>
              </div>
              <div class="step pass-bg" title="StepDefinition.SD_Homepage.user_clicks_on_the_assignment_button()">
                <span>When User clicks on the Assignment button</span>
      <div>
      </div>
              </div>
              <div class="step pass-bg" title="StepDefinition.SD_Homepage.user_should_see_a_button_with_text_assignment_on_the_menu_bar()">
                <span>Then User should see a button with text Assignment on the menu bar</span>
      <div>
      </div>
              </div>
          </div>
        </div>
  </div>
  <div class="card">
    <div class="card-header" role="tab">
      <div class="card-title">
        <div class="node" id="162"><span class="badge log pass-bg mr-2">Pass</span>Verifying the Attendence button visibility</div>
      </div>
    </div>
        <div class="collapse">
          <div class="card-body">
              <div class="step pass-bg" title="StepDefinition.SD_Homepage.user_is_on_homepage()">
                <span>Given User is on Homepage</span>
      <div>
      </div>
              </div>
              <div class="step pass-bg" title="StepDefinition.SD_Homepage.user_click_on_the_attendence_button()">
                <span>When User click on the attendence button</span>
      <div>
      </div>
              </div>
              <div class="step pass-bg" title="StepDefinition.SD_Homepage.user_should_see_a_button_with_text_attendence_on_the_menu_bar()">
                <span>Then User should see a button with text Attendence on the menu bar</span>
      <div>
      </div>
              </div>
          </div>
        </div>
  </div>
  <div class="card">
    <div class="card-header" role="tab">
      <div class="card-title">
        <div class="node" id="166"><span class="badge log pass-bg mr-2">Pass</span>verify that user is back on program page</div>
      </div>
    </div>
        <div class="collapse">
          <div class="card-body">
              <div class="step pass-bg" title="StepDefinition.SD_Homepage.user_is_on_homepage()">
                <span>Given User is on Homepage</span>
      <div>
      </div>
              </div>
              <div class="step pass-bg" title="StepDefinition.SD_Homepage.user_click_on_user_page()">
                <span>Given User click on user page</span>
      <div>
      </div>
              </div>
              <div class="step pass-bg" title="StepDefinition.SD_Homepage.user_click_on_program_button()">
                <span>When user click on program button</span>
      <div>
      </div>
              </div>
              <div class="step pass-bg" title="StepDefinition.SD_Homepage.user_is_on_program_page()">
                <span>Then user is on program page</span>
      <div>
      </div>
              </div>
          </div>
        </div>
  </div>
</div>
          </div>
        </li>
        <li class="test-item"  status="pass" test-id="171"
          author=""
          tag=""
          device="">
          <div class="test-detail">
            <p class="name">Verify the Program page</p>
            <p class="text-sm">
              <span>4:55:53 PM</span> / <span>00:00:00:943</span>
              <span class="badge pass-bg log float-right">Pass</span>
            </p>
          </div>
          <div class="test-contents d-none">
<div class="detail-head">
<div class="p-v-10">
<div class="info">
<h5 class="test-status text-pass">Verify the Program page</h5>
<span class='badge badge-success'>09.27.2022 4:55:53 PM</span>
<span class='badge badge-danger'>09.27.2022 4:55:54 PM</span>
<span class='badge badge-default'>00:00:00:943</span>
&middot; <span class='uri-anchor badge badge-default'>#test-id=171</span>
<span class='badge badge-default pointer float-right ml-1 et'><i class="fa fa-chevron-down"></i></span>
<span class='badge badge-default pointer float-right ct'><i class="fa fa-chevron-up"></i></span>
</div>
<div class="m-t-10 m-l-5"></div>
</div>
</div>
<div class="accordion mt-4">
  <div class="card">
    <div class="card-header" role="tab">
      <div class="card-title">
        <div class="node" id="172"><span class="badge log pass-bg mr-2">Pass</span>Verify Search Feature</div>
      </div>
    </div>
        <div class="collapse">
          <div class="card-body">
              <div class="step pass-bg" title="StepDefinition.SD_Program4.user_is_on_homepage()">
                <span>Given User is on  homepage</span>
      <div>
      </div>
              </div>
              <div class="step pass-bg" title="StepDefinition.SD_Program4.user_is_able_to_see_search_box()">
                <span>When User is able to see search box</span>
      <div>
      </div>
              </div>
              <div class="step pass-bg" title="StepDefinition.SD_Program4.text_box_used_for_search_has_text_as_search()">
                <span>Then Text box used for search has text as Search</span>
      <div>
      </div>
              </div>
          </div>
        </div>
  </div>
  <div class="card">
    <div class="card-header" role="tab">
      <div class="card-title">
        <div class="node" id="176"><span class="badge log pass-bg mr-2">Pass</span>Verify the default state of Delete button</div>
      </div>
    </div>
        <div class="collapse">
          <div class="card-body">
              <div class="step pass-bg" title="StepDefinition.SD_Program4.user_is_on_homepage()">
                <span>Given User is on  homepage</span>
      <div>
      </div>
              </div>
              <div class="step pass-bg" title="StepDefinition.SD_Program4.user_clicks_on_delete_button()">
                <span>When User clicks on delete button</span>
      <div>
      </div>
              </div>
              <div class="step pass-bg" title="StepDefinition.SD_Program4.user_should_see_the_delete_button_as_disabled()">
                <span>Then User should see the Delete button as Disabled</span>
      <div>
      </div>
              </div>
          </div>
        </div>
  </div>
  <div class="card">
    <div class="card-header" role="tab">
      <div class="card-title">
        <div class="node" id="180"><span class="badge log pass-bg mr-2">Pass</span>Verify that number of records rows of data in the table displayed</div>
      </div>
    </div>
        <div class="collapse">
          <div class="card-body">
              <div class="step pass-bg" title="StepDefinition.SD_Program4.user_is_on_homepage()">
                <span>Given User is on  homepage</span>
      <div>
      </div>
              </div>
              <div class="step pass-bg" title="StepDefinition.SD_Program4.user_counts_the_number_of_rows()">
                <span>When User counts the number of rows</span>
      <div>
      </div>
              </div>
              <div class="step pass-bg" title="StepDefinition.SD_Program4.verify_that_number_of_records_rows_of_data_in_the_table_displayed_on_the_page_are(java.lang.Integer)">
                <span>Then Verify that number of records rows of data in the table displayed on the page are 5</span>
      <div>
      </div>
              </div>
          </div>
        </div>
  </div>
  <div class="card">
    <div class="card-header" role="tab">
      <div class="card-title">
        <div class="node" id="184"><span class="badge log pass-bg mr-2">Pass</span>Verify the text below the table</div>
      </div>
    </div>
        <div class="collapse">
          <div class="card-body">
              <div class="step pass-bg" title="StepDefinition.SD_Program4.user_is_on_homepage()">
                <span>Given User is on  homepage</span>
      <div>
      </div>
              </div>
              <div class="step pass-bg" title="StepDefinition.SD_Program4.user_scrolls_down()">
                <span>When User scrolls down</span>
      <div>
      </div>
              </div>
              <div class="step pass-bg" title="StepDefinition.SD_Program4.user_should_see_the_text_as_showing_x_to_y_of_z_entries_below_the_table_and_x_starting_record_number_on_that_page_and_y_ending_record_number_on_that_page_and_z_total_number_of_records()">
                <span>Then User should see the text as Showing x to y of z entries below the table and x starting record number on that page and y ending record number on that page and z Total number of records</span>
      <div>
      </div>
              </div>
          </div>
        </div>
  </div>
  <div class="card">
    <div class="card-header" role="tab">
      <div class="card-title">
        <div class="node" id="188"><span class="badge log pass-bg mr-2">Pass</span>Verify the footer</div>
      </div>
    </div>
        <div class="collapse">
          <div class="card-body">
              <div class="step pass-bg" title="StepDefinition.SD_Program4.user_is_on_homepage()">
                <span>Given User is on  homepage</span>
      <div>
      </div>
              </div>
              <div class="step pass-bg" title="StepDefinition.SD_Program4.user_scrolls_down_to_look_at_the_footer()">
                <span>When User scrolls down to look at the footer</span>
      <div>
      </div>
              </div>
              <div class="step pass-bg" title="StepDefinition.SD_Program4.user_should_see_the_footer_as_in_total_there_are_z_programs_and_z_total_number_of_records()">
                <span>Then User should see the footer as In total there are z programs and z Total number of records</span>
      <div>
      </div>
              </div>
          </div>
        </div>
  </div>
</div>
          </div>
        </li>
        <li class="test-item"  status="fail" test-id="192"
          author=""
          tag=""
          device="">
          <div class="test-detail">
            <p class="name">Manage Batch</p>
            <p class="text-sm">
              <span>4:55:54 PM</span> / <span>00:02:18:945</span>
              <span class="badge fail-bg log float-right">Fail</span>
            </p>
          </div>
          <div class="test-contents d-none">
<div class="detail-head">
<div class="p-v-10">
<div class="info">
<h5 class="test-status text-fail">Manage Batch</h5>
<span class='badge badge-success'>09.27.2022 4:55:54 PM</span>
<span class='badge badge-danger'>09.27.2022 4:58:13 PM</span>
<span class='badge badge-default'>00:02:18:945</span>
&middot; <span class='uri-anchor badge badge-default'>#test-id=192</span>
<span class='badge badge-default pointer float-right ml-1 et'><i class="fa fa-chevron-down"></i></span>
<span class='badge badge-default pointer float-right ct'><i class="fa fa-chevron-up"></i></span>
</div>
<div class="m-t-10 m-l-5"></div>
</div>
</div>
<div class="accordion mt-4">
  <div class="card">
    <div class="card-header" role="tab">
      <div class="card-title">
        <div class="node" id="193"><span class="badge log pass-bg mr-2">Pass</span>Manage Batch Page</div>
      </div>
    </div>
        <div class="collapse">
          <div class="card-body">
              <div class="step pass-bg" title="StepDefinition.SD_Batch1.user_is_at_manage_program_page()">
                <span>Given user is at Manage program page</span>
      <div>
      </div>
              </div>
              <div class="step pass-bg" title="StepDefinition.SD_Batch1.user_click_on_batch_button()">
                <span>When user click on Batch button</span>
      <div>
      </div>
              </div>
              <div class="step pass-bg" title="StepDefinition.SD_Batch1.user_is_at_manage_batch_page()">
                <span>Then user is at Manage Batch page</span>
      <div>
      </div>
              </div>
          </div>
        </div>
  </div>
  <div class="card">
    <div class="card-header" role="tab">
      <div class="card-title">
        <div class="node" id="197"><span class="badge log pass-bg mr-2">Pass</span>Validating Delete button on Batch Page</div>
      </div>
    </div>
        <div class="collapse">
          <div class="card-body">
              <div class="step pass-bg" title="StepDefinition.SD_Batch1.user_display_manage_program_page()">
                <span>Given user display Manage program page</span>
      <div>
      </div>
              </div>
              <div class="step pass-bg" title="StepDefinition.SD_Batch1.user_enter_batch_button()">
                <span>When user enter Batch button</span>
      <div>
      </div>
              </div>
              <div class="step pass-bg" title="StepDefinition.SD_Batch1.user_validate_delete_button_is_disable()">
                <span>And user validate Delete button is Disable</span>
      <div>
      </div>
              </div>
          </div>
        </div>
  </div>
  <div class="card">
    <div class="card-header" role="tab">
      <div class="card-title">
        <div class="node" id="201"><span class="badge log pass-bg mr-2">Pass</span>Manage Batch Search Box</div>
      </div>
    </div>
        <div class="collapse">
          <div class="card-body">
              <div class="step pass-bg" title="StepDefinition.SD_Batch1.user_is_at_batch_page()">
                <span>Given user is at Batch Page</span>
      <div>
      </div>
              </div>
              <div class="step pass-bg" title="StepDefinition.SD_Batch1.user_enter_batch_name_in_search_box()">
                <span>When user enter Batch Name in search box</span>
      <div>
      </div>
              </div>
              <div class="step pass-bg" title="StepDefinition.SD_Batch1.records_of_batch_name_is_displayed()">
                <span>Then records of Batch Name is displayed</span>
      <div>
      </div>
              </div>
          </div>
        </div>
  </div>
  <div class="card">
    <div class="card-header" role="tab">
      <div class="card-title">
        <div class="node" id="205"><span class="badge log fail-bg mr-2">Fail</span>Batch Details Page</div>
      </div>
    </div>
        <div class="">
          <div class="card-body">
              <div class="step pass-bg" title="StepDefinition.SD_Batch1.user_is_at_batch_page_with_search_record()">
                <span>Given user is at Batch page with search record</span>
      <div>
      </div>
              </div>
              <div class="step pass-bg" title="StepDefinition.SD_Batch1.user_clicks_on_edit_button()">
                <span>When user clicks on Edit button</span>
      <div>
      </div>
              </div>
              <div class="step fail-bg" title="StepDefinition.SD_Batch1.user_lands_on_batch_details_page()">
                <span>Then user lands on Batch Details page</span>
      <div>
        <textarea disabled class="code-block">org.openqa.selenium.NoSuchElementException: no such element: Unable to locate element: {"method":"xpath","selector":"//span[@id='pr_id_5-label']"}
  (Session info: chrome=105.0.5195.127)
For documentation on this error, please visit: https://selenium.dev/exceptions/#no_such_element
Build info: version: '4.1.2', revision: '9a5a329c5a'
System info: host: 'LAPTOP-F797US9I', ip: '192.168.1.16', os.name: 'Windows 11', os.arch: 'amd64', os.version: '10.0', java.version: '17.0.4'
Driver info: org.openqa.selenium.chrome.ChromeDriver
Command: [9cc46aea9c4e60614d506d4117120852, findElement {using=xpath, value=//span[@id='pr_id_5-label']}]
Capabilities {acceptInsecureCerts: false, browserName: chrome, browserVersion: 105.0.5195.127, chrome: {chromedriverVersion: 105.0.5195.52 (412c95e51883..., userDataDir: C:\Users\Sruja\AppData\Loca...}, goog:chromeOptions: {debuggerAddress: localhost:62063}, javascriptEnabled: true, networkConnectionEnabled: false, pageLoadStrategy: normal, platform: WINDOWS, platformName: WINDOWS, proxy: Proxy(), se:cdp: ws://localhost:62063/devtoo..., se:cdpVersion: 105.0.5195.127, setWindowRect: true, strictFileInteractability: false, timeouts: {implicit: 0, pageLoad: 300000, script: 30000}, unhandledPromptBehavior: dismiss and notify, webauthn:extension:credBlob: true, webauthn:extension:largeBlob: true, webauthn:virtualAuthenticators: true}
Session ID: 9cc46aea9c4e60614d506d4117120852
	at jdk.internal.reflect.GeneratedConstructorAccessor33.newInstance(Unknown Source)
	at java.base/jdk.internal.reflect.DelegatingConstructorAccessorImpl.newInstance(DelegatingConstructorAccessorImpl.java:45)
	at java.base/java.lang.reflect.Constructor.newInstanceWithCaller(Constructor.java:499)
	at java.base/java.lang.reflect.Constructor.newInstance(Constructor.java:480)
	at org.openqa.selenium.remote.codec.w3c.W3CHttpResponseCodec.createException(W3CHttpResponseCodec.java:200)
	at org.openqa.selenium.remote.codec.w3c.W3CHttpResponseCodec.decode(W3CHttpResponseCodec.java:133)
	at org.openqa.selenium.remote.codec.w3c.W3CHttpResponseCodec.decode(W3CHttpResponseCodec.java:53)
	at org.openqa.selenium.remote.HttpCommandExecutor.execute(HttpCommandExecutor.java:184)
	at org.openqa.selenium.remote.service.DriverCommandExecutor.invokeExecute(DriverCommandExecutor.java:167)
	at org.openqa.selenium.remote.service.DriverCommandExecutor.execute(DriverCommandExecutor.java:142)
	at org.openqa.selenium.remote.RemoteWebDriver.execute(RemoteWebDriver.java:558)
	at org.openqa.selenium.remote.ElementLocation$ElementFinder$2.findElement(ElementLocation.java:162)
	at org.openqa.selenium.remote.ElementLocation.findElement(ElementLocation.java:60)
	at org.openqa.selenium.remote.RemoteWebDriver.findElement(RemoteWebDriver.java:382)
	at org.openqa.selenium.remote.RemoteWebDriver.findElement(RemoteWebDriver.java:374)
	at org.openqa.selenium.support.pagefactory.DefaultElementLocator.findElement(DefaultElementLocator.java:70)
	at org.openqa.selenium.support.pagefactory.internal.LocatingElementHandler.invoke(LocatingElementHandler.java:39)
	at jdk.proxy2/jdk.proxy2.$Proxy36.getText(Unknown Source)
	at PageObjects.BatchEdit_PageObject.ValidateBatchDetails(BatchEdit_PageObject.java:182)
	at StepDefinition.SD_Batch1.user_lands_on_batch_details_page(SD_Batch1.java:109)
	at ✽.user lands on Batch Details page(file:///C:/Users/Sruja/git/LMS_Hackathon_Consolidated/src/test/resources/Features/5Batch1.feature:21)
</textarea>
      
      </div>
              </div>
          </div>
        </div>
  </div>
  <div class="card">
    <div class="card-header" role="tab">
      <div class="card-title">
        <div class="node" id="209"><span class="badge log fail-bg mr-2">Fail</span>Edit Batch Details Page</div>
      </div>
    </div>
        <div class="scenario_outline ">
            <div class="card-body l1">
              <div class="card-header">
                <div class="card-title outline-child">
                  <div class="node" id="210"><span class="badge log fail-bg mr-2">Fail</span>Edit Batch Details Page</div>
                </div>
              </div>
              <div class="card-body mt-3 ">
                  <div class="step fail-bg">
                    <span>Given user is on Batch Details</span>
      <div>
        <textarea disabled class="code-block">org.openqa.selenium.NoSuchElementException: no such element: Unable to locate element: {"method":"xpath","selector":"//span[@id='pr_id_5-label']"}
  (Session info: chrome=105.0.5195.127)
For documentation on this error, please visit: https://selenium.dev/exceptions/#no_such_element
Build info: version: '4.1.2', revision: '9a5a329c5a'
System info: host: 'LAPTOP-F797US9I', ip: '192.168.1.16', os.name: 'Windows 11', os.arch: 'amd64', os.version: '10.0', java.version: '17.0.4'
Driver info: org.openqa.selenium.chrome.ChromeDriver
Command: [9cc46aea9c4e60614d506d4117120852, findElement {using=xpath, value=//span[@id='pr_id_5-label']}]
Capabilities {acceptInsecureCerts: false, browserName: chrome, browserVersion: 105.0.5195.127, chrome: {chromedriverVersion: 105.0.5195.52 (412c95e51883..., userDataDir: C:\Users\Sruja\AppData\Loca...}, goog:chromeOptions: {debuggerAddress: localhost:62063}, javascriptEnabled: true, networkConnectionEnabled: false, pageLoadStrategy: normal, platform: WINDOWS, platformName: WINDOWS, proxy: Proxy(), se:cdp: ws://localhost:62063/devtoo..., se:cdpVersion: 105.0.5195.127, setWindowRect: true, strictFileInteractability: false, timeouts: {implicit: 0, pageLoad: 300000, script: 30000}, unhandledPromptBehavior: dismiss and notify, webauthn:extension:credBlob: true, webauthn:extension:largeBlob: true, webauthn:virtualAuthenticators: true}
Session ID: 9cc46aea9c4e60614d506d4117120852
	at jdk.internal.reflect.GeneratedConstructorAccessor33.newInstance(Unknown Source)
	at java.base/jdk.internal.reflect.DelegatingConstructorAccessorImpl.newInstance(DelegatingConstructorAccessorImpl.java:45)
	at java.base/java.lang.reflect.Constructor.newInstanceWithCaller(Constructor.java:499)
	at java.base/java.lang.reflect.Constructor.newInstance(Constructor.java:480)
	at org.openqa.selenium.remote.codec.w3c.W3CHttpResponseCodec.createException(W3CHttpResponseCodec.java:200)
	at org.openqa.selenium.remote.codec.w3c.W3CHttpResponseCodec.decode(W3CHttpResponseCodec.java:133)
	at org.openqa.selenium.remote.codec.w3c.W3CHttpResponseCodec.decode(W3CHttpResponseCodec.java:53)
	at org.openqa.selenium.remote.HttpCommandExecutor.execute(HttpCommandExecutor.java:184)
	at org.openqa.selenium.remote.service.DriverCommandExecutor.invokeExecute(DriverCommandExecutor.java:167)
	at org.openqa.selenium.remote.service.DriverCommandExecutor.execute(DriverCommandExecutor.java:142)
	at org.openqa.selenium.remote.RemoteWebDriver.execute(RemoteWebDriver.java:558)
	at org.openqa.selenium.remote.ElementLocation$ElementFinder$2.findElement(ElementLocation.java:162)
	at org.openqa.selenium.remote.ElementLocation.findElement(ElementLocation.java:60)
	at org.openqa.selenium.remote.RemoteWebDriver.findElement(RemoteWebDriver.java:382)
	at org.openqa.selenium.remote.RemoteWebDriver.findElement(RemoteWebDriver.java:374)
	at org.openqa.selenium.support.pagefactory.DefaultElementLocator.findElement(DefaultElementLocator.java:70)
	at org.openqa.selenium.support.pagefactory.internal.LocatingElementHandler.invoke(LocatingElementHandler.java:39)
	at jdk.proxy2/jdk.proxy2.$Proxy36.getText(Unknown Source)
	at PageObjects.BatchEdit_PageObject.ValidateBatchDetails(BatchEdit_PageObject.java:182)
	at StepDefinition.SD_Batch1.user_is_on_batch_details(SD_Batch1.java:116)
	at ✽.user is on Batch Details(file:///C:/Users/Sruja/git/LMS_Hackathon_Consolidated/src/test/resources/Features/5Batch1.feature:24)
</textarea>
      
      </div>
                  </div>
                  <div class="step skip-bg">
                    <span>When user edit Name and status</span>
      <div>Step skipped
      </div>
                  </div>
                  <div class="step skip-bg">
                    <span>And click Cancel button</span>
      <div>Step skipped
      </div>
                  </div>
                  <div class="step skip-bg">
                    <span>Then user can see message </span>
      <div>Step skipped
      </div>
                  </div>
              </div>
            </div>
            <div class="card-body l1">
              <div class="card-header">
                <div class="card-title outline-child">
                  <div class="node" id="215"><span class="badge log fail-bg mr-2">Fail</span>Edit Batch Details Page</div>
                </div>
              </div>
              <div class="card-body mt-3 ">
                  <div class="step fail-bg">
                    <span>Given user is on Batch Details</span>
      <div>
        <textarea disabled class="code-block">org.openqa.selenium.NoSuchElementException: no such element: Unable to locate element: {"method":"xpath","selector":"//span[@id='pr_id_5-label']"}
  (Session info: chrome=105.0.5195.127)
For documentation on this error, please visit: https://selenium.dev/exceptions/#no_such_element
Build info: version: '4.1.2', revision: '9a5a329c5a'
System info: host: 'LAPTOP-F797US9I', ip: '192.168.1.16', os.name: 'Windows 11', os.arch: 'amd64', os.version: '10.0', java.version: '17.0.4'
Driver info: org.openqa.selenium.chrome.ChromeDriver
Command: [9cc46aea9c4e60614d506d4117120852, findElement {using=xpath, value=//span[@id='pr_id_5-label']}]
Capabilities {acceptInsecureCerts: false, browserName: chrome, browserVersion: 105.0.5195.127, chrome: {chromedriverVersion: 105.0.5195.52 (412c95e51883..., userDataDir: C:\Users\Sruja\AppData\Loca...}, goog:chromeOptions: {debuggerAddress: localhost:62063}, javascriptEnabled: true, networkConnectionEnabled: false, pageLoadStrategy: normal, platform: WINDOWS, platformName: WINDOWS, proxy: Proxy(), se:cdp: ws://localhost:62063/devtoo..., se:cdpVersion: 105.0.5195.127, setWindowRect: true, strictFileInteractability: false, timeouts: {implicit: 0, pageLoad: 300000, script: 30000}, unhandledPromptBehavior: dismiss and notify, webauthn:extension:credBlob: true, webauthn:extension:largeBlob: true, webauthn:virtualAuthenticators: true}
Session ID: 9cc46aea9c4e60614d506d4117120852
	at jdk.internal.reflect.GeneratedConstructorAccessor33.newInstance(Unknown Source)
	at java.base/jdk.internal.reflect.DelegatingConstructorAccessorImpl.newInstance(DelegatingConstructorAccessorImpl.java:45)
	at java.base/java.lang.reflect.Constructor.newInstanceWithCaller(Constructor.java:499)
	at java.base/java.lang.reflect.Constructor.newInstance(Constructor.java:480)
	at org.openqa.selenium.remote.codec.w3c.W3CHttpResponseCodec.createException(W3CHttpResponseCodec.java:200)
	at org.openqa.selenium.remote.codec.w3c.W3CHttpResponseCodec.decode(W3CHttpResponseCodec.java:133)
	at org.openqa.selenium.remote.codec.w3c.W3CHttpResponseCodec.decode(W3CHttpResponseCodec.java:53)
	at org.openqa.selenium.remote.HttpCommandExecutor.execute(HttpCommandExecutor.java:184)
	at org.openqa.selenium.remote.service.DriverCommandExecutor.invokeExecute(DriverCommandExecutor.java:167)
	at org.openqa.selenium.remote.service.DriverCommandExecutor.execute(DriverCommandExecutor.java:142)
	at org.openqa.selenium.remote.RemoteWebDriver.execute(RemoteWebDriver.java:558)
	at org.openqa.selenium.remote.ElementLocation$ElementFinder$2.findElement(ElementLocation.java:162)
	at org.openqa.selenium.remote.ElementLocation.findElement(ElementLocation.java:60)
	at org.openqa.selenium.remote.RemoteWebDriver.findElement(RemoteWebDriver.java:382)
	at org.openqa.selenium.remote.RemoteWebDriver.findElement(RemoteWebDriver.java:374)
	at org.openqa.selenium.support.pagefactory.DefaultElementLocator.findElement(DefaultElementLocator.java:70)
	at org.openqa.selenium.support.pagefactory.internal.LocatingElementHandler.invoke(LocatingElementHandler.java:39)
	at jdk.proxy2/jdk.proxy2.$Proxy36.getText(Unknown Source)
	at PageObjects.BatchEdit_PageObject.ValidateBatchDetails(BatchEdit_PageObject.java:182)
	at StepDefinition.SD_Batch1.user_is_on_batch_details(SD_Batch1.java:116)
	at ✽.user is on Batch Details(file:///C:/Users/Sruja/git/LMS_Hackathon_Consolidated/src/test/resources/Features/5Batch1.feature:24)
</textarea>
      
      </div>
                  </div>
                  <div class="step skip-bg">
                    <span>When user edit Name and status</span>
      <div>Step skipped
      </div>
                  </div>
                  <div class="step skip-bg">
                    <span>And click Save button</span>
      <div>Step skipped
      </div>
                  </div>
                  <div class="step skip-bg">
                    <span>Then user can see message Successfully Batch Updated</span>
      <div>Step skipped
      </div>
                  </div>
              </div>
            </div>
        </div>
  </div>
  <div class="card">
    <div class="card-header" role="tab">
      <div class="card-title">
        <div class="node" id="220"><span class="badge log pass-bg mr-2">Pass</span>validate Edit Batch</div>
      </div>
    </div>
        <div class="collapse">
          <div class="card-body">
              <div class="step pass-bg" title="StepDefinition.SD_Batch1.user_is_on_batch_page_with_edited_record()">
                <span>Given user is on Batch Page with edited record</span>
      <div>
      </div>
              </div>
              <div class="step pass-bg" title="StepDefinition.SD_Batch1.user_clear_the_search_box()">
                <span>When user clear the search box</span>
      <div>
      </div>
              </div>
              <div class="step pass-bg" title="StepDefinition.SD_Batch1.user_enter_the_edited_data()">
                <span>And user enter the edited data</span>
      <div>
      </div>
              </div>
              <div class="step pass-bg" title="StepDefinition.SD_Batch1.user_should_see_the_edited_record()">
                <span>Then user should see the edited record</span>
      <div>
      </div>
              </div>
              <div class="step pass-bg" title="StepDefinition.SD_Batch1.user_clear_search_user_is_at_manage_batch_page()">
                <span>And user clear search -user is at Manage batch page</span>
      <div>
      </div>
              </div>
          </div>
        </div>
  </div>
  <div class="card">
    <div class="card-header" role="tab">
      <div class="card-title">
        <div class="node" id="226"><span class="badge log pass-bg mr-2">Pass</span>Delete Manage Batch</div>
      </div>
    </div>
        <div class="collapse">
          <div class="card-body">
              <div class="step pass-bg" title="StepDefinition.SD_Batch1.user_is_at_manage_batch_page_with_multiple_check_boxes()">
                <span>Given user is at Manage Batch Page with multiple check boxes</span>
      <div>
      </div>
              </div>
              <div class="step pass-bg" title="StepDefinition.SD_Batch1.user_click_multiple_check_boxes_to_delete_batch()">
                <span>When user click multiple check boxes to delete Batch</span>
      <div>
      </div>
              </div>
              <div class="step pass-bg" title="StepDefinition.SD_Batch1.user_click_on_delete_button_next_to_search_box()">
                <span>Then user click on Delete button next to search box</span>
      <div>
      </div>
              </div>
          </div>
        </div>
  </div>
  <div class="card">
    <div class="card-header" role="tab">
      <div class="card-title">
        <div class="node" id="230"><span class="badge log fail-bg mr-2">Fail</span>Confirm Deletion Popup</div>
      </div>
    </div>
        <div class="">
          <div class="card-body">
              <div class="step fail-bg" title="StepDefinition.SD_Batch1.user_is_at_confirm_deletion_popup_page()">
                <span>Given user is at Confirm deletion popup Page</span>
      <div>
        <textarea disabled class="code-block">org.openqa.selenium.NoSuchElementException: no such element: Unable to locate element: {"method":"xpath","selector":"//div[@class='p-dialog-header ng-tns-c133-16 ng-star-inserted']/span"}
  (Session info: chrome=105.0.5195.127)
For documentation on this error, please visit: https://selenium.dev/exceptions/#no_such_element
Build info: version: '4.1.2', revision: '9a5a329c5a'
System info: host: 'LAPTOP-F797US9I', ip: '192.168.1.16', os.name: 'Windows 11', os.arch: 'amd64', os.version: '10.0', java.version: '17.0.4'
Driver info: org.openqa.selenium.chrome.ChromeDriver
Command: [9cc46aea9c4e60614d506d4117120852, findElement {using=xpath, value=//div[@class='p-dialog-header ng-tns-c133-16 ng-star-inserted']/span}]
Capabilities {acceptInsecureCerts: false, browserName: chrome, browserVersion: 105.0.5195.127, chrome: {chromedriverVersion: 105.0.5195.52 (412c95e51883..., userDataDir: C:\Users\Sruja\AppData\Loca...}, goog:chromeOptions: {debuggerAddress: localhost:62063}, javascriptEnabled: true, networkConnectionEnabled: false, pageLoadStrategy: normal, platform: WINDOWS, platformName: WINDOWS, proxy: Proxy(), se:cdp: ws://localhost:62063/devtoo..., se:cdpVersion: 105.0.5195.127, setWindowRect: true, strictFileInteractability: false, timeouts: {implicit: 0, pageLoad: 300000, script: 30000}, unhandledPromptBehavior: dismiss and notify, webauthn:extension:credBlob: true, webauthn:extension:largeBlob: true, webauthn:virtualAuthenticators: true}
Session ID: 9cc46aea9c4e60614d506d4117120852
	at jdk.internal.reflect.GeneratedConstructorAccessor33.newInstance(Unknown Source)
	at java.base/jdk.internal.reflect.DelegatingConstructorAccessorImpl.newInstance(DelegatingConstructorAccessorImpl.java:45)
	at java.base/java.lang.reflect.Constructor.newInstanceWithCaller(Constructor.java:499)
	at java.base/java.lang.reflect.Constructor.newInstance(Constructor.java:480)
	at org.openqa.selenium.remote.codec.w3c.W3CHttpResponseCodec.createException(W3CHttpResponseCodec.java:200)
	at org.openqa.selenium.remote.codec.w3c.W3CHttpResponseCodec.decode(W3CHttpResponseCodec.java:133)
	at org.openqa.selenium.remote.codec.w3c.W3CHttpResponseCodec.decode(W3CHttpResponseCodec.java:53)
	at org.openqa.selenium.remote.HttpCommandExecutor.execute(HttpCommandExecutor.java:184)
	at org.openqa.selenium.remote.service.DriverCommandExecutor.invokeExecute(DriverCommandExecutor.java:167)
	at org.openqa.selenium.remote.service.DriverCommandExecutor.execute(DriverCommandExecutor.java:142)
	at org.openqa.selenium.remote.RemoteWebDriver.execute(RemoteWebDriver.java:558)
	at org.openqa.selenium.remote.ElementLocation$ElementFinder$2.findElement(ElementLocation.java:162)
	at org.openqa.selenium.remote.ElementLocation.findElement(ElementLocation.java:60)
	at org.openqa.selenium.remote.RemoteWebDriver.findElement(RemoteWebDriver.java:382)
	at org.openqa.selenium.remote.RemoteWebDriver.findElement(RemoteWebDriver.java:374)
	at org.openqa.selenium.support.pagefactory.DefaultElementLocator.findElement(DefaultElementLocator.java:70)
	at org.openqa.selenium.support.pagefactory.internal.LocatingElementHandler.invoke(LocatingElementHandler.java:39)
	at jdk.proxy2/jdk.proxy2.$Proxy36.getText(Unknown Source)
	at PageObjects.BatchEdit_PageObject.DeleteConfirm(BatchEdit_PageObject.java:54)
	at StepDefinition.SD_Batch1.user_is_at_confirm_deletion_popup_page(SD_Batch1.java:232)
	at ✽.user is at Confirm deletion popup Page(file:///C:/Users/Sruja/git/LMS_Hackathon_Consolidated/src/test/resources/Features/5Batch1.feature:47)
</textarea>
      
      </div>
              </div>
              <div class="step skip-bg" title="StepDefinition.SD_Batch1.user_click_on_yes_button()">
                <span>When user click on Yes button</span>
      <div>Step skipped
      </div>
              </div>
              <div class="step skip-bg" title="StepDefinition.SD_Batch1.user_see_the_message_successfully_deleted()">
                <span>Then user see the message- Successfully Deleted</span>
      <div>Step skipped
      </div>
              </div>
          </div>
        </div>
  </div>
</div>
          </div>
        </li>
        <li class="test-item"  status="fail" test-id="234"
          author=""
          tag=""
          device="">
          <div class="test-detail">
            <p class="name">Batch Add New Batch</p>
            <p class="text-sm">
              <span>4:58:13 PM</span> / <span>00:01:14:078</span>
              <span class="badge fail-bg log float-right">Fail</span>
            </p>
          </div>
          <div class="test-contents d-none">
<div class="detail-head">
<div class="p-v-10">
<div class="info">
<h5 class="test-status text-fail">Batch Add New Batch</h5>
<span class='badge badge-success'>09.27.2022 4:58:13 PM</span>
<span class='badge badge-danger'>09.27.2022 4:59:27 PM</span>
<span class='badge badge-default'>00:01:14:078</span>
&middot; <span class='uri-anchor badge badge-default'>#test-id=234</span>
<span class='badge badge-default pointer float-right ml-1 et'><i class="fa fa-chevron-down"></i></span>
<span class='badge badge-default pointer float-right ct'><i class="fa fa-chevron-up"></i></span>
</div>
<div class="m-t-10 m-l-5"></div>
</div>
</div>
<div class="accordion mt-4">
  <div class="card">
    <div class="card-header" role="tab">
      <div class="card-title">
        <div class="node" id="235"><span class="badge log fail-bg mr-2">Fail</span>Click New Batch button</div>
      </div>
    </div>
        <div class="">
          <div class="card-body">
              <div class="step pass-bg" title="StepDefinition.SD_BatchNewAdd.user_is_at_manage_batch_page_with_a_new_batch_button()">
                <span>Given user is at Manage Batch page with ANew Batch button</span>
      <div>
      </div>
              </div>
              <div class="step fail-bg" title="StepDefinition.SD_BatchNewAdd.user_clicks_on_a_new_batch_button()">
                <span>When user clicks on ANew Batch button</span>
      <div>
        <textarea disabled class="code-block">org.openqa.selenium.ElementClickInterceptedException: element click intercepted: Element <button _ngcontent-egc-c139="" pbutton="" pripple="" id="new" label="A New Batch" icon="pi pi-plus" class="p-button-rounded p-button-success p-button p-component" ng-reflect-label="A New Batch" ng-reflect-icon="pi pi-plus">...</button> is not clickable at point (977, 166). Other element would receive the click: <div class="ng-tns-c133-35 ng-star-inserted p-dialog-mask p-component-overlay p-dialog-mask-scrollblocker" ng-reflect-ng-class="[object Object]" style="z-index: 1001;">...</div>
  (Session info: chrome=105.0.5195.127)
Build info: version: '4.1.2', revision: '9a5a329c5a'
System info: host: 'LAPTOP-F797US9I', ip: '192.168.1.16', os.name: 'Windows 11', os.arch: 'amd64', os.version: '10.0', java.version: '17.0.4'
Driver info: org.openqa.selenium.chrome.ChromeDriver
Command: [9cc46aea9c4e60614d506d4117120852, clickElement {id=2dfd894c-0857-490e-874e-31bccc7c3a2b}]
Capabilities {acceptInsecureCerts: false, browserName: chrome, browserVersion: 105.0.5195.127, chrome: {chromedriverVersion: 105.0.5195.52 (412c95e51883..., userDataDir: C:\Users\Sruja\AppData\Loca...}, goog:chromeOptions: {debuggerAddress: localhost:62063}, javascriptEnabled: true, networkConnectionEnabled: false, pageLoadStrategy: normal, platform: WINDOWS, platformName: WINDOWS, proxy: Proxy(), se:cdp: ws://localhost:62063/devtoo..., se:cdpVersion: 105.0.5195.127, setWindowRect: true, strictFileInteractability: false, timeouts: {implicit: 0, pageLoad: 300000, script: 30000}, unhandledPromptBehavior: dismiss and notify, webauthn:extension:credBlob: true, webauthn:extension:largeBlob: true, webauthn:virtualAuthenticators: true}
Element: [[ChromeDriver: chrome on WINDOWS (9cc46aea9c4e60614d506d4117120852)] -> xpath: //button[@id='new']]
Session ID: 9cc46aea9c4e60614d506d4117120852
	at java.base/jdk.internal.reflect.NativeConstructorAccessorImpl.newInstance0(Native Method)
	at java.base/jdk.internal.reflect.NativeConstructorAccessorImpl.newInstance(NativeConstructorAccessorImpl.java:77)
	at java.base/jdk.internal.reflect.DelegatingConstructorAccessorImpl.newInstance(DelegatingConstructorAccessorImpl.java:45)
	at java.base/java.lang.reflect.Constructor.newInstanceWithCaller(Constructor.java:499)
	at java.base/java.lang.reflect.Constructor.newInstance(Constructor.java:480)
	at org.openqa.selenium.remote.codec.w3c.W3CHttpResponseCodec.createException(W3CHttpResponseCodec.java:200)
	at org.openqa.selenium.remote.codec.w3c.W3CHttpResponseCodec.decode(W3CHttpResponseCodec.java:133)
	at org.openqa.selenium.remote.codec.w3c.W3CHttpResponseCodec.decode(W3CHttpResponseCodec.java:53)
	at org.openqa.selenium.remote.HttpCommandExecutor.execute(HttpCommandExecutor.java:184)
	at org.openqa.selenium.remote.service.DriverCommandExecutor.invokeExecute(DriverCommandExecutor.java:167)
	at org.openqa.selenium.remote.service.DriverCommandExecutor.execute(DriverCommandExecutor.java:142)
	at org.openqa.selenium.remote.RemoteWebDriver.execute(RemoteWebDriver.java:558)
	at org.openqa.selenium.remote.RemoteWebElement.execute(RemoteWebElement.java:251)
	at org.openqa.selenium.remote.RemoteWebElement.click(RemoteWebElement.java:77)
	at jdk.internal.reflect.GeneratedMethodAccessor44.invoke(Unknown Source)
	at java.base/jdk.internal.reflect.DelegatingMethodAccessorImpl.invoke(DelegatingMethodAccessorImpl.java:43)
	at java.base/java.lang.reflect.Method.invoke(Method.java:568)
	at org.openqa.selenium.support.pagefactory.internal.LocatingElementHandler.invoke(LocatingElementHandler.java:52)
	at jdk.proxy2/jdk.proxy2.$Proxy36.click(Unknown Source)
	at PageObjects.Batch_PageObject.ANewbatch(Batch_PageObject.java:88)
	at StepDefinition.SD_BatchNewAdd.user_clicks_on_a_new_batch_button(SD_BatchNewAdd.java:33)
	at ✽.user clicks on ANew Batch button(file:///C:/Users/Sruja/git/LMS_Hackathon_Consolidated/src/test/resources/Features/5Batch2.feature:5)
</textarea>
      
      </div>
              </div>
              <div class="step skip-bg" title="StepDefinition.SD_BatchNewAdd.batch_details_page_popup_with_all_empty_fields()">
                <span>Then Batch Details Page popup with all empty fields</span>
      <div>Step skipped
      </div>
              </div>
          </div>
        </div>
  </div>
  <div class="card">
    <div class="card-header" role="tab">
      <div class="card-title">
        <div class="node" id="239"><span class="badge log fail-bg mr-2">Fail</span>Enter Empty Username</div>
      </div>
    </div>
        <div class="">
          <div class="card-body">
              <div class="step pass-bg" title="StepDefinition.SD_BatchNewAdd.user_is_at_new_add_batch_details_page()">
                <span>Given user is at New Add Batch Details Page</span>
      <div>
      </div>
              </div>
              <div class="step fail-bg" title="StepDefinition.SD_BatchNewAdd.user_enter_empty_username_click_save_button()">
                <span>When user enter empty username - click save button</span>
      <div>
        <textarea disabled class="code-block">org.openqa.selenium.NoSuchElementException: no such element: Unable to locate element: {"method":"xpath","selector":"//input[@id='batchName']"}
  (Session info: chrome=105.0.5195.127)
For documentation on this error, please visit: https://selenium.dev/exceptions/#no_such_element
Build info: version: '4.1.2', revision: '9a5a329c5a'
System info: host: 'LAPTOP-F797US9I', ip: '192.168.1.16', os.name: 'Windows 11', os.arch: 'amd64', os.version: '10.0', java.version: '17.0.4'
Driver info: org.openqa.selenium.chrome.ChromeDriver
Command: [9cc46aea9c4e60614d506d4117120852, findElement {using=xpath, value=//input[@id='batchName']}]
Capabilities {acceptInsecureCerts: false, browserName: chrome, browserVersion: 105.0.5195.127, chrome: {chromedriverVersion: 105.0.5195.52 (412c95e51883..., userDataDir: C:\Users\Sruja\AppData\Loca...}, goog:chromeOptions: {debuggerAddress: localhost:62063}, javascriptEnabled: true, networkConnectionEnabled: false, pageLoadStrategy: normal, platform: WINDOWS, platformName: WINDOWS, proxy: Proxy(), se:cdp: ws://localhost:62063/devtoo..., se:cdpVersion: 105.0.5195.127, setWindowRect: true, strictFileInteractability: false, timeouts: {implicit: 0, pageLoad: 300000, script: 30000}, unhandledPromptBehavior: dismiss and notify, webauthn:extension:credBlob: true, webauthn:extension:largeBlob: true, webauthn:virtualAuthenticators: true}
Session ID: 9cc46aea9c4e60614d506d4117120852
	at jdk.internal.reflect.GeneratedConstructorAccessor33.newInstance(Unknown Source)
	at java.base/jdk.internal.reflect.DelegatingConstructorAccessorImpl.newInstance(DelegatingConstructorAccessorImpl.java:45)
	at java.base/java.lang.reflect.Constructor.newInstanceWithCaller(Constructor.java:499)
	at java.base/java.lang.reflect.Constructor.newInstance(Constructor.java:480)
	at org.openqa.selenium.remote.codec.w3c.W3CHttpResponseCodec.createException(W3CHttpResponseCodec.java:200)
	at org.openqa.selenium.remote.codec.w3c.W3CHttpResponseCodec.decode(W3CHttpResponseCodec.java:133)
	at org.openqa.selenium.remote.codec.w3c.W3CHttpResponseCodec.decode(W3CHttpResponseCodec.java:53)
	at org.openqa.selenium.remote.HttpCommandExecutor.execute(HttpCommandExecutor.java:184)
	at org.openqa.selenium.remote.service.DriverCommandExecutor.invokeExecute(DriverCommandExecutor.java:167)
	at org.openqa.selenium.remote.service.DriverCommandExecutor.execute(DriverCommandExecutor.java:142)
	at org.openqa.selenium.remote.RemoteWebDriver.execute(RemoteWebDriver.java:558)
	at org.openqa.selenium.remote.ElementLocation$ElementFinder$2.findElement(ElementLocation.java:162)
	at org.openqa.selenium.remote.ElementLocation.findElement(ElementLocation.java:60)
	at org.openqa.selenium.remote.RemoteWebDriver.findElement(RemoteWebDriver.java:382)
	at org.openqa.selenium.remote.RemoteWebDriver.findElement(RemoteWebDriver.java:374)
	at org.openqa.selenium.support.pagefactory.DefaultElementLocator.findElement(DefaultElementLocator.java:70)
	at org.openqa.selenium.support.pagefactory.internal.LocatingElementHandler.invoke(LocatingElementHandler.java:39)
	at jdk.proxy2/jdk.proxy2.$Proxy36.sendKeys(Unknown Source)
	at PageObjects.BatchAddNew_PageObject.AddBatchName(BatchAddNew_PageObject.java:66)
	at StepDefinition.SD_BatchNewAdd.user_enter_empty_username_click_save_button(SD_BatchNewAdd.java:49)
	at ✽.user enter empty username - click save button(file:///C:/Users/Sruja/git/LMS_Hackathon_Consolidated/src/test/resources/Features/5Batch2.feature:10)
</textarea>
      
      </div>
              </div>
              <div class="step skip-bg" title="StepDefinition.SD_BatchNewAdd.message_display_name_is_required()">
                <span>Then message display - Name is required</span>
      <div>Step skipped
      </div>
              </div>
          </div>
        </div>
  </div>
  <div class="card">
    <div class="card-header" role="tab">
      <div class="card-title">
        <div class="node" id="243"><span class="badge log fail-bg mr-2">Fail</span>Click cancel button on New Batch</div>
      </div>
    </div>
        <div class="">
          <div class="card-body">
              <div class="step fail-bg" title="StepDefinition.SD_BatchNewAdd.user_is_at_new_add_batch_details_page1()">
                <span>Given user is at New Add Batch Details Page1</span>
      <div>
        <textarea disabled class="code-block">java.io.FileNotFoundException: C:UsersSrujagitLMS_Hackathon_Consolidatedsrc	estesourcesLMS_ExcelSheetLMSExcel.xlsx (The filename, directory name, or volume label syntax is incorrect)
	at java.base/java.io.FileInputStream.open0(Native Method)
	at java.base/java.io.FileInputStream.open(FileInputStream.java:216)
	at java.base/java.io.FileInputStream.<init>(FileInputStream.java:157)
	at java.base/java.io.FileInputStream.<init>(FileInputStream.java:111)
	at utilities.ExcelDataDriven.dataDriven(ExcelDataDriven.java:26)
	at StepDefinition.SD_BatchNewAdd.user_is_at_new_add_batch_details_page1(SD_BatchNewAdd.java:61)
	at ✽.user is at New Add Batch Details Page1(file:///C:/Users/Sruja/git/LMS_Hackathon_Consolidated/src/test/resources/Features/5Batch2.feature:14)
</textarea>
      
      </div>
              </div>
              <div class="step skip-bg" title="StepDefinition.SD_BatchNewAdd.user_click_cancel_button()">
                <span>When user  click cancel button</span>
      <div>Step skipped
      </div>
              </div>
              <div class="step skip-bg" title="StepDefinition.SD_BatchNewAdd.batch_details_popup_is_disappears()">
                <span>Then Batch Details popup is disappears</span>
      <div>Step skipped
      </div>
              </div>
          </div>
        </div>
  </div>
  <div class="card">
    <div class="card-header" role="tab">
      <div class="card-title">
        <div class="node" id="247"><span class="badge log fail-bg mr-2">Fail</span>Add New Batch Details</div>
      </div>
    </div>
        <div class="">
          <div class="card-body">
              <div class="step fail-bg" title="StepDefinition.SD_BatchNewAdd.user_is_at_batch_details_adding_all_details_in_popup_page()">
                <span>Given user is at Batch Details adding all details in popup page</span>
      <div>
        <textarea disabled class="code-block">org.openqa.selenium.ElementClickInterceptedException: element click intercepted: Element <button _ngcontent-egc-c139="" pbutton="" pripple="" id="new" label="A New Batch" icon="pi pi-plus" class="p-button-rounded p-button-success p-button p-component" ng-reflect-label="A New Batch" ng-reflect-icon="pi pi-plus">...</button> is not clickable at point (977, 166). Other element would receive the click: <div class="ng-tns-c133-35 ng-star-inserted p-dialog-mask p-component-overlay p-dialog-mask-scrollblocker" ng-reflect-ng-class="[object Object]" style="z-index: 1001;">...</div>
  (Session info: chrome=105.0.5195.127)
Build info: version: '4.1.2', revision: '9a5a329c5a'
System info: host: 'LAPTOP-F797US9I', ip: '192.168.1.16', os.name: 'Windows 11', os.arch: 'amd64', os.version: '10.0', java.version: '17.0.4'
Driver info: org.openqa.selenium.chrome.ChromeDriver
Command: [9cc46aea9c4e60614d506d4117120852, clickElement {id=2dfd894c-0857-490e-874e-31bccc7c3a2b}]
Capabilities {acceptInsecureCerts: false, browserName: chrome, browserVersion: 105.0.5195.127, chrome: {chromedriverVersion: 105.0.5195.52 (412c95e51883..., userDataDir: C:\Users\Sruja\AppData\Loca...}, goog:chromeOptions: {debuggerAddress: localhost:62063}, javascriptEnabled: true, networkConnectionEnabled: false, pageLoadStrategy: normal, platform: WINDOWS, platformName: WINDOWS, proxy: Proxy(), se:cdp: ws://localhost:62063/devtoo..., se:cdpVersion: 105.0.5195.127, setWindowRect: true, strictFileInteractability: false, timeouts: {implicit: 0, pageLoad: 300000, script: 30000}, unhandledPromptBehavior: dismiss and notify, webauthn:extension:credBlob: true, webauthn:extension:largeBlob: true, webauthn:virtualAuthenticators: true}
Element: [[ChromeDriver: chrome on WINDOWS (9cc46aea9c4e60614d506d4117120852)] -> xpath: //button[@id='new']]
Session ID: 9cc46aea9c4e60614d506d4117120852
	at java.base/jdk.internal.reflect.NativeConstructorAccessorImpl.newInstance0(Native Method)
	at java.base/jdk.internal.reflect.NativeConstructorAccessorImpl.newInstance(NativeConstructorAccessorImpl.java:77)
	at java.base/jdk.internal.reflect.DelegatingConstructorAccessorImpl.newInstance(DelegatingConstructorAccessorImpl.java:45)
	at java.base/java.lang.reflect.Constructor.newInstanceWithCaller(Constructor.java:499)
	at java.base/java.lang.reflect.Constructor.newInstance(Constructor.java:480)
	at org.openqa.selenium.remote.codec.w3c.W3CHttpResponseCodec.createException(W3CHttpResponseCodec.java:200)
	at org.openqa.selenium.remote.codec.w3c.W3CHttpResponseCodec.decode(W3CHttpResponseCodec.java:133)
	at org.openqa.selenium.remote.codec.w3c.W3CHttpResponseCodec.decode(W3CHttpResponseCodec.java:53)
	at org.openqa.selenium.remote.HttpCommandExecutor.execute(HttpCommandExecutor.java:184)
	at org.openqa.selenium.remote.service.DriverCommandExecutor.invokeExecute(DriverCommandExecutor.java:167)
	at org.openqa.selenium.remote.service.DriverCommandExecutor.execute(DriverCommandExecutor.java:142)
	at org.openqa.selenium.remote.RemoteWebDriver.execute(RemoteWebDriver.java:558)
	at org.openqa.selenium.remote.RemoteWebElement.execute(RemoteWebElement.java:251)
	at org.openqa.selenium.remote.RemoteWebElement.click(RemoteWebElement.java:77)
	at jdk.internal.reflect.GeneratedMethodAccessor44.invoke(Unknown Source)
	at java.base/jdk.internal.reflect.DelegatingMethodAccessorImpl.invoke(DelegatingMethodAccessorImpl.java:43)
	at java.base/java.lang.reflect.Method.invoke(Method.java:568)
	at org.openqa.selenium.support.pagefactory.internal.LocatingElementHandler.invoke(LocatingElementHandler.java:52)
	at jdk.proxy2/jdk.proxy2.$Proxy36.click(Unknown Source)
	at PageObjects.Batch_PageObject.ANewbatch(Batch_PageObject.java:88)
	at StepDefinition.SD_BatchNewAdd.user_is_at_batch_details_adding_all_details_in_popup_page(SD_BatchNewAdd.java:84)
	at ✽.user is at Batch Details adding all details in popup page(file:///C:/Users/Sruja/git/LMS_Hackathon_Consolidated/src/test/resources/Features/5Batch2.feature:19)
</textarea>
      
      </div>
              </div>
              <div class="step skip-bg" title="StepDefinition.SD_BatchNewAdd.user_enters_all_details()">
                <span>When user enters all details</span>
      <div>Step skipped
      </div>
              </div>
              <div class="step skip-bg" title="StepDefinition.SD_BatchNewAdd.user_clicks_on_save_button()">
                <span>Then user clicks on save button</span>
      <div>Step skipped
      </div>
              </div>
              <div class="step skip-bg" title="StepDefinition.SD_BatchNewAdd.user_see_message_successful_batch_created()">
                <span>And user see message -Successful batch created</span>
      <div>Step skipped
      </div>
              </div>
          </div>
        </div>
  </div>
  <div class="card">
    <div class="card-header" role="tab">
      <div class="card-title">
        <div class="node" id="252"><span class="badge log pass-bg mr-2">Pass</span>Verify New Batch Added</div>
      </div>
    </div>
        <div class="collapse">
          <div class="card-body">
              <div class="step pass-bg" title="StepDefinition.SD_BatchNewAdd.user_is_at_manage_batch_page2()">
                <span>Given user is at Manage Batch page2</span>
      <div>
      </div>
              </div>
              <div class="step pass-bg" title="StepDefinition.SD_BatchNewAdd.user_verify_add_batch_in_search_box()">
                <span>When user verify  Add batch in search box</span>
      <div>
      </div>
              </div>
              <div class="step pass-bg" title="StepDefinition.SD_BatchNewAdd.user_should_see_new_batch_data_on_manage_batch_page()">
                <span>Then user should see new batch data on Manage batch page</span>
      <div>
      </div>
              </div>
          </div>
        </div>
  </div>
</div>
          </div>
        </li>
        <li class="test-item"  status="pass" test-id="256"
          author=""
          tag=""
          device="">
          <div class="test-detail">
            <p class="name">Pagination & Order</p>
            <p class="text-sm">
              <span>4:59:28 PM</span> / <span>00:01:08:265</span>
              <span class="badge pass-bg log float-right">Pass</span>
            </p>
          </div>
          <div class="test-contents d-none">
<div class="detail-head">
<div class="p-v-10">
<div class="info">
<h5 class="test-status text-pass">Pagination & Order</h5>
<span class='badge badge-success'>09.27.2022 4:59:28 PM</span>
<span class='badge badge-danger'>09.27.2022 5:00:36 PM</span>
<span class='badge badge-default'>00:01:08:265</span>
&middot; <span class='uri-anchor badge badge-default'>#test-id=256</span>
<span class='badge badge-default pointer float-right ml-1 et'><i class="fa fa-chevron-down"></i></span>
<span class='badge badge-default pointer float-right ct'><i class="fa fa-chevron-up"></i></span>
</div>
<div class="m-t-10 m-l-5"></div>
</div>
</div>
<div class="accordion mt-4">
  <div class="card">
    <div class="card-header" role="tab">
      <div class="card-title">
        <div class="node" id="257"><span class="badge log pass-bg mr-2">Pass</span>Naviagte to First Page</div>
      </div>
    </div>
        <div class="collapse">
          <div class="card-body">
              <div class="step pass-bg" title="StepDefinition.SD_BatchOrder.user_is_at_manage_batch_page()">
                <span>Given user is at Manage Batch Page</span>
      <div>
      </div>
              </div>
              <div class="step pass-bg" title="StepDefinition.SD_BatchOrder.user_click_next_link_of_pagination()">
                <span>When user click next link of Pagination</span>
      <div>
      </div>
              </div>
              <div class="step pass-bg" title="StepDefinition.SD_BatchOrder.validate_user_is_at_first_page()">
                <span>Then validate user is at First page</span>
      <div>
      </div>
              </div>
          </div>
        </div>
  </div>
  <div class="card">
    <div class="card-header" role="tab">
      <div class="card-title">
        <div class="node" id="261"><span class="badge log pass-bg mr-2">Pass</span>Naviagte to Previous Page</div>
      </div>
    </div>
        <div class="collapse">
          <div class="card-body">
              <div class="step pass-bg" title="StepDefinition.SD_BatchOrder.user_is_at_batch_page_with_first_page_details()">
                <span>Given user is at Batch Page with First page details</span>
      <div>
      </div>
              </div>
              <div class="step pass-bg" title="StepDefinition.SD_BatchOrder.user_click_next_for_pagination()">
                <span>When user click < Previous for Pagination</span>
      <div>
      </div>
              </div>
              <div class="step pass-bg" title="StepDefinition.SD_BatchOrder.validate_user_is_at_second_page()">
                <span>Then validate user is at Second Page</span>
      <div>
      </div>
              </div>
          </div>
        </div>
  </div>
  <div class="card">
    <div class="card-header" role="tab">
      <div class="card-title">
        <div class="node" id="265"><span class="badge log pass-bg mr-2">Pass</span>Naviagte to Last Page</div>
      </div>
    </div>
        <div class="collapse">
          <div class="card-body">
              <div class="step pass-bg" title="StepDefinition.SD_BatchOrder.user_is_at_batch_page_with_second_page_details()">
                <span>Given user is at Batch Page with Second page details</span>
      <div>
      </div>
              </div>
              <div class="step pass-bg" title="StepDefinition.SD_BatchOrder.user_click_last_link_for_pagination()">
                <span>When user click last link for pagination</span>
      <div>
      </div>
              </div>
              <div class="step pass-bg" title="StepDefinition.SD_BatchOrder.validate_user_is_at_last_page()">
                <span>Then validate user is at last Page</span>
      <div>
      </div>
              </div>
          </div>
        </div>
  </div>
  <div class="card">
    <div class="card-header" role="tab">
      <div class="card-title">
        <div class="node" id="269"><span class="badge log pass-bg mr-2">Pass</span>Naviagte back First Page</div>
      </div>
    </div>
        <div class="collapse">
          <div class="card-body">
              <div class="step pass-bg" title="StepDefinition.SD_BatchOrder.user_is_on_last_page_of_batch_details()">
                <span>Given user is on Last Page of Batch Details</span>
      <div>
      </div>
              </div>
              <div class="step pass-bg" title="StepDefinition.SD_BatchOrder.user_click_on_first_link_for_pagination()">
                <span>When user click on  First link for pagination</span>
      <div>
      </div>
              </div>
              <div class="step pass-bg" title="StepDefinition.SD_BatchOrder.validate_is_on_first_page_of_batch()">
                <span>Then validate is on First page of Batch</span>
      <div>
      </div>
              </div>
          </div>
        </div>
  </div>
  <div class="card">
    <div class="card-header" role="tab">
      <div class="card-title">
        <div class="node" id="273"><span class="badge log pass-bg mr-2">Pass</span>Ascending Order by Batch Name</div>
      </div>
    </div>
        <div class="collapse">
          <div class="card-body">
              <div class="step pass-bg" title="StepDefinition.SD_BatchOrder.user_is_at_manage_details_page_with_batch_name()">
                <span>Given user is at Manage Details page with Batch Name</span>
      <div>
      </div>
              </div>
              <div class="step pass-bg" title="StepDefinition.SD_BatchOrder.user_click_on_batch_name()">
                <span>When user click on Batch Name</span>
      <div>
      </div>
              </div>
              <div class="step pass-bg" title="StepDefinition.SD_BatchOrder.validate_batch_name_in_ascending_order()">
                <span>Then validate Batch Name in Ascending order</span>
      <div>
      </div>
              </div>
          </div>
        </div>
  </div>
  <div class="card">
    <div class="card-header" role="tab">
      <div class="card-title">
        <div class="node" id="277"><span class="badge log pass-bg mr-2">Pass</span>Ascending Order by Batch Description</div>
      </div>
    </div>
        <div class="collapse">
          <div class="card-body">
              <div class="step pass-bg" title="StepDefinition.SD_BatchOrder.user_is_at_manage_details_page_with_batch_description()">
                <span>Given user is at Manage Details page with Batch Description</span>
      <div>
      </div>
              </div>
              <div class="step pass-bg" title="StepDefinition.SD_BatchOrder.user_click_on_batch_description()">
                <span>When user click on Batch Description</span>
      <div>
      </div>
              </div>
              <div class="step pass-bg" title="StepDefinition.SD_BatchOrder.validate_batch_description_in_ascending_order()">
                <span>Then validate Batch Description in Ascending order</span>
      <div>
      </div>
              </div>
          </div>
        </div>
  </div>
  <div class="card">
    <div class="card-header" role="tab">
      <div class="card-title">
        <div class="node" id="281"><span class="badge log pass-bg mr-2">Pass</span>Ascending Order by Batch Status</div>
      </div>
    </div>
        <div class="collapse">
          <div class="card-body">
              <div class="step pass-bg" title="StepDefinition.SD_BatchOrder.user_is_at_manage_details_page_with_batch_status()">
                <span>Given user is at Manage Details page with Batch Status</span>
      <div>
      </div>
              </div>
              <div class="step pass-bg" title="StepDefinition.SD_BatchOrder.user_click_on_batch_status()">
                <span>When user click on Batch Status</span>
      <div>
      </div>
              </div>
              <div class="step pass-bg" title="StepDefinition.SD_BatchOrder.validate_batch_status_in_ascending_order()">
                <span>Then validate Batch Status in Ascending order</span>
      <div>
      </div>
              </div>
          </div>
        </div>
  </div>
  <div class="card">
    <div class="card-header" role="tab">
      <div class="card-title">
        <div class="node" id="285"><span class="badge log pass-bg mr-2">Pass</span>Ascending Order by No Of Classes</div>
      </div>
    </div>
        <div class="collapse">
          <div class="card-body">
              <div class="step pass-bg" title="StepDefinition.SD_BatchOrder.user_is_at_manage_details_page_with_no_of_classes()">
                <span>Given user is at Manage Details page with NoOfClasses</span>
      <div>
      </div>
              </div>
              <div class="step pass-bg" title="StepDefinition.SD_BatchOrder.user_click_on_no_of_classes()">
                <span>When user click on NoOfClasses</span>
      <div>
      </div>
              </div>
              <div class="step pass-bg" title="StepDefinition.SD_BatchOrder.validate_no_of_classes_in_ascending_order()">
                <span>Then validate NoOfClasses in Ascending order</span>
      <div>
      </div>
              </div>
          </div>
        </div>
  </div>
  <div class="card">
    <div class="card-header" role="tab">
      <div class="card-title">
        <div class="node" id="289"><span class="badge log pass-bg mr-2">Pass</span>Descending Order by Batch Name</div>
      </div>
    </div>
        <div class="collapse">
          <div class="card-body">
              <div class="step pass-bg" title="StepDefinition.SD_BatchOrder.user_is_at_manage_details_page_with_batch_name()">
                <span>Given user is at Manage Details page with Batch Name</span>
      <div>
      </div>
              </div>
              <div class="step pass-bg" title="StepDefinition.SD_BatchOrder.user_click_on_batch_name()">
                <span>When user click on Batch Name</span>
      <div>
      </div>
              </div>
              <div class="step pass-bg" title="StepDefinition.SD_BatchOrder.validate_batch_name_in_descending_order()">
                <span>Then validate Batch Name in Descending order</span>
      <div>
      </div>
              </div>
          </div>
        </div>
  </div>
  <div class="card">
    <div class="card-header" role="tab">
      <div class="card-title">
        <div class="node" id="293"><span class="badge log pass-bg mr-2">Pass</span>Descending Order by Batch Description</div>
      </div>
    </div>
        <div class="collapse">
          <div class="card-body">
              <div class="step pass-bg" title="StepDefinition.SD_BatchOrder.user_is_at_manage_details_page_with_batch_description()">
                <span>Given user is at Manage Details page with Batch Description</span>
      <div>
      </div>
              </div>
              <div class="step pass-bg" title="StepDefinition.SD_BatchOrder.user_click_on_batch_description()">
                <span>When user click on Batch Description</span>
      <div>
      </div>
              </div>
              <div class="step pass-bg" title="StepDefinition.SD_BatchOrder.validate_batch_description_in_descending_order()">
                <span>Then validate Batch Description in Descending order</span>
      <div>
      </div>
              </div>
          </div>
        </div>
  </div>
  <div class="card">
    <div class="card-header" role="tab">
      <div class="card-title">
        <div class="node" id="297"><span class="badge log pass-bg mr-2">Pass</span>Descending Order by Batch Status</div>
      </div>
    </div>
        <div class="collapse">
          <div class="card-body">
              <div class="step pass-bg" title="StepDefinition.SD_BatchOrder.user_is_at_manage_details_page_with_batch_status()">
                <span>Given user is at Manage Details page with Batch Status</span>
      <div>
      </div>
              </div>
              <div class="step pass-bg" title="StepDefinition.SD_BatchOrder.user_click_on_batch_status()">
                <span>When user click on Batch Status</span>
      <div>
      </div>
              </div>
              <div class="step pass-bg" title="StepDefinition.SD_BatchOrder.validate_batch_status_in_descending_order()">
                <span>Then validate Batch Status in Descending order</span>
      <div>
      </div>
              </div>
          </div>
        </div>
  </div>
  <div class="card">
    <div class="card-header" role="tab">
      <div class="card-title">
        <div class="node" id="301"><span class="badge log pass-bg mr-2">Pass</span>Descending Order by No Of Classes</div>
      </div>
    </div>
        <div class="collapse">
          <div class="card-body">
              <div class="step pass-bg" title="StepDefinition.SD_BatchOrder.user_is_at_manage_details_page_with_no_of_classes()">
                <span>Given user is at Manage Details page with NoOfClasses</span>
      <div>
      </div>
              </div>
              <div class="step pass-bg" title="StepDefinition.SD_BatchOrder.user_click_on_no_of_classes()">
                <span>When user click on NoOfClasses</span>
      <div>
      </div>
              </div>
              <div class="step pass-bg" title="StepDefinition.SD_BatchOrder.validate_batch_no_of_classes_in_descending_order()">
                <span>Then validate Batch NoOfClasses in Descending order</span>
      <div>
      </div>
              </div>
          </div>
        </div>
  </div>
</div>
          </div>
        </li>
        <li class="test-item"  status="fail" test-id="305"
          author=""
          tag=""
          device="">
          <div class="test-detail">
            <p class="name">Verify program details form</p>
            <p class="text-sm">
              <span>5:00:36 PM</span> / <span>00:03:30:766</span>
              <span class="badge fail-bg log float-right">Fail</span>
            </p>
          </div>
          <div class="test-contents d-none">
<div class="detail-head">
<div class="p-v-10">
<div class="info">
<h5 class="test-status text-fail">Verify program details form</h5>
<span class='badge badge-success'>09.27.2022 5:00:36 PM</span>
<span class='badge badge-danger'>09.27.2022 5:04:07 PM</span>
<span class='badge badge-default'>00:03:30:766</span>
&middot; <span class='uri-anchor badge badge-default'>#test-id=305</span>
<span class='badge badge-default pointer float-right ml-1 et'><i class="fa fa-chevron-down"></i></span>
<span class='badge badge-default pointer float-right ct'><i class="fa fa-chevron-up"></i></span>
</div>
<div class="m-t-10 m-l-5"></div>
</div>
</div>
<div class="accordion mt-4">
  <div class="card">
    <div class="card-header" role="tab">
      <div class="card-title">
        <div class="node" id="306"><span class="badge log fail-bg mr-2">Fail</span>Validate Add New Program</div>
      </div>
    </div>
        <div class="">
          <div class="card-body">
              <div class="step pass-bg" title="StepDefinition.SD_Program6.user_is_on_program_to_add_a_new_program()">
                <span>Given User is on Program to add a new program</span>
      <div>
      </div>
              </div>
              <div class="step fail-bg" title="StepDefinition.SD_Program6.user_clicks_new_program_button()">
                <span>When User clicks new program button</span>
      <div>
        <textarea disabled class="code-block">org.openqa.selenium.NoSuchElementException: no such element: Unable to locate element: {"method":"xpath","selector":"//span[normalize-space()='A New Program']"}
  (Session info: chrome=105.0.5195.127)
For documentation on this error, please visit: https://selenium.dev/exceptions/#no_such_element
Build info: version: '4.1.2', revision: '9a5a329c5a'
System info: host: 'LAPTOP-F797US9I', ip: '192.168.1.16', os.name: 'Windows 11', os.arch: 'amd64', os.version: '10.0', java.version: '17.0.4'
Driver info: org.openqa.selenium.chrome.ChromeDriver
Command: [9cc46aea9c4e60614d506d4117120852, findElement {using=xpath, value=//span[normalize-space()='A New Program']}]
Capabilities {acceptInsecureCerts: false, browserName: chrome, browserVersion: 105.0.5195.127, chrome: {chromedriverVersion: 105.0.5195.52 (412c95e51883..., userDataDir: C:\Users\Sruja\AppData\Loca...}, goog:chromeOptions: {debuggerAddress: localhost:62063}, javascriptEnabled: true, networkConnectionEnabled: false, pageLoadStrategy: normal, platform: WINDOWS, platformName: WINDOWS, proxy: Proxy(), se:cdp: ws://localhost:62063/devtoo..., se:cdpVersion: 105.0.5195.127, setWindowRect: true, strictFileInteractability: false, timeouts: {implicit: 0, pageLoad: 300000, script: 30000}, unhandledPromptBehavior: dismiss and notify, webauthn:extension:credBlob: true, webauthn:extension:largeBlob: true, webauthn:virtualAuthenticators: true}
Session ID: 9cc46aea9c4e60614d506d4117120852
	at jdk.internal.reflect.GeneratedConstructorAccessor33.newInstance(Unknown Source)
	at java.base/jdk.internal.reflect.DelegatingConstructorAccessorImpl.newInstance(DelegatingConstructorAccessorImpl.java:45)
	at java.base/java.lang.reflect.Constructor.newInstanceWithCaller(Constructor.java:499)
	at java.base/java.lang.reflect.Constructor.newInstance(Constructor.java:480)
	at org.openqa.selenium.remote.codec.w3c.W3CHttpResponseCodec.createException(W3CHttpResponseCodec.java:200)
	at org.openqa.selenium.remote.codec.w3c.W3CHttpResponseCodec.decode(W3CHttpResponseCodec.java:133)
	at org.openqa.selenium.remote.codec.w3c.W3CHttpResponseCodec.decode(W3CHttpResponseCodec.java:53)
	at org.openqa.selenium.remote.HttpCommandExecutor.execute(HttpCommandExecutor.java:184)
	at org.openqa.selenium.remote.service.DriverCommandExecutor.invokeExecute(DriverCommandExecutor.java:167)
	at org.openqa.selenium.remote.service.DriverCommandExecutor.execute(DriverCommandExecutor.java:142)
	at org.openqa.selenium.remote.RemoteWebDriver.execute(RemoteWebDriver.java:558)
	at org.openqa.selenium.remote.ElementLocation$ElementFinder$2.findElement(ElementLocation.java:162)
	at org.openqa.selenium.remote.ElementLocation.findElement(ElementLocation.java:60)
	at org.openqa.selenium.remote.RemoteWebDriver.findElement(RemoteWebDriver.java:382)
	at org.openqa.selenium.remote.RemoteWebDriver.findElement(RemoteWebDriver.java:374)
	at org.openqa.selenium.support.pagefactory.DefaultElementLocator.findElement(DefaultElementLocator.java:70)
	at org.openqa.selenium.support.pagefactory.internal.LocatingElementHandler.invoke(LocatingElementHandler.java:39)
	at jdk.proxy2/jdk.proxy2.$Proxy36.click(Unknown Source)
	at PageObjects.ProgramPage2_pageobjects.AddNewProg(ProgramPage2_pageobjects.java:53)
	at StepDefinition.SD_Program6.user_clicks_new_program_button(SD_Program6.java:29)
	at ✽.User clicks new program button(file:///C:/Users/Sruja/git/LMS_Hackathon_Consolidated/src/test/resources/Features/6program.feature:9)
</textarea>
      
      </div>
              </div>
              <div class="step skip-bg" title="StepDefinition.SD_Program6.user_lands_on_program_details_form()">
                <span>Then User lands on Program Details form</span>
      <div>Step skipped
      </div>
              </div>
          </div>
        </div>
  </div>
  <div class="card">
    <div class="card-header" role="tab">
      <div class="card-title">
        <div class="node" id="310"><span class="badge log fail-bg mr-2">Fail</span>Empty form submission</div>
      </div>
    </div>
        <div class="">
          <div class="card-body">
              <div class="step pass-bg" title="StepDefinition.SD_Program6.user_is_on_program_to_add_a_new_program()">
                <span>Given User is on Program to add a new program</span>
      <div>
      </div>
              </div>
              <div class="step fail-bg" title="StepDefinition.SD_Program6.user_clicks_save_button_without_entering_data()">
                <span>When User clicks Save button without entering data</span>
      <div>
        <textarea disabled class="code-block">org.openqa.selenium.NoSuchElementException: no such element: Unable to locate element: {"method":"xpath","selector":"//span[normalize-space()='Save']"}
  (Session info: chrome=105.0.5195.127)
For documentation on this error, please visit: https://selenium.dev/exceptions/#no_such_element
Build info: version: '4.1.2', revision: '9a5a329c5a'
System info: host: 'LAPTOP-F797US9I', ip: '192.168.1.16', os.name: 'Windows 11', os.arch: 'amd64', os.version: '10.0', java.version: '17.0.4'
Driver info: org.openqa.selenium.chrome.ChromeDriver
Command: [9cc46aea9c4e60614d506d4117120852, findElement {using=xpath, value=//span[normalize-space()='Save']}]
Capabilities {acceptInsecureCerts: false, browserName: chrome, browserVersion: 105.0.5195.127, chrome: {chromedriverVersion: 105.0.5195.52 (412c95e51883..., userDataDir: C:\Users\Sruja\AppData\Loca...}, goog:chromeOptions: {debuggerAddress: localhost:62063}, javascriptEnabled: true, networkConnectionEnabled: false, pageLoadStrategy: normal, platform: WINDOWS, platformName: WINDOWS, proxy: Proxy(), se:cdp: ws://localhost:62063/devtoo..., se:cdpVersion: 105.0.5195.127, setWindowRect: true, strictFileInteractability: false, timeouts: {implicit: 0, pageLoad: 300000, script: 30000}, unhandledPromptBehavior: dismiss and notify, webauthn:extension:credBlob: true, webauthn:extension:largeBlob: true, webauthn:virtualAuthenticators: true}
Session ID: 9cc46aea9c4e60614d506d4117120852
	at jdk.internal.reflect.GeneratedConstructorAccessor33.newInstance(Unknown Source)
	at java.base/jdk.internal.reflect.DelegatingConstructorAccessorImpl.newInstance(DelegatingConstructorAccessorImpl.java:45)
	at java.base/java.lang.reflect.Constructor.newInstanceWithCaller(Constructor.java:499)
	at java.base/java.lang.reflect.Constructor.newInstance(Constructor.java:480)
	at org.openqa.selenium.remote.codec.w3c.W3CHttpResponseCodec.createException(W3CHttpResponseCodec.java:200)
	at org.openqa.selenium.remote.codec.w3c.W3CHttpResponseCodec.decode(W3CHttpResponseCodec.java:133)
	at org.openqa.selenium.remote.codec.w3c.W3CHttpResponseCodec.decode(W3CHttpResponseCodec.java:53)
	at org.openqa.selenium.remote.HttpCommandExecutor.execute(HttpCommandExecutor.java:184)
	at org.openqa.selenium.remote.service.DriverCommandExecutor.invokeExecute(DriverCommandExecutor.java:167)
	at org.openqa.selenium.remote.service.DriverCommandExecutor.execute(DriverCommandExecutor.java:142)
	at org.openqa.selenium.remote.RemoteWebDriver.execute(RemoteWebDriver.java:558)
	at org.openqa.selenium.remote.ElementLocation$ElementFinder$2.findElement(ElementLocation.java:162)
	at org.openqa.selenium.remote.ElementLocation.findElement(ElementLocation.java:60)
	at org.openqa.selenium.remote.RemoteWebDriver.findElement(RemoteWebDriver.java:382)
	at org.openqa.selenium.remote.RemoteWebDriver.findElement(RemoteWebDriver.java:374)
	at org.openqa.selenium.support.pagefactory.DefaultElementLocator.findElement(DefaultElementLocator.java:70)
	at org.openqa.selenium.support.pagefactory.internal.LocatingElementHandler.invoke(LocatingElementHandler.java:39)
	at jdk.proxy2/jdk.proxy2.$Proxy36.click(Unknown Source)
	at PageObjects.ProgramPage2_pageobjects.ProgDetailsSave(ProgramPage2_pageobjects.java:82)
	at StepDefinition.SD_Program6.user_clicks_save_button_without_entering_data(SD_Program6.java:35)
	at ✽.User clicks Save button without entering data(file:///C:/Users/Sruja/git/LMS_Hackathon_Consolidated/src/test/resources/Features/6program.feature:13)
</textarea>
      
      </div>
              </div>
              <div class="step skip-bg" title="StepDefinition.SD_Program6.user_gets_message_name_is_required()">
                <span>Then User gets message Name is required</span>
      <div>Step skipped
      </div>
              </div>
          </div>
        </div>
  </div>
  <div class="card">
    <div class="card-header" role="tab">
      <div class="card-title">
        <div class="node" id="314"><span class="badge log fail-bg mr-2">Fail</span>Enter Program Name</div>
      </div>
    </div>
        <div class="">
          <div class="card-body">
              <div class="step pass-bg" title="StepDefinition.SD_Program6.user_is_on_program_to_add_a_new_program()">
                <span>Given User is on Program to add a new program</span>
      <div>
      </div>
              </div>
              <div class="step fail-bg" title="StepDefinition.SD_Program6.user_enters_name_in_text_box()">
                <span>When User enters Name in text box</span>
      <div>
        <textarea disabled class="code-block">org.openqa.selenium.NoSuchElementException: no such element: Unable to locate element: {"method":"xpath","selector":"//input[@id='programName']"}
  (Session info: chrome=105.0.5195.127)
For documentation on this error, please visit: https://selenium.dev/exceptions/#no_such_element
Build info: version: '4.1.2', revision: '9a5a329c5a'
System info: host: 'LAPTOP-F797US9I', ip: '192.168.1.16', os.name: 'Windows 11', os.arch: 'amd64', os.version: '10.0', java.version: '17.0.4'
Driver info: org.openqa.selenium.chrome.ChromeDriver
Command: [9cc46aea9c4e60614d506d4117120852, findElement {using=xpath, value=//input[@id='programName']}]
Capabilities {acceptInsecureCerts: false, browserName: chrome, browserVersion: 105.0.5195.127, chrome: {chromedriverVersion: 105.0.5195.52 (412c95e51883..., userDataDir: C:\Users\Sruja\AppData\Loca...}, goog:chromeOptions: {debuggerAddress: localhost:62063}, javascriptEnabled: true, networkConnectionEnabled: false, pageLoadStrategy: normal, platform: WINDOWS, platformName: WINDOWS, proxy: Proxy(), se:cdp: ws://localhost:62063/devtoo..., se:cdpVersion: 105.0.5195.127, setWindowRect: true, strictFileInteractability: false, timeouts: {implicit: 0, pageLoad: 300000, script: 30000}, unhandledPromptBehavior: dismiss and notify, webauthn:extension:credBlob: true, webauthn:extension:largeBlob: true, webauthn:virtualAuthenticators: true}
Session ID: 9cc46aea9c4e60614d506d4117120852
	at jdk.internal.reflect.GeneratedConstructorAccessor33.newInstance(Unknown Source)
	at java.base/jdk.internal.reflect.DelegatingConstructorAccessorImpl.newInstance(DelegatingConstructorAccessorImpl.java:45)
	at java.base/java.lang.reflect.Constructor.newInstanceWithCaller(Constructor.java:499)
	at java.base/java.lang.reflect.Constructor.newInstance(Constructor.java:480)
	at org.openqa.selenium.remote.codec.w3c.W3CHttpResponseCodec.createException(W3CHttpResponseCodec.java:200)
	at org.openqa.selenium.remote.codec.w3c.W3CHttpResponseCodec.decode(W3CHttpResponseCodec.java:133)
	at org.openqa.selenium.remote.codec.w3c.W3CHttpResponseCodec.decode(W3CHttpResponseCodec.java:53)
	at org.openqa.selenium.remote.HttpCommandExecutor.execute(HttpCommandExecutor.java:184)
	at org.openqa.selenium.remote.service.DriverCommandExecutor.invokeExecute(DriverCommandExecutor.java:167)
	at org.openqa.selenium.remote.service.DriverCommandExecutor.execute(DriverCommandExecutor.java:142)
	at org.openqa.selenium.remote.RemoteWebDriver.execute(RemoteWebDriver.java:558)
	at org.openqa.selenium.remote.ElementLocation$ElementFinder$2.findElement(ElementLocation.java:162)
	at org.openqa.selenium.remote.ElementLocation.findElement(ElementLocation.java:60)
	at org.openqa.selenium.remote.RemoteWebDriver.findElement(RemoteWebDriver.java:382)
	at org.openqa.selenium.remote.RemoteWebDriver.findElement(RemoteWebDriver.java:374)
	at org.openqa.selenium.support.pagefactory.DefaultElementLocator.findElement(DefaultElementLocator.java:70)
	at org.openqa.selenium.support.pagefactory.internal.LocatingElementHandler.invoke(LocatingElementHandler.java:39)
	at jdk.proxy2/jdk.proxy2.$Proxy36.sendKeys(Unknown Source)
	at PageObjects.ProgramPage2_pageobjects.AddProgName(ProgramPage2_pageobjects.java:58)
	at StepDefinition.SD_Program6.user_enters_name_in_text_box(SD_Program6.java:51)
	at ✽.User enters Name in text box(file:///C:/Users/Sruja/git/LMS_Hackathon_Consolidated/src/test/resources/Features/6program.feature:17)
</textarea>
      
      </div>
              </div>
              <div class="step skip-bg" title="StepDefinition.SD_Program6.user_can_see_name_entered()">
                <span>Then User can see Name entered</span>
      <div>Step skipped
      </div>
              </div>
          </div>
        </div>
  </div>
</div>
          </div>
        </li>
        <li class="test-item"  status="pass" test-id="318"
          author=""
          tag=""
          device="">
          <div class="test-detail">
            <p class="name">Manageuser Page</p>
            <p class="text-sm">
              <span>5:04:07 PM</span> / <span>00:00:08:801</span>
              <span class="badge pass-bg log float-right">Pass</span>
            </p>
          </div>
          <div class="test-contents d-none">
<div class="detail-head">
<div class="p-v-10">
<div class="info">
<h5 class="test-status text-pass">Manageuser Page</h5>
<span class='badge badge-success'>09.27.2022 5:04:07 PM</span>
<span class='badge badge-danger'>09.27.2022 5:04:16 PM</span>
<span class='badge badge-default'>00:00:08:801</span>
&middot; <span class='uri-anchor badge badge-default'>#test-id=318</span>
<span class='badge badge-default pointer float-right ml-1 et'><i class="fa fa-chevron-down"></i></span>
<span class='badge badge-default pointer float-right ct'><i class="fa fa-chevron-up"></i></span>
</div>
<div class="m-t-10 m-l-5"></div>
</div>
</div>
<div class="accordion mt-4">
  <div class="card">
    <div class="card-header" role="tab">
      <div class="card-title">
        <div class="node" id="319"><span class="badge log pass-bg mr-2">Pass</span>Manage User Page</div>
      </div>
    </div>
        <div class="collapse">
          <div class="card-body">
              <div class="step pass-bg" title="StepDefinition.SD_User1.user_is_at_manage_batch_page1()">
                <span>Given user is at Manage Batch page1</span>
      <div>
      </div>
              </div>
              <div class="step pass-bg" title="StepDefinition.SD_User1.user_click_on_user_button()">
                <span>When user click on User button</span>
      <div>
      </div>
              </div>
              <div class="step pass-bg" title="StepDefinition.SD_User1.user_is_at_manage_user_page2()">
                <span>Then user is at Manage User page2</span>
      <div>
      </div>
              </div>
          </div>
        </div>
  </div>
  <div class="card">
    <div class="card-header" role="tab">
      <div class="card-title">
        <div class="node" id="323"><span class="badge log pass-bg mr-2">Pass</span>Validating Delete button on User Page</div>
      </div>
    </div>
        <div class="collapse">
          <div class="card-body">
              <div class="step pass-bg" title="StepDefinition.SD_User1.user_display_user_program_page()">
                <span>Given user display user program page</span>
      <div>
      </div>
              </div>
              <div class="step pass-bg" title="StepDefinition.SD_User1.user_enter_user_button()">
                <span>When user enter user button</span>
      <div>
      </div>
              </div>
              <div class="step pass-bg" title="StepDefinition.SD_User1.user_validate_delete_button_is_disable1()">
                <span>And user validate Delete button is Disable1</span>
      <div>
      </div>
              </div>
          </div>
        </div>
  </div>
  <div class="card">
    <div class="card-header" role="tab">
      <div class="card-title">
        <div class="node" id="327"><span class="badge log pass-bg mr-2">Pass</span>verifying for heading fields of user</div>
      </div>
    </div>
        <div class="collapse">
          <div class="card-body">
              <div class="step pass-bg" title="StepDefinition.SD_User1.user_is_on_the_manage_user_page()">
                <span>Given User is on the Manage user page</span>
      <div>
      </div>
              </div>
              <div class="step pass-bg" title="StepDefinition.SD_User1.user_clicks_user_button1()">
                <span>When user clicks user button1</span>
      <div>
      </div>
              </div>
              <div class="step pass-bg" title="StepDefinition.SD_User1.user_verify_for_the_different_header_fields_of_users()">
                <span>Then User verify for the different header fields of users</span>
      <div>
      </div>
              </div>
          </div>
        </div>
  </div>
  <div class="card">
    <div class="card-header" role="tab">
      <div class="card-title">
        <div class="node" id="331"><span class="badge log pass-bg mr-2">Pass</span>Manage User Search Box</div>
      </div>
    </div>
        <div class="collapse">
          <div class="card-body">
              <div class="step pass-bg" title="StepDefinition.SD_User1.user_is_at_user_page()">
                <span>Given user is at user Page</span>
      <div>
      </div>
              </div>
              <div class="step pass-bg" title="StepDefinition.SD_User1.user_enter_username_in_search_box()">
                <span>When user enter username in search box</span>
      <div>
      </div>
              </div>
              <div class="step pass-bg" title="StepDefinition.SD_User1.matching_records_of_username_is_displayed()">
                <span>Then Matching records of username is displayed</span>
      <div>
      </div>
              </div>
          </div>
        </div>
  </div>
  <div class="card">
    <div class="card-header" role="tab">
      <div class="card-title">
        <div class="node" id="335"><span class="badge log pass-bg mr-2">Pass</span>Userdetails Page</div>
      </div>
    </div>
        <div class="collapse">
          <div class="card-body">
              <div class="step pass-bg" title="StepDefinition.SD_User1.user_is_at_userpage_with_search_record()">
                <span>Given user is at userpage with search record</span>
      <div>
      </div>
              </div>
              <div class="step pass-bg" title="StepDefinition.SD_User1.user_clicks_on_edit_button1()">
                <span>When user clicks on Edit button1</span>
      <div>
      </div>
              </div>
              <div class="step pass-bg" title="StepDefinition.SD_User1.user_lands_on_userdetails_page()">
                <span>Then user lands on userdetails page</span>
      <div>
      </div>
              </div>
          </div>
        </div>
  </div>
  <div class="card">
    <div class="card-header" role="tab">
      <div class="card-title">
        <div class="node" id="339"><span class="badge log pass-bg mr-2">Pass</span>Userdetails page verification</div>
      </div>
    </div>
        <div class="collapse">
          <div class="card-body">
              <div class="step pass-bg" title="StepDefinition.SD_User1.user_is_at_user_details_page()">
                <span>Given user is at user details page</span>
      <div>
      </div>
              </div>
              <div class="step pass-bg" title="StepDefinition.SD_User1.user_verifies_for_submit_and_cancel_button()">
                <span>When user verifies for submit and cancel button</span>
      <div>
      </div>
              </div>
              <div class="step pass-bg" title="StepDefinition.SD_User1.user_clicks_cancel_button()">
                <span>Then user clicks cancel button</span>
      <div>
      </div>
              </div>
          </div>
        </div>
  </div>
  <div class="card">
    <div class="card-header" role="tab">
      <div class="card-title">
        <div class="node" id="343"><span class="badge log pass-bg mr-2">Pass</span>Adding new user in manage user page</div>
      </div>
    </div>
        <div class="collapse">
          <div class="card-body">
              <div class="step pass-bg" title="StepDefinition.SD_User1.user_is_at_user_details_page_to_add_new_user()">
                <span>Given user is at user details page to add new user</span>
      <div>
      </div>
              </div>
              <div class="step pass-bg" title="StepDefinition.SD_User1.user_clicks_add_new_button()">
                <span>When user clicks Add new button</span>
      <div>
      </div>
              </div>
              <div class="step pass-bg" title="StepDefinition.SD_User1.user_details_window_for_adding_user_is_displayed()">
                <span>Then User details window for adding user is displayed</span>
      <div>
      </div>
              </div>
          </div>
        </div>
  </div>
  <div class="card">
    <div class="card-header" role="tab">
      <div class="card-title">
        <div class="node" id="347"><span class="badge log pass-bg mr-2">Pass</span>Add new user cancel funtionality</div>
      </div>
    </div>
        <div class="collapse">
          <div class="card-body">
              <div class="step pass-bg" title="StepDefinition.SD_User1.user_is_at_user_details_page_after_clicking_add_user()">
                <span>Given user is at user details page after clicking Add user</span>
      <div>
      </div>
              </div>
              <div class="step pass-bg" title="StepDefinition.SD_User1.user_clicks_x_button_at_the()">
                <span>When user clicks x button at the</span>
      <div>
      </div>
              </div>
              <div class="step pass-bg" title="StepDefinition.SD_User1.user_details_window_for_adding_user_is_closed()">
                <span>Then User details window for adding user is closed</span>
      <div>
      </div>
              </div>
          </div>
        </div>
  </div>
</div>
          </div>
        </li>
        <li class="test-item"  status="pass" test-id="351"
          author=""
          tag=""
          device="">
          <div class="test-detail">
            <p class="name">Assignment</p>
            <p class="text-sm">
              <span>5:04:16 PM</span> / <span>00:00:05:080</span>
              <span class="badge pass-bg log float-right">Pass</span>
            </p>
          </div>
          <div class="test-contents d-none">
<div class="detail-head">
<div class="p-v-10">
<div class="info">
<h5 class="test-status text-pass">Assignment</h5>
<span class='badge badge-success'>09.27.2022 5:04:16 PM</span>
<span class='badge badge-danger'>09.27.2022 5:04:21 PM</span>
<span class='badge badge-default'>00:00:05:080</span>
&middot; <span class='uri-anchor badge badge-default'>#test-id=351</span>
<span class='badge badge-default pointer float-right ml-1 et'><i class="fa fa-chevron-down"></i></span>
<span class='badge badge-default pointer float-right ct'><i class="fa fa-chevron-up"></i></span>
</div>
<div class="m-t-10 m-l-5"></div>
</div>
</div>
<div class="accordion mt-4">
  <div class="card">
    <div class="card-header" role="tab">
      <div class="card-title">
        <div class="node" id="352"><span class="badge log pass-bg mr-2">Pass</span>Click Assigment button</div>
      </div>
    </div>
        <div class="collapse">
          <div class="card-body">
              <div class="step pass-bg" title="StepDefinition.SD_Assignment.user_is_at_user_page_with_button_on_menu_bar(java.lang.Integer)">
                <span>Given user is at user page with 7 button on menu bar</span>
      <div>
      </div>
              </div>
              <div class="step pass-bg" title="StepDefinition.SD_Assignment.user_click_on_assigment_button()">
                <span>When user click on assigment button</span>
      <div>
      </div>
              </div>
              <div class="step pass-bg" title="StepDefinition.SD_Assignment.user_lands_on_assignment_page()">
                <span>Then user lands on assignment page</span>
      <div>
      </div>
              </div>
          </div>
        </div>
  </div>
  <div class="card">
    <div class="card-header" role="tab">
      <div class="card-title">
        <div class="node" id="356"><span class="badge log pass-bg mr-2">Pass</span>Validating asssigment page</div>
      </div>
    </div>
        <div class="collapse">
          <div class="card-body">
              <div class="step pass-bg" title="StepDefinition.SD_Assignment.user_is_on_asssigment_page_with()">
                <span>Given user is on asssigment page with</span>
      <div>
      </div>
              </div>
              <div class="step pass-bg" title="StepDefinition.SD_Assignment.user_validate_manage_assignment_text_on_page()">
                <span>When user validate manage Assignment text on page</span>
      <div>
      </div>
              </div>
              <div class="step pass-bg" title="StepDefinition.SD_Assignment.user_see_text_showing_os_of_entries(java.lang.Integer,java.lang.Integer,java.lang.Integer)">
                <span>And user see text Showing 1 os 3 of 3 Entries</span>
      <div>
      </div>
              </div>
              <div class="step pass-bg" title="StepDefinition.SD_Assignment.user_should_see_the_search_box_with_text_search()">
                <span>Then user should see the SearchBox with text search</span>
      <div>
      </div>
              </div>
          </div>
        </div>
  </div>
  <div class="card">
    <div class="card-header" role="tab">
      <div class="card-title">
        <div class="node" id="361"><span class="badge log pass-bg mr-2">Pass</span>Validating by asssigment name</div>
      </div>
    </div>
        <div class="collapse">
          <div class="card-body">
              <div class="step pass-bg" title="StepDefinition.SD_Assignment.user_is_on_assisgment_page()">
                <span>Given user is on Assisgment page</span>
      <div>
      </div>
              </div>
              <div class="step pass-bg" title="StepDefinition.SD_Assignment.user_search_assigment_by_name()">
                <span>When user search assigment by name</span>
      <div>
      </div>
              </div>
              <div class="step pass-bg" title="StepDefinition.SD_Assignment.user_see_the_search_assisgmnet_name_data()">
                <span>Then user see the search assisgmnet name data</span>
      <div>
      </div>
              </div>
          </div>
        </div>
  </div>
  <div class="card">
    <div class="card-header" role="tab">
      <div class="card-title">
        <div class="node" id="365"><span class="badge log pass-bg mr-2">Pass</span>To click Edit button</div>
      </div>
    </div>
        <div class="collapse">
          <div class="card-body">
              <div class="step pass-bg" title="StepDefinition.SD_Assignment.user_is_on_assigment_page_with_entries()">
                <span>Given user is on Assigment page with  entries</span>
      <div>
      </div>
              </div>
              <div class="step pass-bg" title="StepDefinition.SD_Assignment.user_click_on_edit_button()">
                <span>When user click on Edit button</span>
      <div>
      </div>
              </div>
              <div class="step pass-bg" title="StepDefinition.SD_Assignment.user_see_assigment_details_form_popup()">
                <span>Then user see Assigment Details form popup</span>
      <div>
      </div>
              </div>
          </div>
        </div>
  </div>
  <div class="card">
    <div class="card-header" role="tab">
      <div class="card-title">
        <div class="node" id="369"><span class="badge log pass-bg mr-2">Pass</span>Edit Grade and assigment description</div>
      </div>
    </div>
        <div class="collapse">
          <div class="card-body">
              <div class="step pass-bg" title="StepDefinition.SD_Assignment.user_is_at_assigment_form()">
                <span>Given user is at Assigment form</span>
      <div>
      </div>
              </div>
              <div class="step pass-bg" title="StepDefinition.SD_Assignment.user_edited_assigment_description_and_grade()">
                <span>When user edited assigment description and grade</span>
      <div>
      </div>
              </div>
              <div class="step pass-bg" title="StepDefinition.SD_Assignment.user_save_cancel_button_user_lands_on_manage_assigment_page()">
                <span>Then user click save button user lands on Manage Assigment page</span>
      <div>
      </div>
              </div>
          </div>
        </div>
  </div>
  <div class="card">
    <div class="card-header" role="tab">
      <div class="card-title">
        <div class="node" id="373"><span class="badge log pass-bg mr-2">Pass</span>Delete confirm page Assigment</div>
      </div>
    </div>
        <div class="collapse">
          <div class="card-body">
              <div class="step pass-bg" title="StepDefinition.SD_Assignment.user_is_at_assigmnet_page2()">
                <span>Given user is at assigmnet page2</span>
      <div>
      </div>
              </div>
              <div class="step pass-bg" title="StepDefinition.SD_Assignment.user_click_delete_button()">
                <span>When user click delete button</span>
      <div>
      </div>
              </div>
              <div class="step pass-bg" title="StepDefinition.SD_Assignment.user_see_confirm_deletion_form()">
                <span>Then user see confirm Deletion form</span>
      <div>
      </div>
              </div>
          </div>
        </div>
  </div>
  <div class="card">
    <div class="card-header" role="tab">
      <div class="card-title">
        <div class="node" id="377"><span class="badge log pass-bg mr-2">Pass</span>Assigment Delete Msg</div>
      </div>
    </div>
        <div class="collapse">
          <div class="card-body">
              <div class="step pass-bg" title="StepDefinition.SD_Assignment.user_is_at_confirm_deletion_form_with_two_button()">
                <span>Given user is at confirm Deletion form with two button</span>
      <div>
      </div>
              </div>
              <div class="step pass-bg" title="StepDefinition.SD_Assignment.user_click_on_yes_button()">
                <span>When user click on yes button</span>
      <div>
      </div>
              </div>
              <div class="step pass-bg" title="StepDefinition.SD_Assignment.user_see_msg_succssfull_assigment_deleted()">
                <span>Then user see msg - Succssfull Assigment deleted</span>
      <div>
      </div>
              </div>
          </div>
        </div>
  </div>
</div>
          </div>
        </li>
        <li class="test-item"  status="fail" test-id="381"
          author=""
          tag=""
          device="">
          <div class="test-detail">
            <p class="name">Attendence</p>
            <p class="text-sm">
              <span>5:04:21 PM</span> / <span>00:00:21:359</span>
              <span class="badge fail-bg log float-right">Fail</span>
            </p>
          </div>
          <div class="test-contents d-none">
<div class="detail-head">
<div class="p-v-10">
<div class="info">
<h5 class="test-status text-fail">Attendence</h5>
<span class='badge badge-success'>09.27.2022 5:04:21 PM</span>
<span class='badge badge-danger'>09.27.2022 5:04:42 PM</span>
<span class='badge badge-default'>00:00:21:359</span>
&middot; <span class='uri-anchor badge badge-default'>#test-id=381</span>
<span class='badge badge-default pointer float-right ml-1 et'><i class="fa fa-chevron-down"></i></span>
<span class='badge badge-default pointer float-right ct'><i class="fa fa-chevron-up"></i></span>
</div>
<div class="m-t-10 m-l-5"></div>
</div>
</div>
<div class="accordion mt-4">
  <div class="card">
    <div class="card-header" role="tab">
      <div class="card-title">
        <div class="node" id="382"><span class="badge log fail-bg mr-2">Fail</span>Click attendence button</div>
      </div>
    </div>
        <div class="">
          <div class="card-body">
              <div class="step pass-bg" title="StepDefinition.SD_Attendence.user_is_at_manage_batch_page_with_no_of_classes_in_descending_order()">
                <span>Given user is at Manage Batch Page with NoOfClasses in Descending order</span>
      <div>
      </div>
              </div>
              <div class="step fail-bg" title="StepDefinition.SD_Attendence.user_click_on_attendence_button_on_menu_bar()">
                <span>When user click on Attendence button on Menu Bar</span>
      <div>
        <textarea disabled class="code-block">org.openqa.selenium.ElementClickInterceptedException: element click intercepted: Element <button _ngcontent-egc-c154="" mat-button="" a="" routerlink="/attendance" class="mat-focus-indicator mat-button mat-button-base" tabindex="0" ng-reflect-router-link="/attendance">...</button> is not clickable at point (1223, 32). Other element would receive the click: <div class="p-toast-summary ng-tns-c90-92">...</div>
  (Session info: chrome=105.0.5195.127)
Build info: version: '4.1.2', revision: '9a5a329c5a'
System info: host: 'LAPTOP-F797US9I', ip: '192.168.1.16', os.name: 'Windows 11', os.arch: 'amd64', os.version: '10.0', java.version: '17.0.4'
Driver info: org.openqa.selenium.chrome.ChromeDriver
Command: [9cc46aea9c4e60614d506d4117120852, clickElement {id=9b30ba7d-c295-45e7-9394-03154e98a84e}]
Capabilities {acceptInsecureCerts: false, browserName: chrome, browserVersion: 105.0.5195.127, chrome: {chromedriverVersion: 105.0.5195.52 (412c95e51883..., userDataDir: C:\Users\Sruja\AppData\Loca...}, goog:chromeOptions: {debuggerAddress: localhost:62063}, javascriptEnabled: true, networkConnectionEnabled: false, pageLoadStrategy: normal, platform: WINDOWS, platformName: WINDOWS, proxy: Proxy(), se:cdp: ws://localhost:62063/devtoo..., se:cdpVersion: 105.0.5195.127, setWindowRect: true, strictFileInteractability: false, timeouts: {implicit: 0, pageLoad: 300000, script: 30000}, unhandledPromptBehavior: dismiss and notify, webauthn:extension:credBlob: true, webauthn:extension:largeBlob: true, webauthn:virtualAuthenticators: true}
Element: [[ChromeDriver: chrome on WINDOWS (9cc46aea9c4e60614d506d4117120852)] -> xpath: //button[@ng-reflect-router-link='/attendance']]
Session ID: 9cc46aea9c4e60614d506d4117120852
	at java.base/jdk.internal.reflect.NativeConstructorAccessorImpl.newInstance0(Native Method)
	at java.base/jdk.internal.reflect.NativeConstructorAccessorImpl.newInstance(NativeConstructorAccessorImpl.java:77)
	at java.base/jdk.internal.reflect.DelegatingConstructorAccessorImpl.newInstance(DelegatingConstructorAccessorImpl.java:45)
	at java.base/java.lang.reflect.Constructor.newInstanceWithCaller(Constructor.java:499)
	at java.base/java.lang.reflect.Constructor.newInstance(Constructor.java:480)
	at org.openqa.selenium.remote.codec.w3c.W3CHttpResponseCodec.createException(W3CHttpResponseCodec.java:200)
	at org.openqa.selenium.remote.codec.w3c.W3CHttpResponseCodec.decode(W3CHttpResponseCodec.java:133)
	at org.openqa.selenium.remote.codec.w3c.W3CHttpResponseCodec.decode(W3CHttpResponseCodec.java:53)
	at org.openqa.selenium.remote.HttpCommandExecutor.execute(HttpCommandExecutor.java:184)
	at org.openqa.selenium.remote.service.DriverCommandExecutor.invokeExecute(DriverCommandExecutor.java:167)
	at org.openqa.selenium.remote.service.DriverCommandExecutor.execute(DriverCommandExecutor.java:142)
	at org.openqa.selenium.remote.RemoteWebDriver.execute(RemoteWebDriver.java:558)
	at org.openqa.selenium.remote.RemoteWebElement.execute(RemoteWebElement.java:251)
	at org.openqa.selenium.remote.RemoteWebElement.click(RemoteWebElement.java:77)
	at jdk.internal.reflect.GeneratedMethodAccessor44.invoke(Unknown Source)
	at java.base/jdk.internal.reflect.DelegatingMethodAccessorImpl.invoke(DelegatingMethodAccessorImpl.java:43)
	at java.base/java.lang.reflect.Method.invoke(Method.java:568)
	at org.openqa.selenium.support.pagefactory.internal.LocatingElementHandler.invoke(LocatingElementHandler.java:52)
	at jdk.proxy2/jdk.proxy2.$Proxy36.click(Unknown Source)
	at PageObjects.Batch_PageObject.AttendenceButton(Batch_PageObject.java:59)
	at StepDefinition.SD_Attendence.user_click_on_attendence_button_on_menu_bar(SD_Attendence.java:26)
	at ✽.user click on Attendence button on Menu Bar(file:///C:/Users/Sruja/git/LMS_Hackathon_Consolidated/src/test/resources/Features/9Attendence.feature:5)
</textarea>
      
      </div>
              </div>
              <div class="step skip-bg" title="StepDefinition.SD_Attendence.user_lands_on_attendence_page()">
                <span>Then user lands on Attendence page</span>
      <div>Step skipped
      </div>
              </div>
          </div>
        </div>
  </div>
  <div class="card">
    <div class="card-header" role="tab">
      <div class="card-title">
        <div class="node" id="386"><span class="badge log fail-bg mr-2">Fail</span>Validating Attendence Page</div>
      </div>
    </div>
        <div class="">
          <div class="card-body">
              <div class="step pass-bg" title="StepDefinition.SD_Attendence.user_is_at_attendence_page()">
                <span>Given user is at Attendence page</span>
      <div>
      </div>
              </div>
              <div class="step fail-bg" title="StepDefinition.SD_Attendence.user_see_window_with_text_attendence_works()">
                <span>When user see window with text- Attendence Works</span>
      <div>
        <textarea disabled class="code-block">org.openqa.selenium.NoSuchElementException: no such element: Unable to locate element: {"method":"xpath","selector":"//app-attendance[@class='ng-star-inserted']"}
  (Session info: chrome=105.0.5195.127)
For documentation on this error, please visit: https://selenium.dev/exceptions/#no_such_element
Build info: version: '4.1.2', revision: '9a5a329c5a'
System info: host: 'LAPTOP-F797US9I', ip: '192.168.1.16', os.name: 'Windows 11', os.arch: 'amd64', os.version: '10.0', java.version: '17.0.4'
Driver info: org.openqa.selenium.chrome.ChromeDriver
Command: [9cc46aea9c4e60614d506d4117120852, findElement {using=xpath, value=//app-attendance[@class='ng-star-inserted']}]
Capabilities {acceptInsecureCerts: false, browserName: chrome, browserVersion: 105.0.5195.127, chrome: {chromedriverVersion: 105.0.5195.52 (412c95e51883..., userDataDir: C:\Users\Sruja\AppData\Loca...}, goog:chromeOptions: {debuggerAddress: localhost:62063}, javascriptEnabled: true, networkConnectionEnabled: false, pageLoadStrategy: normal, platform: WINDOWS, platformName: WINDOWS, proxy: Proxy(), se:cdp: ws://localhost:62063/devtoo..., se:cdpVersion: 105.0.5195.127, setWindowRect: true, strictFileInteractability: false, timeouts: {implicit: 0, pageLoad: 300000, script: 30000}, unhandledPromptBehavior: dismiss and notify, webauthn:extension:credBlob: true, webauthn:extension:largeBlob: true, webauthn:virtualAuthenticators: true}
Session ID: 9cc46aea9c4e60614d506d4117120852
	at jdk.internal.reflect.GeneratedConstructorAccessor33.newInstance(Unknown Source)
	at java.base/jdk.internal.reflect.DelegatingConstructorAccessorImpl.newInstance(DelegatingConstructorAccessorImpl.java:45)
	at java.base/java.lang.reflect.Constructor.newInstanceWithCaller(Constructor.java:499)
	at java.base/java.lang.reflect.Constructor.newInstance(Constructor.java:480)
	at org.openqa.selenium.remote.codec.w3c.W3CHttpResponseCodec.createException(W3CHttpResponseCodec.java:200)
	at org.openqa.selenium.remote.codec.w3c.W3CHttpResponseCodec.decode(W3CHttpResponseCodec.java:133)
	at org.openqa.selenium.remote.codec.w3c.W3CHttpResponseCodec.decode(W3CHttpResponseCodec.java:53)
	at org.openqa.selenium.remote.HttpCommandExecutor.execute(HttpCommandExecutor.java:184)
	at org.openqa.selenium.remote.service.DriverCommandExecutor.invokeExecute(DriverCommandExecutor.java:167)
	at org.openqa.selenium.remote.service.DriverCommandExecutor.execute(DriverCommandExecutor.java:142)
	at org.openqa.selenium.remote.RemoteWebDriver.execute(RemoteWebDriver.java:558)
	at org.openqa.selenium.remote.ElementLocation$ElementFinder$2.findElement(ElementLocation.java:162)
	at org.openqa.selenium.remote.ElementLocation.findElement(ElementLocation.java:60)
	at org.openqa.selenium.remote.RemoteWebDriver.findElement(RemoteWebDriver.java:382)
	at org.openqa.selenium.remote.RemoteWebDriver.findElement(RemoteWebDriver.java:374)
	at org.openqa.selenium.support.pagefactory.DefaultElementLocator.findElement(DefaultElementLocator.java:70)
	at org.openqa.selenium.support.pagefactory.internal.LocatingElementHandler.invoke(LocatingElementHandler.java:39)
	at jdk.proxy2/jdk.proxy2.$Proxy36.getText(Unknown Source)
	at PageObjects.Attendence_PageObject.captureAssigmentText(Attendence_PageObject.java:22)
	at StepDefinition.SD_Attendence.user_see_window_with_text_attendence_works(SD_Attendence.java:43)
	at ✽.user see window with text- Attendence Works(file:///C:/Users/Sruja/git/LMS_Hackathon_Consolidated/src/test/resources/Features/9Attendence.feature:10)
</textarea>
      
      </div>
              </div>
              <div class="step skip-bg" title="StepDefinition.SD_Attendence.user_click_on_logout()">
                <span>Then user click on logout</span>
      <div>Step skipped
      </div>
              </div>
              <div class="step skip-bg" title="StepDefinition.SD_Attendence.user_lands_on_login_page()">
                <span>And user lands on Login page</span>
      <div>Step skipped
      </div>
              </div>
          </div>
        </div>
  </div>
</div>
          </div>
        </li>
      </ul>
    </div>
  </div>
<div class="test-content scrollable">
<div class="test-content-tools">
<ul><li><a class="back-to-test" href="#"><i class="fa fa-arrow-left"></i></a></li></ul>
</div>
<div class="test-content-detail"><div class="detail-body"></div></div>
</div></div>
<div class="test-wrapper row view exception-view attributes-view">
<div class="test-list">
<div class="test-list-tools">
<ul class="tools pull-left"><li><a href=""><span class="font-size-14">Exception</span></a></li></ul>
<ul class="tools text-right"><li><a href="#"><span class="badge badge-primary">6</span></a></li></ul>
</div>
<div class="test-list-wrapper scrollable">
<ul class="test-list-item">
<li class="test-item">
<div class="test-detail">
<span class="meta">
<span class='badge log badge-danger'>12</span>
</span>
<p class="name">org.openqa.selenium.NoSuchElementException</p>
<p class="duration text-sm">12 tests</p>
</div>
<div class="test-contents d-none">
<div class="info">
<h4>org.openqa.selenium.NoSuchElementException</h4>
<span status="fail" class='badge log badge-danger'>12 failed</span>
</div>
<table class='table table-sm mt-4'>
<thead>
<tr>
<th class="status-col">Status</th>
<th class="timestamp-col">Timestamp</th>
<th>TestName</th>
</tr>
</thead>
<tbody>
<tr class="tag-test-status" status="fail">
<td><span class="badge log fail-bg">Fail</span></td>
<td>16:54:42 PM</td>
<td>
<a href="#" class="linked" test-id='118' id='128'>Then User successfully login</a>
<div class="">
<span class="badge badge-default">Login Page.Validating with different login credentials.Then User successfully login</span>
</div>
</td>
</tr>
<tr class="tag-test-status" status="fail">
<td><span class="badge log fail-bg">Fail</span></td>
<td>16:55:05 PM</td>
<td>
<a href="#" class="linked" test-id='118' id='132'>Then User successfully login</a>
<div class="">
<span class="badge badge-default">Login Page.Validating with different login credentials.Then User successfully login</span>
</div>
</td>
</tr>
<tr class="tag-test-status" status="fail">
<td><span class="badge log fail-bg">Fail</span></td>
<td>16:55:27 PM</td>
<td>
<a href="#" class="linked" test-id='118' id='139'>When User enters email "lms", password "lms" and Error "Please enter fields"</a>
<div class="">
<span class="badge badge-default">Login Page.Validating with different login credentials.When User enters email "lms", password "lms" and Error "Please enter fields"</span>
</div>
</td>
</tr>
<tr class="tag-test-status" status="fail">
<td><span class="badge log fail-bg">Fail</span></td>
<td>16:55:57 PM</td>
<td>
<a href="#" class="linked" test-id='192' id='208'>Then user lands on Batch Details page</a>
<div class="">
<span class="badge badge-default">Manage Batch.Batch Details Page.Then user lands on Batch Details page</span>
</div>
</td>
</tr>
<tr class="tag-test-status" status="fail">
<td><span class="badge log fail-bg">Fail</span></td>
<td>16:56:17 PM</td>
<td>
<a href="#" class="linked" test-id='192' id='211'>Given user is on Batch Details</a>
<div class="">
<span class="badge badge-default">Manage Batch.Edit Batch Details Page.Given user is on Batch Details</span>
</div>
</td>
</tr>
<tr class="tag-test-status" status="fail">
<td><span class="badge log fail-bg">Fail</span></td>
<td>16:56:37 PM</td>
<td>
<a href="#" class="linked" test-id='192' id='216'>Given user is on Batch Details</a>
<div class="">
<span class="badge badge-default">Manage Batch.Edit Batch Details Page.Given user is on Batch Details</span>
</div>
</td>
</tr>
<tr class="tag-test-status" status="fail">
<td><span class="badge log fail-bg">Fail</span></td>
<td>16:57:03 PM</td>
<td>
<a href="#" class="linked" test-id='192' id='231'>Given user is at Confirm deletion popup Page</a>
<div class="">
<span class="badge badge-default">Manage Batch.Confirm Deletion Popup.Given user is at Confirm deletion popup Page</span>
</div>
</td>
</tr>
<tr class="tag-test-status" status="fail">
<td><span class="badge log fail-bg">Fail</span></td>
<td>16:58:16 PM</td>
<td>
<a href="#" class="linked" test-id='234' id='241'>When user enter empty username - click save button</a>
<div class="">
<span class="badge badge-default">Batch Add New Batch.Enter Empty Username.When user enter empty username - click save button</span>
</div>
</td>
</tr>
<tr class="tag-test-status" status="fail">
<td><span class="badge log fail-bg">Fail</span></td>
<td>17:00:36 PM</td>
<td>
<a href="#" class="linked" test-id='305' id='308'>When User clicks new program button</a>
<div class="">
<span class="badge badge-default">Verify program details form.Validate Add New Program.When User clicks new program button</span>
</div>
</td>
</tr>
<tr class="tag-test-status" status="fail">
<td><span class="badge log fail-bg">Fail</span></td>
<td>17:01:46 PM</td>
<td>
<a href="#" class="linked" test-id='305' id='312'>When User clicks Save button without entering data</a>
<div class="">
<span class="badge badge-default">Verify program details form.Empty form submission.When User clicks Save button without entering data</span>
</div>
</td>
</tr>
<tr class="tag-test-status" status="fail">
<td><span class="badge log fail-bg">Fail</span></td>
<td>17:02:57 PM</td>
<td>
<a href="#" class="linked" test-id='305' id='316'>When User enters Name in text box</a>
<div class="">
<span class="badge badge-default">Verify program details form.Enter Program Name.When User enters Name in text box</span>
</div>
</td>
</tr>
<tr class="tag-test-status" status="fail">
<td><span class="badge log fail-bg">Fail</span></td>
<td>17:04:22 PM</td>
<td>
<a href="#" class="linked" test-id='381' id='388'>When user see window with text- Attendence Works</a>
<div class="">
<span class="badge badge-default">Attendence.Validating Attendence Page.When user see window with text- Attendence Works</span>
</div>
</td>
</tr>
</tbody>
</table>
</div>
</li>
<li class="test-item">
<div class="test-detail">
<span class="meta">
<span class='badge log badge-danger'>2</span>
</span>
<p class="name">io.cucumber.core.exception.CucumberException</p>
<p class="duration text-sm">2 tests</p>
</div>
<div class="test-contents d-none">
<div class="info">
<h4>io.cucumber.core.exception.CucumberException</h4>
<span status="fail" class='badge log badge-danger'>2 failed</span>
</div>
<table class='table table-sm mt-4'>
<thead>
<tr>
<th class="status-col">Status</th>
<th class="timestamp-col">Timestamp</th>
<th>TestName</th>
</tr>
</thead>
<tbody>
<tr class="tag-test-status" status="fail">
<td><span class="badge log fail-bg">Fail</span></td>
<td>16:35:56 PM</td>
<td>
<a href="#" class="linked" test-id='19' id='51'>When User fills the 5 digit Zip code using Numbers only</a>
<div class="">
<span class="badge badge-default">Validating the text fields on the Registration page.Validating Zip text field.When User fills the 5 digit Zip code using Numbers only</span>
</div>
</td>
</tr>
<tr class="tag-test-status" status="fail">
<td><span class="badge log fail-bg">Fail</span></td>
<td>16:36:37 PM</td>
<td>
<a href="#" class="linked" test-id='19' id='59'>When User fills the valid 10 digit Mobile number in Numerics</a>
<div class="">
<span class="badge badge-default">Validating the text fields on the Registration page.Validating Phone number text field.When User fills the valid 10 digit Mobile number in Numerics</span>
</div>
</td>
</tr>
</tbody>
</table>
</div>
</li>
<li class="test-item">
<div class="test-detail">
<span class="meta">
<span class='badge log badge-danger'>3</span>
</span>
<p class="name">org.openqa.selenium.ElementClickInterceptedException</p>
<p class="duration text-sm">3 tests</p>
</div>
<div class="test-contents d-none">
<div class="info">
<h4>org.openqa.selenium.ElementClickInterceptedException</h4>
<span status="fail" class='badge log badge-danger'>3 failed</span>
</div>
<table class='table table-sm mt-4'>
<thead>
<tr>
<th class="status-col">Status</th>
<th class="timestamp-col">Timestamp</th>
<th>TestName</th>
</tr>
</thead>
<tbody>
<tr class="tag-test-status" status="fail">
<td><span class="badge log fail-bg">Fail</span></td>
<td>16:58:14 PM</td>
<td>
<a href="#" class="linked" test-id='234' id='237'>When user clicks on ANew Batch button</a>
<div class="">
<span class="badge badge-default">Batch Add New Batch.Click New Batch button.When user clicks on ANew Batch button</span>
</div>
</td>
</tr>
<tr class="tag-test-status" status="fail">
<td><span class="badge log fail-bg">Fail</span></td>
<td>16:59:26 PM</td>
<td>
<a href="#" class="linked" test-id='234' id='248'>Given user is at Batch Details adding all details in popup page</a>
<div class="">
<span class="badge badge-default">Batch Add New Batch.Add New Batch Details.Given user is at Batch Details adding all details in popup page</span>
</div>
</td>
</tr>
<tr class="tag-test-status" status="fail">
<td><span class="badge log fail-bg">Fail</span></td>
<td>17:04:21 PM</td>
<td>
<a href="#" class="linked" test-id='381' id='384'>When user click on Attendence button on Menu Bar</a>
<div class="">
<span class="badge badge-default">Attendence.Click attendence button.When user click on Attendence button on Menu Bar</span>
</div>
</td>
</tr>
</tbody>
</table>
</div>
</li>
<li class="test-item">
<div class="test-detail">
<span class="meta">
<span class='badge log badge-danger'>1</span>
</span>
<p class="name">java.io.FileNotFoundException</p>
<p class="duration text-sm">1 tests</p>
</div>
<div class="test-contents d-none">
<div class="info">
<h4>java.io.FileNotFoundException</h4>
<span status="fail" class='badge log badge-danger'>1 failed</span>
</div>
<table class='table table-sm mt-4'>
<thead>
<tr>
<th class="status-col">Status</th>
<th class="timestamp-col">Timestamp</th>
<th>TestName</th>
</tr>
</thead>
<tbody>
<tr class="tag-test-status" status="fail">
<td><span class="badge log fail-bg">Fail</span></td>
<td>16:59:26 PM</td>
<td>
<a href="#" class="linked" test-id='234' id='244'>Given user is at New Add Batch Details Page1</a>
<div class="">
<span class="badge badge-default">Batch Add New Batch.Click cancel button on New Batch.Given user is at New Add Batch Details Page1</span>
</div>
</td>
</tr>
</tbody>
</table>
</div>
</li>
<li class="test-item">
<div class="test-detail">
<span class="meta">
<span class='badge log badge-danger'>8</span>
</span>
<p class="name">org.openqa.selenium.NoSuchWindowException</p>
<p class="duration text-sm">8 tests</p>
</div>
<div class="test-contents d-none">
<div class="info">
<h4>org.openqa.selenium.NoSuchWindowException</h4>
<span status="fail" class='badge log badge-danger'>8 failed</span>
</div>
<table class='table table-sm mt-4'>
<thead>
<tr>
<th class="status-col">Status</th>
<th class="timestamp-col">Timestamp</th>
<th>TestName</th>
</tr>
</thead>
<tbody>
<tr class="tag-test-status" status="fail">
<td><span class="badge log fail-bg">Fail</span></td>
<td>16:54:04 PM</td>
<td>
<a href="#" class="linked" test-id='19' id='88'>When User enter FirstName "Valid", LastName "Valid" , Address "Valid" , StreetName "123_Invalid" , City "Valid" , State "Valid" , Zip "Valid" , BithDate "Valid" , PhoneNumber "Valid" , UserName "Valid" , Password "Valid" , Email "Valid"</a>
<div class="">
<span class="badge badge-default">Validating the text fields on the Registration page.Validating Registration Page text field with multiple values.When User enter FirstName "Valid", LastName "Valid" , Address "Valid" , StreetName "123_Invalid" , City "Valid" , State "Valid" , Zip "Valid" , BithDate "Valid" , PhoneNumber "Valid" , UserName "Valid" , Password "Valid" , Email "Valid"</span>
</div>
</td>
</tr>
<tr class="tag-test-status" status="fail">
<td><span class="badge log fail-bg">Fail</span></td>
<td>16:54:24 PM</td>
<td>
<a href="#" class="linked" test-id='19' id='92'>When User enter FirstName "Valid", LastName "Valid" , Address "Valid" , StreetName "Valid" , City "123_Invalid" , State "Valid" , Zip "Valid" , BithDate "Valid" , PhoneNumber "Valid" , UserName "Valid" , Password "Valid" , Email "Valid"</a>
<div class="">
<span class="badge badge-default">Validating the text fields on the Registration page.Validating Registration Page text field with multiple values.When User enter FirstName "Valid", LastName "Valid" , Address "Valid" , StreetName "Valid" , City "123_Invalid" , State "Valid" , Zip "Valid" , BithDate "Valid" , PhoneNumber "Valid" , UserName "Valid" , Password "Valid" , Email "Valid"</span>
</div>
</td>
</tr>
<tr class="tag-test-status" status="fail">
<td><span class="badge log fail-bg">Fail</span></td>
<td>16:54:24 PM</td>
<td>
<a href="#" class="linked" test-id='19' id='96'>When User enter FirstName "Valid", LastName "Valid" , Address "Valid" , StreetName "Valid" , City "Valid" , State "123_Invalid" , Zip "Valid" , BithDate "Valid" , PhoneNumber "Valid" , UserName "Valid" , Password "Valid" , Email "Valid"</a>
<div class="">
<span class="badge badge-default">Validating the text fields on the Registration page.Validating Registration Page text field with multiple values.When User enter FirstName "Valid", LastName "Valid" , Address "Valid" , StreetName "Valid" , City "Valid" , State "123_Invalid" , Zip "Valid" , BithDate "Valid" , PhoneNumber "Valid" , UserName "Valid" , Password "Valid" , Email "Valid"</span>
</div>
</td>
</tr>
<tr class="tag-test-status" status="fail">
<td><span class="badge log fail-bg">Fail</span></td>
<td>16:54:24 PM</td>
<td>
<a href="#" class="linked" test-id='19' id='100'>When User enter FirstName "Valid", LastName "Valid" , Address "Valid" , StreetName "Valid" , City "Valid" , State "Valid" , Zip "123_Invalid" , BithDate "Valid" , PhoneNumber "Valid" , UserName "Valid" , Password "Valid" , Email "Valid"</a>
<div class="">
<span class="badge badge-default">Validating the text fields on the Registration page.Validating Registration Page text field with multiple values.When User enter FirstName "Valid", LastName "Valid" , Address "Valid" , StreetName "Valid" , City "Valid" , State "Valid" , Zip "123_Invalid" , BithDate "Valid" , PhoneNumber "Valid" , UserName "Valid" , Password "Valid" , Email "Valid"</span>
</div>
</td>
</tr>
<tr class="tag-test-status" status="fail">
<td><span class="badge log fail-bg">Fail</span></td>
<td>16:54:24 PM</td>
<td>
<a href="#" class="linked" test-id='19' id='104'>When User enter FirstName "Valid", LastName "Valid" , Address "Valid" , StreetName "Valid" , City "Valid" , State "Valid" , Zip "Valid" , BithDate "123_Invalid" , PhoneNumber "Valid" , UserName "Valid" , Password "Valid" , Email "Valid"</a>
<div class="">
<span class="badge badge-default">Validating the text fields on the Registration page.Validating Registration Page text field with multiple values.When User enter FirstName "Valid", LastName "Valid" , Address "Valid" , StreetName "Valid" , City "Valid" , State "Valid" , Zip "Valid" , BithDate "123_Invalid" , PhoneNumber "Valid" , UserName "Valid" , Password "Valid" , Email "Valid"</span>
</div>
</td>
</tr>
<tr class="tag-test-status" status="fail">
<td><span class="badge log fail-bg">Fail</span></td>
<td>16:54:25 PM</td>
<td>
<a href="#" class="linked" test-id='19' id='108'>When User enter FirstName "Valid", LastName "Valid" , Address "Valid" , StreetName "Valid" , City "Valid" , State "Valid" , Zip "Valid" , BithDate "Valid" , PhoneNumber "123_Invalid" , UserName "Valid" , Password "Valid" , Email "Valid"</a>
<div class="">
<span class="badge badge-default">Validating the text fields on the Registration page.Validating Registration Page text field with multiple values.When User enter FirstName "Valid", LastName "Valid" , Address "Valid" , StreetName "Valid" , City "Valid" , State "Valid" , Zip "Valid" , BithDate "Valid" , PhoneNumber "123_Invalid" , UserName "Valid" , Password "Valid" , Email "Valid"</span>
</div>
</td>
</tr>
<tr class="tag-test-status" status="fail">
<td><span class="badge log fail-bg">Fail</span></td>
<td>16:54:25 PM</td>
<td>
<a href="#" class="linked" test-id='19' id='112'>When User enter FirstName "Valid", LastName "Valid" , Address "valid" , StreetName "Valid" , City "Valid" , State "Valid" , Zip "Valid" , BithDate "Valid" , PhoneNumber "Valid" , UserName "" , Password "Valid" , Email "Valid"</a>
<div class="">
<span class="badge badge-default">Validating the text fields on the Registration page.Validating Registration Page text field with multiple values.When User enter FirstName "Valid", LastName "Valid" , Address "valid" , StreetName "Valid" , City "Valid" , State "Valid" , Zip "Valid" , BithDate "Valid" , PhoneNumber "Valid" , UserName "" , Password "Valid" , Email "Valid"</span>
</div>
</td>
</tr>
<tr class="tag-test-status" status="fail">
<td><span class="badge log fail-bg">Fail</span></td>
<td>16:54:25 PM</td>
<td>
<a href="#" class="linked" test-id='19' id='116'>When User enter FirstName "Chaman", LastName "Sharma" , Address "1234" , StreetName "CLoud" , City "Wichita" , State "Kansas" , Zip "45634" , BithDate "12-09-2019" , PhoneNumber "1231232344" , UserName "shweta" , Password "123_Invalid" , Email "s@s.com"</a>
<div class="">
<span class="badge badge-default">Validating the text fields on the Registration page.Validating Registration Page text field with multiple values.When User enter FirstName "Chaman", LastName "Sharma" , Address "1234" , StreetName "CLoud" , City "Wichita" , State "Kansas" , Zip "45634" , BithDate "12-09-2019" , PhoneNumber "1231232344" , UserName "shweta" , Password "123_Invalid" , Email "s@s.com"</span>
</div>
</td>
</tr>
</tbody>
</table>
</div>
</li>
<li class="test-item">
<div class="test-detail">
<span class="meta">
<span class='badge log badge-danger'>13</span>
</span>
<p class="name">java.lang.AssertionError</p>
<p class="duration text-sm">13 tests</p>
</div>
<div class="test-contents d-none">
<div class="info">
<h4>java.lang.AssertionError</h4>
<span status="fail" class='badge log badge-danger'>13 failed</span>
</div>
<table class='table table-sm mt-4'>
<thead>
<tr>
<th class="status-col">Status</th>
<th class="timestamp-col">Timestamp</th>
<th>TestName</th>
</tr>
</thead>
<tbody>
<tr class="tag-test-status" status="fail">
<td><span class="badge log fail-bg">Fail</span></td>
<td>16:29:18 PM</td>
<td>
<a href="#" class="linked" test-id='1' id='6'>Then User sees the heading on the form as "Registration Form"</a>
<div class="">
<span class="badge badge-default">LMS Website Registration page.Validating the heading of Registration form.Then User sees the heading on the form as "Registration Form"</span>
</div>
</td>
</tr>
<tr class="tag-test-status" status="fail">
<td><span class="badge log fail-bg">Fail</span></td>
<td>16:29:59 PM</td>
<td>
<a href="#" class="linked" test-id='1' id='10'>Then User sees a button with text "Log in" on the form</a>
<div class="">
<span class="badge badge-default">LMS Website Registration page.Validating Login Button visibility.Then User sees a button with text "Log in" on the form</span>
</div>
</td>
</tr>
<tr class="tag-test-status" status="fail">
<td><span class="badge log fail-bg">Fail</span></td>
<td>16:30:42 PM</td>
<td>
<a href="#" class="linked" test-id='1' id='18'>Then User sees a button with text "Sign Up" on the form</a>
<div class="">
<span class="badge badge-default">LMS Website Registration page.Validating the Sign Up button visibility.Then User sees a button with text "Sign Up" on the form</span>
</div>
</td>
</tr>
<tr class="tag-test-status" status="fail">
<td><span class="badge log fail-bg">Fail</span></td>
<td>16:31:34 PM</td>
<td>
<a href="#" class="linked" test-id='19' id='24'>Then The First Name will be displayed</a>
<div class="">
<span class="badge badge-default">Validating the text fields on the Registration page.Validating FirstName text field.Then The First Name will be displayed</span>
</div>
</td>
</tr>
<tr class="tag-test-status" status="fail">
<td><span class="badge log fail-bg">Fail</span></td>
<td>16:32:14 PM</td>
<td>
<a href="#" class="linked" test-id='19' id='28'>Then The last Name will be displayed</a>
<div class="">
<span class="badge badge-default">Validating the text fields on the Registration page.Validating LastName text field.Then The last Name will be displayed</span>
</div>
</td>
</tr>
<tr class="tag-test-status" status="fail">
<td><span class="badge log fail-bg">Fail</span></td>
<td>16:32:55 PM</td>
<td>
<a href="#" class="linked" test-id='19' id='32'>Then The Address will be displayed</a>
<div class="">
<span class="badge badge-default">Validating the text fields on the Registration page.Validating Address text field.Then The Address will be displayed</span>
</div>
</td>
</tr>
<tr class="tag-test-status" status="fail">
<td><span class="badge log fail-bg">Fail</span></td>
<td>16:33:35 PM</td>
<td>
<a href="#" class="linked" test-id='19' id='36'>Then The Street will be displayed</a>
<div class="">
<span class="badge badge-default">Validating the text fields on the Registration page.Validating Street Name text field.Then The Street will be displayed</span>
</div>
</td>
</tr>
<tr class="tag-test-status" status="fail">
<td><span class="badge log fail-bg">Fail</span></td>
<td>16:34:15 PM</td>
<td>
<a href="#" class="linked" test-id='19' id='40'>Then The HouseNumber will be displayed</a>
<div class="">
<span class="badge badge-default">Validating the text fields on the Registration page.Validating House Number text field.Then The HouseNumber will be displayed</span>
</div>
</td>
</tr>
<tr class="tag-test-status" status="fail">
<td><span class="badge log fail-bg">Fail</span></td>
<td>16:34:55 PM</td>
<td>
<a href="#" class="linked" test-id='19' id='44'>Then The city will be displayed</a>
<div class="">
<span class="badge badge-default">Validating the text fields on the Registration page.Validating City Name text field.Then The city will be displayed</span>
</div>
</td>
</tr>
<tr class="tag-test-status" status="fail">
<td><span class="badge log fail-bg">Fail</span></td>
<td>16:35:36 PM</td>
<td>
<a href="#" class="linked" test-id='19' id='48'>Then The State will be displayed</a>
<div class="">
<span class="badge badge-default">Validating the text fields on the Registration page.Validating State dropdown field.Then The State will be displayed</span>
</div>
</td>
</tr>
<tr class="tag-test-status" status="fail">
<td><span class="badge log fail-bg">Fail</span></td>
<td>16:36:16 PM</td>
<td>
<a href="#" class="linked" test-id='19' id='56'>Then The DateofBirth will be displayed</a>
<div class="">
<span class="badge badge-default">Validating the text fields on the Registration page.Validating BirthDate dropdown field.Then The DateofBirth will be displayed</span>
</div>
</td>
</tr>
<tr class="tag-test-status" status="fail">
<td><span class="badge log fail-bg">Fail</span></td>
<td>16:36:57 PM</td>
<td>
<a href="#" class="linked" test-id='19' id='64'>Then The User name will be displayed</a>
<div class="">
<span class="badge badge-default">Validating the text fields on the Registration page.Validating UserName text field.Then The User name will be displayed</span>
</div>
</td>
</tr>
<tr class="tag-test-status" status="fail">
<td><span class="badge log fail-bg">Fail</span></td>
<td>16:37:37 PM</td>
<td>
<a href="#" class="linked" test-id='19' id='68'>Then The password will be displayed</a>
<div class="">
<span class="badge badge-default">Validating the text fields on the Registration page.Validating password text field.Then The password will be displayed</span>
</div>
</td>
</tr>
</tbody>
</table>
</div>
</li>
</ul>
</div>
</div>
<div class="test-content scrollable">
<div class="test-content-detail">
<div class="detail-body"></div>
</div>
</div>
</div><div class="test-wrapper row view category-view attributes-view">
<div class="test-list">
<div class="test-list-tools">
<ul class="tools pull-left"><li><a href=""><span class="font-size-14">Category</span></a></li></ul>
<ul class="tools text-right"><li><a href="#"><span class="badge badge-primary">1</span></a></li></ul>
</div>
<div class="test-list-wrapper scrollable">
<ul class="test-list-item">
<li class="test-item">
<div class="test-detail">
<span class="meta">
<span class='badge log pass-bg'>1</span>
<span class='badge log badge-danger'>2</span>
</span>
<p class="name">@driversetup</p>
<p class="duration text-sm">3 tests</p>
</div>
<div class="test-contents d-none">
<div class="info">
<h4>@driversetup</h4>
<span status="pass" class='badge log pass-bg'>1 passed</span>
<span status="fail" class='badge log badge-danger'>2 failed</span>
</div>
<table class='table table-sm mt-4'>
<thead>
<tr>
<th class="status-col">Status</th>
<th class="timestamp-col">Timestamp</th>
<th>TestName</th>
</tr>
</thead>
<tbody>
<tr class="tag-test-status" status="fail">
<td><span class="badge log fail-bg">Fail</span></td>
<td>16:28:54 PM</td>
<td>
<a href="#" class="linked" test-id='1' id='2'>Validating the heading of Registration form</a>
<div class="">
<span class="badge badge-default">LMS Website Registration page.Validating the heading of Registration form</span>
</div>
</td>
</tr>
<tr class="tag-test-status" status="fail">
<td><span class="badge log fail-bg">Fail</span></td>
<td>16:31:02 PM</td>
<td>
<a href="#" class="linked" test-id='19' id='20'>Validating FirstName text field</a>
<div class="">
<span class="badge badge-default">Validating the text fields on the Registration page.Validating FirstName text field</span>
</div>
</td>
</tr>
<tr class="tag-test-status" status="pass">
<td><span class="badge log pass-bg">Pass</span></td>
<td>16:54:26 PM</td>
<td>
<a href="#" class="linked" test-id='118' id='119'>Validating the url</a>
<div class="">
<span class="badge badge-default">Login Page.Validating the url</span>
</div>
</td>
</tr>
</tbody>
</table>
</div>
</li>
</ul>
</div>
</div>
<div class="test-content scrollable">
<div class="test-content-detail">
<div class="detail-body"></div>
</div>
</div>
</div><div class="container-fluid p-4 view dashboard-view">
<div class="row">
<div class="col-md-3">
<div class="card"><div class="card-body">
<p class="m-b-0">Started</p>
<h3>Sep 27, 2022 04:28:51 PM</h3>
</div></div>
</div>
<div class="col-md-3">
<div class="card"><div class="card-body">
<p class="m-b-0">Ended</p>
<h3>Sep 27, 2022 05:04:43 PM</h3>
</div></div>
</div>
<div class="col-md-3">
<div class="card"><div class="card-body">
<p class="m-b-0 text-pass">Features Passed</p>
<h3>5</h3>
</div></div>
</div>
<div class="col-md-3">
<div class="card"><div class="card-body">
<p class="m-b-0 text-fail">Features Failed</p>
<h3>7</h3>
</div></div>
</div>
</div>
<div class="row">
<div class="col-md-4">
<div class="card">
<div class="card-header">
<h6 class="card-title">Features</h6>
</div>
<div class="card-body">
<div class="">
<canvas id='parent-analysis' width='115' height='90'></canvas>
</div>
</div>
<div class="card-footer">
<div><small data-tooltip='41%'>
<b>5</b> features passed
</small>
</div>
<div>
<small data-tooltip='58%'><b>7</b> features failed,
<b>0</b> skipped, <b data-tooltip='0%'>0</b> others
</small>
</div>
</div>
</div>
</div>
<div class="col-md-4">
<div class="card">
<div class="card-header">
<h6 class="card-title">Scenarios</h6>
</div>
<div class="card-body">
<div class="">
<canvas id='child-analysis' width='115' height='90'></canvas>
</div>
</div>
<div class="card-footer">
<div><small data-tooltip='57%'><b>52</b> scenarios passed</small></div>
<div>
<small data-tooltip='42%'><b>39</b> scenarios failed,
<b>0</b> skipped, <b data-tooltip='%'>0</b> others
</small>
</div>
</div>
</div>
</div>
<div class="col-md-4">
<div class="card">
<div class="card-header">
<h6 class="card-title">Steps</h6>
</div>
<div class="card-body">
<div class="">
<canvas id='grandchild-analysis' width='115' height='90'></canvas>
</div>
</div>
<div class="card-footer">
<div><small data-tooltip='74%'><b>210</b> steps passed</small></div>
<div>
<small data-tooltip='13%'><b>39</b> steps failed,
<b>32</b> skipped, <b data-tooltip='%'>0</b> others
</small>
</div>
</div>
</div>
</div>
</div>
<div class="row"><div class="col-md-12">
<div class="card"><div class="card-header"><p>Timeline</p></div>
<div class="card-body pt-0"><div>
<canvas id="timeline" height="120"></canvas>
</div></div>
</div>
</div></div>
<script>
var timeline = {
"LMS Website Registration page":127.888,"Validating the text fields on the Registration page":1403.136,"Login Page":81.715,"Home Page":5.342,"Verify the Program page":0.943,"Manage Batch":138.945,"Batch Add New Batch":74.078,"Pagination & Order":68.265,"Verify program details form":210.766,"Manageuser Page":8.801,"Assignment":5.08,"Attendence":21.359
};
</script>
<div class="row">
<div class="col-lg-6 col-md-12 category-container">
<div class="card">
<div class="card-header"><p>Tags</p></div>
<div class="card-body pb-0 pt-0"><table class="table table-sm table-bordered">
<thead><tr class="bg-gray"><th>Name</th><th>Passed</th><th>Failed</th><th>Skipped</th><th>Others</th><th>Passed %</th></tr></thead><tbody>
<tr>
<td>@driversetup</td>
<td>1</td>
<td>2</td>
<td>0</td>
<td>0</td>
<td>33.333%</td>
</tr>
</tbody>
</table></div>
</div>
</div>
</div>
</div>
<script>
var statusGroup = {
parentCount: 5,
passParent: 5,
failParent: 7,
warningParent: 0,
skipParent: 0,
childCount: 5,
passChild: 52,
failChild: 39,
warningChild: 0,
skipChild: 0,
infoChild: 0,
grandChildCount: 5,
passGrandChild: 210,
failGrandChild: 39,
warningGrandChild: 0,
skipGrandChild: 32,
infoGrandChild: 0,
eventsCount: 5,
};
</script>        </div>
      </div>
    </div>
  </div>
<script src="https://cdn.jsdelivr.net/gh/extent-framework/extent-github-cdn@d6562a79075e061305ccfdb82f01e5e195e2d307/spark/js/spark-script.js"></script>
<script type="text/javascript"></script></body>
</html>